2019-04-09 06:02 - MyLogger.app - INFO - File received
2019-04-09 06:02 - MyLogger.app - INFO - Time checking quota: 0.0120
2019-04-09 06:02 - MyLogger.app - INFO - ImmutableMultiDict([('username', 'vectominist'), ('uuid', '10238499')])
2019-04-09 06:02 - MyLogger.app - INFO - Time reading byte stream: 0.01661
2019-04-09 06:02 - MyLogger.app - INFO - Time transfering to file obj: 3.338e-06
2019-04-09 06:02 - MyLogger.app - INFO - ============================================
2019-04-09 06:02 - MyLogger.app - INFO - Try opening tar file
2019-04-09 06:02 - MyLogger.app - INFO - Try Extracting file
2019-04-09 06:02 - MyLogger.app - INFO - Cleaning up redundant files
2019-04-09 06:02 - MyLogger.app - INFO - Loading into api...
2019-04-09 06:02 - MyLogger.app - INFO - Done!
2019-04-09 06:02 - MyLogger.app - INFO - Deleting tmp-4f7c19171695 folder
2019-04-09 06:02 - MyLogger.app - INFO - ============================================
2019-04-09 06:10 - MyLogger.app - INFO - File received
2019-04-09 06:10 - MyLogger.app - INFO - Time checking quota: 0.0096
2019-04-09 06:10 - MyLogger.app - INFO - ImmutableMultiDict([('username', 'fanoping'), ('uuid', '31955056')])
2019-04-09 06:10 - MyLogger.app - INFO - Time reading byte stream: 0.0212
2019-04-09 06:10 - MyLogger.app - INFO - Time transfering to file obj: 2.623e-06
2019-04-09 06:10 - MyLogger.app - INFO - ============================================
2019-04-09 06:10 - MyLogger.app - INFO - Try opening tar file
2019-04-09 06:10 - MyLogger.app - INFO - Try Extracting file
2019-04-09 06:10 - MyLogger.app - INFO - Cleaning up redundant files
2019-04-09 06:10 - MyLogger.app - INFO - Loading into api...
2019-04-09 06:10 - MyLogger.app - INFO - Done!
2019-04-09 06:10 - MyLogger.app - INFO - Deleting tmp-4f7c19171695 folder
2019-04-09 06:10 - MyLogger.app - INFO - ============================================
2019-04-09 06:19 - MyLogger.app - INFO - File received
2019-04-09 06:19 - MyLogger.app - INFO - Time checking quota: 0.0090
2019-04-09 06:19 - MyLogger.app - INFO - ImmutableMultiDict([('username', 'vectominist'), ('uuid', '10238499')])
2019-04-09 06:19 - MyLogger.app - INFO - Time reading byte stream: 0.01702
2019-04-09 06:19 - MyLogger.app - INFO - Time transfering to file obj: 2.384e-06
2019-04-09 06:19 - MyLogger.app - INFO - ============================================
2019-04-09 06:19 - MyLogger.app - INFO - Try opening tar file
2019-04-09 06:19 - MyLogger.app - INFO - Try Extracting file
2019-04-09 06:19 - MyLogger.app - INFO - Cleaning up redundant files
2019-04-09 06:19 - MyLogger.app - INFO - Loading into api...
2019-04-09 06:19 - MyLogger.app - INFO - Done!
2019-04-09 06:19 - MyLogger.app - INFO - Deleting tmp-4f7c19171695 folder
2019-04-09 06:19 - MyLogger.app - INFO - ============================================
2019-04-09 07:53 - MyLogger.app - INFO - File received
2019-04-09 07:53 - MyLogger.app - INFO - Time checking quota: 0.0088
2019-04-09 07:53 - MyLogger.app - INFO - ImmutableMultiDict([('username', 'hyes92121'), ('uuid', '19795349')])
2019-04-09 07:53 - MyLogger.app - INFO - Time reading byte stream: 0.01503
2019-04-09 07:53 - MyLogger.app - INFO - Time transfering to file obj: 2.384e-06
2019-04-09 07:53 - MyLogger.app - INFO - ============================================
2019-04-09 07:53 - MyLogger.app - INFO - Try opening tar file
2019-04-09 07:53 - MyLogger.app - INFO - Error: FileFormatError
