2019-04-09 06:05 - MyLogger.app - INFO - File received
2019-04-09 06:05 - MyLogger.app - INFO - Time checking quota: 0.0119
2019-04-09 06:05 - MyLogger.app - INFO - ImmutableMultiDict([('username', 'fanoping'), ('uuid', '31955056')])
2019-04-09 06:05 - MyLogger.app - INFO - Time reading byte stream: 0.01115
2019-04-09 06:05 - MyLogger.app - INFO - Time transfering to file obj: 3.099e-06
2019-04-09 06:05 - MyLogger.app - INFO - ============================================
2019-04-09 06:05 - MyLogger.app - INFO - Try opening tar file
2019-04-09 06:05 - MyLogger.app - INFO - Try Extracting file
2019-04-09 06:05 - MyLogger.app - INFO - Cleaning up redundant files
2019-04-09 06:05 - MyLogger.app - INFO - Loading into api...
2019-04-09 06:05 - MyLogger.app - INFO - Done!
2019-04-09 06:05 - MyLogger.app - INFO - Deleting tmp-9b19762b13f0 folder
2019-04-09 06:05 - MyLogger.app - INFO - ============================================
2019-04-09 06:11 - MyLogger.app - INFO - File received
2019-04-09 06:11 - MyLogger.app - INFO - Time checking quota: 0.0084
2019-04-09 06:11 - MyLogger.app - INFO - ImmutableMultiDict([('username', 'fanoping'), ('uuid', '31955056')])
2019-04-09 06:11 - MyLogger.app - INFO - Time reading byte stream: 0.01259
2019-04-09 06:11 - MyLogger.app - INFO - Time transfering to file obj: 2.623e-06
2019-04-09 06:11 - MyLogger.app - INFO - ============================================
2019-04-09 06:11 - MyLogger.app - INFO - Try opening tar file
2019-04-09 06:11 - MyLogger.app - INFO - Try Extracting file
2019-04-09 06:11 - MyLogger.app - INFO - Cleaning up redundant files
2019-04-09 06:11 - MyLogger.app - INFO - Loading into api...
2019-04-09 06:11 - MyLogger.app - INFO - Done!
2019-04-09 06:11 - MyLogger.app - INFO - Deleting tmp-9b19762b13f0 folder
2019-04-09 06:11 - MyLogger.app - INFO - ============================================
2019-04-09 06:30 - MyLogger.app - INFO - File received
2019-04-09 06:30 - MyLogger.app - INFO - Time checking quota: 0.0090
2019-04-09 06:30 - MyLogger.app - INFO - ImmutableMultiDict([('username', 'al7771998'), ('uuid', '47841102')])
2019-04-09 06:30 - MyLogger.app - INFO - Time reading byte stream: 0.0224
2019-04-09 06:30 - MyLogger.app - INFO - Time transfering to file obj: 3.815e-06
2019-04-09 06:30 - MyLogger.app - INFO - ============================================
2019-04-09 06:30 - MyLogger.app - INFO - Try opening tar file
2019-04-09 06:30 - MyLogger.app - INFO - Try Extracting file
2019-04-09 06:30 - MyLogger.app - INFO - Cleaning up redundant files
2019-04-09 06:30 - MyLogger.app - INFO - Loading into api...
2019-04-09 06:30 - MyLogger.app - INFO - Done!
2019-04-09 06:30 - MyLogger.app - INFO - Deleting tmp-9b19762b13f0 folder
2019-04-09 06:30 - MyLogger.app - INFO - ============================================
2019-04-09 08:02 - MyLogger.app - INFO - File received
2019-04-09 08:02 - MyLogger.app - INFO - Time checking quota: 0.0086
2019-04-09 08:02 - MyLogger.app - INFO - ImmutableMultiDict([('username', 'fanoping'), ('uuid', '31955056')])
2019-04-09 08:02 - MyLogger.app - INFO - Time reading byte stream: 0.0131
2019-04-09 08:02 - MyLogger.app - INFO - Time transfering to file obj: 2.146e-06
2019-04-09 08:02 - MyLogger.app - INFO - ============================================
2019-04-09 08:02 - MyLogger.app - INFO - Try opening tar file
2019-04-09 08:02 - MyLogger.app - INFO - Try Extracting file
2019-04-09 08:02 - MyLogger.app - INFO - Cleaning up redundant files
2019-04-09 08:02 - MyLogger.app - INFO - Loading into api...
2019-04-09 08:02 - MyLogger.app - INFO - Done!
2019-04-09 08:02 - MyLogger.app - INFO - Deleting tmp-9b19762b13f0 folder
2019-04-09 08:02 - MyLogger.app - INFO - ============================================
