2019-04-09 06:06 - MyLogger.app - INFO - File received
2019-04-09 06:06 - MyLogger.app - INFO - Time checking quota: 0.0189
2019-04-09 06:06 - MyLogger.app - INFO - ImmutableMultiDict([('username', 'fanoping'), ('uuid', '31955056')])
2019-04-09 06:06 - MyLogger.app - INFO - Time reading byte stream: 0.006739
2019-04-09 06:06 - MyLogger.app - INFO - Time transfering to file obj: 2.861e-06
2019-04-09 06:06 - MyLogger.app - INFO - ============================================
2019-04-09 06:06 - MyLogger.app - INFO - Try opening tar file
2019-04-09 06:06 - MyLogger.app - INFO - Try Extracting file
2019-04-09 06:06 - MyLogger.app - INFO - Cleaning up redundant files
2019-04-09 06:06 - MyLogger.app - INFO - Loading into api...
2019-04-09 06:06 - MyLogger.app - INFO - Done!
2019-04-09 06:06 - MyLogger.app - INFO - Deleting tmp-a77b9755cd04 folder
2019-04-09 06:06 - MyLogger.app - INFO - ============================================
2019-04-09 06:12 - MyLogger.app - INFO - File received
2019-04-09 06:12 - MyLogger.app - INFO - Time checking quota: 0.0087
2019-04-09 06:12 - MyLogger.app - INFO - ImmutableMultiDict([('username', 'fanoping'), ('uuid', '31955056')])
2019-04-09 06:12 - MyLogger.app - INFO - Time reading byte stream: 0.01643
2019-04-09 06:12 - MyLogger.app - INFO - Time transfering to file obj: 2.623e-06
2019-04-09 06:12 - MyLogger.app - INFO - ============================================
2019-04-09 06:12 - MyLogger.app - INFO - Try opening tar file
2019-04-09 06:12 - MyLogger.app - INFO - Try Extracting file
2019-04-09 06:12 - MyLogger.app - INFO - Cleaning up redundant files
2019-04-09 06:12 - MyLogger.app - INFO - Loading into api...
2019-04-09 06:12 - MyLogger.app - INFO - Done!
2019-04-09 06:12 - MyLogger.app - INFO - Deleting tmp-a77b9755cd04 folder
2019-04-09 06:12 - MyLogger.app - INFO - ============================================
2019-04-09 07:09 - MyLogger.app - INFO - File received
2019-04-09 07:09 - MyLogger.app - INFO - Time checking quota: 0.0090
2019-04-09 07:09 - MyLogger.app - INFO - ImmutableMultiDict([('username', 'al7771998'), ('uuid', '47841102')])
2019-04-09 07:09 - MyLogger.app - INFO - Time reading byte stream: 0.0189
2019-04-09 07:09 - MyLogger.app - INFO - Time transfering to file obj: 2.623e-06
2019-04-09 07:09 - MyLogger.app - INFO - ============================================
2019-04-09 07:09 - MyLogger.app - INFO - Try opening tar file
2019-04-09 07:09 - MyLogger.app - INFO - Try Extracting file
2019-04-09 07:09 - MyLogger.app - INFO - Cleaning up redundant files
2019-04-09 07:09 - MyLogger.app - INFO - Loading into api...
2019-04-09 07:09 - MyLogger.app - INFO - Done!
2019-04-09 07:09 - MyLogger.app - INFO - Deleting tmp-a77b9755cd04 folder
2019-04-09 07:09 - MyLogger.app - INFO - ============================================
