2019-04-09 06:06 - MyLogger.app - INFO - File received
2019-04-09 06:06 - MyLogger.app - INFO - Time checking quota: 0.0162
2019-04-09 06:06 - MyLogger.app - INFO - ImmutableMultiDict([('username', 'fanoping'), ('uuid', '31955056')])
2019-04-09 06:06 - MyLogger.app - INFO - Time reading byte stream: 0.008136
2019-04-09 06:06 - MyLogger.app - INFO - Time transfering to file obj: 2.623e-06
2019-04-09 06:06 - MyLogger.app - INFO - ============================================
2019-04-09 06:06 - MyLogger.app - INFO - Try opening tar file
2019-04-09 06:06 - MyLogger.app - INFO - Try Extracting file
2019-04-09 06:06 - MyLogger.app - INFO - Cleaning up redundant files
2019-04-09 06:06 - MyLogger.app - INFO - Loading into api...
2019-04-09 06:06 - MyLogger.app - INFO - Done!
2019-04-09 06:06 - MyLogger.app - INFO - Deleting tmp-cf15faf9e2d0 folder
2019-04-09 06:06 - MyLogger.app - INFO - ============================================
2019-04-09 06:11 - MyLogger.app - INFO - File received
2019-04-09 06:11 - MyLogger.app - INFO - Time checking quota: 0.0107
2019-04-09 06:11 - MyLogger.app - INFO - ImmutableMultiDict([('username', 'fanoping'), ('uuid', '31955056')])
2019-04-09 06:11 - MyLogger.app - INFO - Time reading byte stream: 0.01689
2019-04-09 06:11 - MyLogger.app - INFO - Time transfering to file obj: 2.384e-06
2019-04-09 06:11 - MyLogger.app - INFO - ============================================
2019-04-09 06:11 - MyLogger.app - INFO - Try opening tar file
2019-04-09 06:11 - MyLogger.app - INFO - Try Extracting file
2019-04-09 06:11 - MyLogger.app - INFO - Cleaning up redundant files
2019-04-09 06:11 - MyLogger.app - INFO - Loading into api...
2019-04-09 06:11 - MyLogger.app - INFO - Done!
2019-04-09 06:11 - MyLogger.app - INFO - Deleting tmp-cf15faf9e2d0 folder
2019-04-09 06:11 - MyLogger.app - INFO - ============================================
2019-04-09 06:43 - MyLogger.app - INFO - File received
2019-04-09 06:43 - MyLogger.app - INFO - Time checking quota: 0.0109
2019-04-09 06:43 - MyLogger.app - INFO - ImmutableMultiDict([('username', 'vectominist'), ('uuid', '10238499')])
2019-04-09 06:43 - MyLogger.app - INFO - Time reading byte stream: 0.02038
2019-04-09 06:43 - MyLogger.app - INFO - Time transfering to file obj: 2.861e-06
2019-04-09 06:43 - MyLogger.app - INFO - ============================================
2019-04-09 06:43 - MyLogger.app - INFO - Try opening tar file
2019-04-09 06:43 - MyLogger.app - INFO - Try Extracting file
2019-04-09 06:43 - MyLogger.app - INFO - Cleaning up redundant files
2019-04-09 06:43 - MyLogger.app - INFO - Loading into api...
2019-04-09 06:43 - MyLogger.app - INFO - Done!
2019-04-09 06:43 - MyLogger.app - INFO - Deleting tmp-cf15faf9e2d0 folder
2019-04-09 06:43 - MyLogger.app - INFO - ============================================
