2019-04-09 06:07 - MyLogger.app - INFO - File received
2019-04-09 06:07 - MyLogger.app - INFO - Time checking quota: 0.0115
2019-04-09 06:07 - MyLogger.app - INFO - ImmutableMultiDict([('username', 'fanoping'), ('uuid', '31955056')])
2019-04-09 06:07 - MyLogger.app - INFO - Time reading byte stream: 0.01026
2019-04-09 06:07 - MyLogger.app - INFO - Time transfering to file obj: 3.338e-06
2019-04-09 06:07 - MyLogger.app - INFO - ============================================
2019-04-09 06:07 - MyLogger.app - INFO - Try opening tar file
2019-04-09 06:07 - MyLogger.app - INFO - Try Extracting file
2019-04-09 06:07 - MyLogger.app - INFO - Cleaning up redundant files
2019-04-09 06:07 - MyLogger.app - INFO - Loading into api...
2019-04-09 06:07 - MyLogger.app - INFO - Done!
2019-04-09 06:07 - MyLogger.app - INFO - Deleting tmp-d038430104dc folder
2019-04-09 06:07 - MyLogger.app - INFO - ============================================
2019-04-09 06:12 - MyLogger.app - INFO - File received
2019-04-09 06:12 - MyLogger.app - INFO - Time checking quota: 0.0088
2019-04-09 06:12 - MyLogger.app - INFO - ImmutableMultiDict([('username', 'hyes92121'), ('uuid', '19795349')])
2019-04-09 06:12 - MyLogger.app - INFO - Time reading byte stream: 0.01842
2019-04-09 06:12 - MyLogger.app - INFO - Time transfering to file obj: 4.53e-06
2019-04-09 06:12 - MyLogger.app - INFO - ============================================
2019-04-09 06:12 - MyLogger.app - INFO - Try opening tar file
2019-04-09 06:12 - MyLogger.app - INFO - Try Extracting file
2019-04-09 06:12 - MyLogger.app - INFO - Cleaning up redundant files
2019-04-09 06:12 - MyLogger.app - INFO - Loading into api...
2019-04-09 06:12 - MyLogger.app - INFO - Done!
2019-04-09 06:12 - MyLogger.app - INFO - Deleting tmp-d038430104dc folder
2019-04-09 06:12 - MyLogger.app - INFO - ============================================
2019-04-09 07:14 - MyLogger.app - INFO - File received
2019-04-09 07:14 - MyLogger.app - INFO - Time checking quota: 0.0113
2019-04-09 07:14 - MyLogger.app - INFO - ImmutableMultiDict([('username', 'linkingmon'), ('uuid', '35398306')])
2019-04-09 07:14 - MyLogger.app - INFO - Time reading byte stream: 0.0198
2019-04-09 07:14 - MyLogger.app - INFO - Time transfering to file obj: 3.099e-06
2019-04-09 07:14 - MyLogger.app - INFO - ============================================
2019-04-09 07:14 - MyLogger.app - INFO - Try opening tar file
2019-04-09 07:14 - MyLogger.app - INFO - Try Extracting file
2019-04-09 07:14 - MyLogger.app - INFO - Cleaning up redundant files
2019-04-09 07:14 - MyLogger.app - INFO - Loading into api...
2019-04-09 07:14 - MyLogger.app - INFO - Done!
2019-04-09 07:14 - MyLogger.app - INFO - Deleting tmp-d038430104dc folder
2019-04-09 07:14 - MyLogger.app - INFO - ============================================
