2019-04-09 06:03 - MyLogger.app - INFO - File received
2019-04-09 06:03 - MyLogger.app - INFO - Time checking quota: 0.0131
2019-04-09 06:03 - MyLogger.app - INFO - ImmutableMultiDict([('username', 'fanoping'), ('uuid', '31955056')])
2019-04-09 06:03 - MyLogger.app - INFO - Time reading byte stream: 0.006303
2019-04-09 06:03 - MyLogger.app - INFO - Time transfering to file obj: 2.623e-06
2019-04-09 06:03 - MyLogger.app - INFO - ============================================
2019-04-09 06:03 - MyLogger.app - INFO - Try opening tar file
2019-04-09 06:03 - MyLogger.app - INFO - Try Extracting file
2019-04-09 06:03 - MyLogger.app - INFO - Cleaning up redundant files
2019-04-09 06:03 - MyLogger.app - INFO - Loading into api...
2019-04-09 06:03 - MyLogger.app - INFO - Done!
2019-04-09 06:03 - MyLogger.app - INFO - Deleting tmp-ee1565e17b64 folder
2019-04-09 06:03 - MyLogger.app - INFO - ============================================
2019-04-09 06:11 - MyLogger.app - INFO - File received
2019-04-09 06:11 - MyLogger.app - INFO - Time checking quota: 0.0087
2019-04-09 06:11 - MyLogger.app - INFO - ImmutableMultiDict([('username', 'fanoping'), ('uuid', '31955056')])
2019-04-09 06:11 - MyLogger.app - INFO - Time reading byte stream: 0.01301
2019-04-09 06:11 - MyLogger.app - INFO - Time transfering to file obj: 1.907e-06
2019-04-09 06:11 - MyLogger.app - INFO - ============================================
2019-04-09 06:11 - MyLogger.app - INFO - Try opening tar file
2019-04-09 06:11 - MyLogger.app - INFO - Try Extracting file
2019-04-09 06:11 - MyLogger.app - INFO - Cleaning up redundant files
2019-04-09 06:11 - MyLogger.app - INFO - Loading into api...
2019-04-09 06:11 - MyLogger.app - INFO - Done!
2019-04-09 06:11 - MyLogger.app - INFO - Deleting tmp-ee1565e17b64 folder
2019-04-09 06:11 - MyLogger.app - INFO - ============================================
2019-04-09 06:26 - MyLogger.app - INFO - File received
2019-04-09 06:26 - MyLogger.app - INFO - Time checking quota: 0.0086
2019-04-09 06:26 - MyLogger.app - INFO - ImmutableMultiDict([('username', 'nba556677go'), ('uuid', '34400917')])
2019-04-09 06:26 - MyLogger.app - INFO - Time reading byte stream: 0.01712
2019-04-09 06:26 - MyLogger.app - INFO - Time transfering to file obj: 3.338e-06
2019-04-09 06:26 - MyLogger.app - INFO - ============================================
2019-04-09 06:26 - MyLogger.app - INFO - Try opening tar file
2019-04-09 06:26 - MyLogger.app - INFO - Try Extracting file
2019-04-09 06:26 - MyLogger.app - INFO - Cleaning up redundant files
2019-04-09 06:26 - MyLogger.app - INFO - Loading into api...
2019-04-09 06:26 - MyLogger.app - INFO - Done!
2019-04-09 06:26 - MyLogger.app - INFO - Deleting tmp-ee1565e17b64 folder
2019-04-09 06:26 - MyLogger.app - INFO - ============================================
2019-04-09 07:59 - MyLogger.app - INFO - File received
2019-04-09 07:59 - MyLogger.app - INFO - Time checking quota: 0.0106
2019-04-09 07:59 - MyLogger.app - INFO - ImmutableMultiDict([('username', 'hyes92121'), ('uuid', '19795349')])
2019-04-09 07:59 - MyLogger.app - INFO - Time reading byte stream: 0.02152
2019-04-09 07:59 - MyLogger.app - INFO - Time transfering to file obj: 2.623e-06
2019-04-09 07:59 - MyLogger.app - INFO - ============================================
2019-04-09 07:59 - MyLogger.app - INFO - Try opening tar file
2019-04-09 07:59 - MyLogger.app - INFO - Error: FileFormatError
