2019-04-09 08:23 - MyLogger.app - INFO - File received
2019-04-09 08:23 - MyLogger.app - INFO - Time checking quota: 0.0114
2019-04-09 08:23 - MyLogger.app - INFO - ImmutableMultiDict([('username', 'hyes92121'), ('uuid', '19795349')])
2019-04-09 08:23 - MyLogger.app - INFO - Time reading byte stream: 0.03797
2019-04-09 08:23 - MyLogger.app - INFO - Time transfering to file obj: 3.576e-06
2019-04-09 08:23 - MyLogger.app - INFO - ============================================
2019-04-09 08:23 - MyLogger.app - INFO - Try opening tar file
2019-04-09 08:23 - MyLogger.app - INFO - Try Extracting file
2019-04-09 08:23 - MyLogger.app - INFO - Cleaning up redundant files
2019-04-09 08:23 - MyLogger.app - INFO - Loading into api...
2019-04-09 08:23 - MyLogger.app - INFO - ----------
2019-04-09 08:23 - MyLogger.app - INFO - The size of tensor a (4) must match the size of tensor b (3) at non-singleton dimension 0
2019-04-09 08:23 - MyLogger.app - INFO - ----------
2019-04-09 08:23 - MyLogger.app - INFO - Closing tarfile...
2019-04-09 08:23 - MyLogger.app - INFO - Deleting tmp-0907c97a62a6 folder
2019-04-09 08:23 - MyLogger.app - INFO - ==========================================
2019-04-09 08:29 - MyLogger.app - INFO - File received
2019-04-09 08:29 - MyLogger.app - INFO - Time checking quota: 0.0096
2019-04-09 08:29 - MyLogger.app - INFO - ImmutableMultiDict([('username', 'hyes92121'), ('uuid', '19795349')])
2019-04-09 08:29 - MyLogger.app - INFO - Time reading byte stream: 0.0261
2019-04-09 08:29 - MyLogger.app - INFO - Time transfering to file obj: 1.407e-05
2019-04-09 08:29 - MyLogger.app - INFO - ============================================
2019-04-09 08:29 - MyLogger.app - INFO - Try opening tar file
2019-04-09 08:29 - MyLogger.app - INFO - Try Extracting file
2019-04-09 08:29 - MyLogger.app - INFO - Cleaning up redundant files
2019-04-09 08:29 - MyLogger.app - INFO - Loading into api...
2019-04-09 08:29 - MyLogger.app - INFO - ----------
2019-04-09 08:29 - MyLogger.app - INFO - could not broadcast input array from shape (224,224,4) into shape (224,224)
2019-04-09 08:29 - MyLogger.app - INFO - ----------
2019-04-09 08:29 - MyLogger.app - INFO - Closing tarfile...
2019-04-09 08:29 - MyLogger.app - INFO - Deleting tmp-0907c97a62a6 folder
2019-04-09 08:29 - MyLogger.app - INFO - ==========================================
2019-04-09 08:49 - MyLogger.app - INFO - File received
2019-04-09 08:49 - MyLogger.app - INFO - Time checking quota: 0.0101
2019-04-09 08:49 - MyLogger.app - INFO - ImmutableMultiDict([('username', 'hyes92121'), ('uuid', '19795349')])
2019-04-09 08:49 - MyLogger.app - INFO - Time reading byte stream: 0.02179
2019-04-09 08:49 - MyLogger.app - INFO - Time transfering to file obj: 3.815e-06
2019-04-09 08:49 - MyLogger.app - INFO - ============================================
2019-04-09 08:49 - MyLogger.app - INFO - Try opening tar file
2019-04-09 08:49 - MyLogger.app - INFO - Try Extracting file
2019-04-09 08:49 - MyLogger.app - INFO - Cleaning up redundant files
2019-04-09 08:49 - MyLogger.app - INFO - Loading into api...
2019-04-09 08:49 - MyLogger.app - INFO - ----------
2019-04-09 08:49 - MyLogger.app - INFO - could not broadcast input array from shape (224,224,4) into shape (224,224)
2019-04-09 08:49 - MyLogger.app - INFO - ----------
2019-04-09 08:49 - MyLogger.app - INFO - Closing tarfile...
2019-04-09 08:49 - MyLogger.app - INFO - Deleting tmp-0907c97a62a6 folder
2019-04-09 08:49 - MyLogger.app - INFO - ==========================================
