2019-04-09 08:19 - MyLogger.app - INFO - File received
2019-04-09 08:19 - MyLogger.app - INFO - Time checking quota: 0.0112
2019-04-09 08:19 - MyLogger.app - INFO - ImmutableMultiDict([('username', 'mhsuab'), ('uuid', '31919014')])
2019-04-09 08:19 - MyLogger.app - INFO - Time reading byte stream: 0.009011
2019-04-09 08:19 - MyLogger.app - INFO - Time transfering to file obj: 1.907e-06
2019-04-09 08:19 - MyLogger.app - INFO - ============================================
2019-04-09 08:19 - MyLogger.app - INFO - Try opening tar file
2019-04-09 08:19 - MyLogger.app - INFO - Try Extracting file
2019-04-09 08:19 - MyLogger.app - INFO - Cleaning up redundant files
2019-04-09 08:19 - MyLogger.app - INFO - Loading into api...
2019-04-09 08:19 - MyLogger.app - INFO - Done!
2019-04-09 08:19 - MyLogger.app - INFO - Deleting tmp-28e387d0d3d0 folder
2019-04-09 08:19 - MyLogger.app - INFO - ==========================================
2019-04-09 08:24 - MyLogger.app - INFO - File received
2019-04-09 08:24 - MyLogger.app - INFO - Time checking quota: 0.0091
2019-04-09 08:24 - MyLogger.app - INFO - ImmutableMultiDict([('username', 'hyes92121'), ('uuid', '19795349')])
2019-04-09 08:24 - MyLogger.app - INFO - Time reading byte stream: 0.01821
2019-04-09 08:24 - MyLogger.app - INFO - Time transfering to file obj: 2.623e-06
2019-04-09 08:24 - MyLogger.app - INFO - ============================================
2019-04-09 08:24 - MyLogger.app - INFO - Try opening tar file
2019-04-09 08:24 - MyLogger.app - INFO - Try Extracting file
2019-04-09 08:24 - MyLogger.app - INFO - Cleaning up redundant files
2019-04-09 08:24 - MyLogger.app - INFO - Loading into api...
2019-04-09 08:24 - MyLogger.app - INFO - Done!
2019-04-09 08:24 - MyLogger.app - INFO - Deleting tmp-28e387d0d3d0 folder
2019-04-09 08:24 - MyLogger.app - INFO - ==========================================
2019-04-09 08:38 - MyLogger.app - INFO - File received
2019-04-09 08:38 - MyLogger.app - INFO - Time checking quota: 0.0086
2019-04-09 08:38 - MyLogger.app - INFO - ImmutableMultiDict([('username', 'linkingmon'), ('uuid', '35398306')])
2019-04-09 08:38 - MyLogger.app - INFO - Time reading byte stream: 0.01445
2019-04-09 08:38 - MyLogger.app - INFO - Time transfering to file obj: 2.146e-06
2019-04-09 08:38 - MyLogger.app - INFO - ============================================
2019-04-09 08:38 - MyLogger.app - INFO - Try opening tar file
2019-04-09 08:38 - MyLogger.app - INFO - Try Extracting file
2019-04-09 08:38 - MyLogger.app - INFO - Cleaning up redundant files
2019-04-09 08:38 - MyLogger.app - INFO - Loading into api...
2019-04-09 08:38 - MyLogger.app - INFO - Done!
2019-04-09 08:38 - MyLogger.app - INFO - Deleting tmp-28e387d0d3d0 folder
2019-04-09 08:38 - MyLogger.app - INFO - ==========================================
