2019-04-09 08:18 - MyLogger.app - INFO - File received
2019-04-09 08:18 - MyLogger.app - INFO - Time checking quota: 0.0100
2019-04-09 08:18 - MyLogger.app - INFO - ImmutableMultiDict([('username', 'hyes92121'), ('uuid', '19795349')])
2019-04-09 08:18 - MyLogger.app - INFO - Time reading byte stream: 0.008617
2019-04-09 08:18 - MyLogger.app - INFO - Time transfering to file obj: 1.383e-05
2019-04-09 08:18 - MyLogger.app - INFO - ============================================
2019-04-09 08:18 - MyLogger.app - INFO - Try opening tar file
2019-04-09 08:18 - MyLogger.app - INFO - Try Extracting file
2019-04-09 08:18 - MyLogger.app - INFO - Cleaning up redundant files
2019-04-09 08:18 - MyLogger.app - INFO - Loading into api...
2019-04-09 08:18 - MyLogger.app - INFO - Done!
2019-04-09 08:18 - MyLogger.app - INFO - Deleting tmp-9cd14b4abc7d folder
2019-04-09 08:18 - MyLogger.app - INFO - ==========================================
2019-04-09 08:24 - MyLogger.app - INFO - File received
2019-04-09 08:24 - MyLogger.app - INFO - Time checking quota: 0.0078
2019-04-09 08:24 - MyLogger.app - INFO - ImmutableMultiDict([('username', 'hyes92121'), ('uuid', '19795349')])
2019-04-09 08:24 - MyLogger.app - INFO - Time reading byte stream: 0.01494
2019-04-09 08:24 - MyLogger.app - INFO - Time transfering to file obj: 2.861e-06
2019-04-09 08:24 - MyLogger.app - INFO - ============================================
2019-04-09 08:24 - MyLogger.app - INFO - Try opening tar file
2019-04-09 08:24 - MyLogger.app - INFO - Try Extracting file
2019-04-09 08:24 - MyLogger.app - INFO - Cleaning up redundant files
2019-04-09 08:24 - MyLogger.app - INFO - Loading into api...
2019-04-09 08:24 - MyLogger.app - INFO - ----------
2019-04-09 08:24 - MyLogger.app - INFO - The size of tensor a (4) must match the size of tensor b (3) at non-singleton dimension 0
2019-04-09 08:24 - MyLogger.app - INFO - ----------
2019-04-09 08:24 - MyLogger.app - INFO - Closing tarfile...
2019-04-09 08:24 - MyLogger.app - INFO - Deleting tmp-9cd14b4abc7d folder
2019-04-09 08:24 - MyLogger.app - INFO - ==========================================
2019-04-09 08:31 - MyLogger.app - INFO - File received
2019-04-09 08:31 - MyLogger.app - INFO - Time checking quota: 0.0088
2019-04-09 08:31 - MyLogger.app - INFO - ImmutableMultiDict([('username', 'hyes92121'), ('uuid', '19795349')])
2019-04-09 08:31 - MyLogger.app - INFO - Time reading byte stream: 0.01141
2019-04-09 08:31 - MyLogger.app - INFO - Time transfering to file obj: 2.384e-06
2019-04-09 08:31 - MyLogger.app - INFO - ============================================
2019-04-09 08:31 - MyLogger.app - INFO - Try opening tar file
2019-04-09 08:31 - MyLogger.app - INFO - Try Extracting file
2019-04-09 08:31 - MyLogger.app - INFO - Cleaning up redundant files
2019-04-09 08:31 - MyLogger.app - INFO - Loading into api...
2019-04-09 08:31 - MyLogger.app - INFO - ----------
2019-04-09 08:31 - MyLogger.app - INFO - could not broadcast input array from shape (224,224,4) into shape (224,224)
2019-04-09 08:31 - MyLogger.app - INFO - ----------
2019-04-09 08:31 - MyLogger.app - INFO - Closing tarfile...
2019-04-09 08:31 - MyLogger.app - INFO - Deleting tmp-9cd14b4abc7d folder
2019-04-09 08:31 - MyLogger.app - INFO - ==========================================
