2019-04-09 08:20 - MyLogger.app - INFO - File received
2019-04-09 08:20 - MyLogger.app - INFO - Time checking quota: 0.0099
2019-04-09 08:20 - MyLogger.app - INFO - ImmutableMultiDict([('username', 'hyes92121'), ('uuid', '19795349')])
2019-04-09 08:20 - MyLogger.app - INFO - Time reading byte stream: 0.01021
2019-04-09 08:20 - MyLogger.app - INFO - Time transfering to file obj: 3.338e-06
2019-04-09 08:20 - MyLogger.app - INFO - ============================================
2019-04-09 08:20 - MyLogger.app - INFO - Try opening tar file
2019-04-09 08:20 - MyLogger.app - INFO - Try Extracting file
2019-04-09 08:20 - MyLogger.app - INFO - Cleaning up redundant files
2019-04-09 08:20 - MyLogger.app - INFO - Loading into api...
2019-04-09 08:20 - MyLogger.app - INFO - ----------
2019-04-09 08:20 - MyLogger.app - INFO - The size of tensor a (4) must match the size of tensor b (3) at non-singleton dimension 0
2019-04-09 08:20 - MyLogger.app - INFO - ----------
2019-04-09 08:20 - MyLogger.app - INFO - Closing tarfile...
2019-04-09 08:20 - MyLogger.app - INFO - Deleting tmp-a3482d5266a0 folder
2019-04-09 08:20 - MyLogger.app - INFO - ==========================================
2019-04-09 08:27 - MyLogger.app - INFO - File received
2019-04-09 08:27 - MyLogger.app - INFO - Time checking quota: 0.0072
2019-04-09 08:27 - MyLogger.app - INFO - ImmutableMultiDict([('username', 'hyes92121'), ('uuid', '19795349')])
2019-04-09 08:27 - MyLogger.app - INFO - Time reading byte stream: 0.0191
2019-04-09 08:27 - MyLogger.app - INFO - Time transfering to file obj: 2.623e-06
2019-04-09 08:27 - MyLogger.app - INFO - ============================================
2019-04-09 08:27 - MyLogger.app - INFO - Try opening tar file
2019-04-09 08:27 - MyLogger.app - INFO - Try Extracting file
2019-04-09 08:27 - MyLogger.app - INFO - Cleaning up redundant files
2019-04-09 08:27 - MyLogger.app - INFO - Loading into api...
2019-04-09 08:27 - MyLogger.app - INFO - ----------
2019-04-09 08:27 - MyLogger.app - INFO - could not broadcast input array from shape (224,224,4) into shape (224,224)
2019-04-09 08:27 - MyLogger.app - INFO - ----------
2019-04-09 08:27 - MyLogger.app - INFO - Closing tarfile...
2019-04-09 08:27 - MyLogger.app - INFO - Deleting tmp-a3482d5266a0 folder
2019-04-09 08:27 - MyLogger.app - INFO - ==========================================
2019-04-09 08:43 - MyLogger.app - INFO - File received
2019-04-09 08:43 - MyLogger.app - INFO - Time checking quota: 0.0105
2019-04-09 08:43 - MyLogger.app - INFO - ImmutableMultiDict([('username', 'hyes92121'), ('uuid', '19795349')])
2019-04-09 08:43 - MyLogger.app - INFO - Time reading byte stream: 0.01753
2019-04-09 08:43 - MyLogger.app - INFO - Time transfering to file obj: 2.861e-06
2019-04-09 08:43 - MyLogger.app - INFO - ============================================
2019-04-09 08:43 - MyLogger.app - INFO - Try opening tar file
2019-04-09 08:43 - MyLogger.app - INFO - Try Extracting file
2019-04-09 08:43 - MyLogger.app - INFO - Cleaning up redundant files
2019-04-09 08:43 - MyLogger.app - INFO - Loading into api...
2019-04-09 08:43 - MyLogger.app - INFO - ----------
2019-04-09 08:43 - MyLogger.app - INFO - could not broadcast input array from shape (224,224,4) into shape (224,224)
2019-04-09 08:43 - MyLogger.app - INFO - ----------
2019-04-09 08:43 - MyLogger.app - INFO - Closing tarfile...
2019-04-09 08:43 - MyLogger.app - INFO - Deleting tmp-a3482d5266a0 folder
2019-04-09 08:43 - MyLogger.app - INFO - ==========================================
