2019-04-08 15:22 - MyLogger.app - INFO - File received
2019-04-08 15:22 - MyLogger.app - INFO - Time checking quota: 0.0147
2019-04-08 15:22 - MyLogger.app - INFO - ImmutableMultiDict([('username', 'hewumars'), ('uuid', '7970022')])
2019-04-08 15:22 - MyLogger.app - INFO - Time reading byte stream: 0.02683
2019-04-08 15:22 - MyLogger.app - INFO - Time transfering to file obj: 2.623e-06
2019-04-08 15:22 - MyLogger.app - INFO - ============================================
2019-04-08 15:22 - MyLogger.app - INFO - Try opening tar file
2019-04-08 15:22 - MyLogger.app - INFO - Try Extracting file
2019-04-08 15:22 - MyLogger.app - INFO - Cleaning up redundant files
2019-04-08 15:22 - MyLogger.app - INFO - Loading into api...
2019-04-08 15:22 - MyLogger.app - INFO - Done!
2019-04-08 15:22 - MyLogger.app - INFO - Deleting tmp-77a296ff0098 folder
2019-04-08 15:22 - MyLogger.app - INFO - ============================================
2019-04-08 16:04 - MyLogger.app - INFO - File received
2019-04-08 16:04 - MyLogger.app - INFO - Time checking quota: 0.0097
2019-04-08 16:04 - MyLogger.app - INFO - ImmutableMultiDict([('username', 'dawkinszheng2'), ('uuid', '47825850')])
2019-04-08 16:04 - MyLogger.app - INFO - Time reading byte stream: 0.01191
2019-04-08 16:04 - MyLogger.app - INFO - Time transfering to file obj: 3.815e-06
2019-04-08 16:04 - MyLogger.app - INFO - ============================================
2019-04-08 16:04 - MyLogger.app - INFO - Try opening tar file
2019-04-08 16:04 - MyLogger.app - INFO - Try Extracting file
2019-04-08 16:04 - MyLogger.app - INFO - Cleaning up redundant files
2019-04-08 16:04 - MyLogger.app - INFO - Loading into api...
2019-04-08 16:04 - MyLogger.app - INFO - Done!
2019-04-08 16:04 - MyLogger.app - INFO - Deleting tmp-77a296ff0098 folder
2019-04-08 16:04 - MyLogger.app - INFO - ============================================
2019-04-08 16:43 - MyLogger.app - INFO - File received
2019-04-08 16:43 - MyLogger.app - INFO - Time checking quota: 0.0067
2019-04-08 16:43 - MyLogger.app - INFO - ImmutableMultiDict([('username', 'andyh0913'), ('uuid', '31588586')])
2019-04-08 16:43 - MyLogger.app - INFO - Time reading byte stream: 0.01559
2019-04-08 16:43 - MyLogger.app - INFO - Time transfering to file obj: 6.914e-06
2019-04-08 16:43 - MyLogger.app - INFO - ============================================
2019-04-08 16:43 - MyLogger.app - INFO - Try opening tar file
2019-04-08 16:43 - MyLogger.app - INFO - Try Extracting file
2019-04-08 16:43 - MyLogger.app - INFO - Cleaning up redundant files
2019-04-08 16:43 - MyLogger.app - INFO - Loading into api...
2019-04-08 16:43 - MyLogger.app - INFO - Done!
2019-04-08 16:43 - MyLogger.app - INFO - Deleting tmp-77a296ff0098 folder
2019-04-08 16:43 - MyLogger.app - INFO - ============================================
2019-04-08 17:15 - MyLogger.app - INFO - File received
2019-04-08 17:15 - MyLogger.app - INFO - Time checking quota: 0.0115
2019-04-08 17:15 - MyLogger.app - INFO - ImmutableMultiDict([('username', 'hewumars'), ('uuid', '7970022')])
2019-04-08 17:15 - MyLogger.app - INFO - Time reading byte stream: 0.01445
2019-04-08 17:15 - MyLogger.app - INFO - Time transfering to file obj: 3.338e-06
2019-04-08 17:15 - MyLogger.app - INFO - ============================================
2019-04-08 17:15 - MyLogger.app - INFO - Try opening tar file
2019-04-08 17:15 - MyLogger.app - INFO - Try Extracting file
2019-04-08 17:15 - MyLogger.app - INFO - Cleaning up redundant files
2019-04-08 17:15 - MyLogger.app - INFO - Loading into api...
2019-04-08 17:15 - MyLogger.app - INFO - Done!
2019-04-08 17:15 - MyLogger.app - INFO - Deleting tmp-77a296ff0098 folder
2019-04-08 17:15 - MyLogger.app - INFO - ============================================
2019-04-08 17:27 - MyLogger.app - INFO - File received
2019-04-08 17:27 - MyLogger.app - INFO - Time checking quota: 0.0096
2019-04-08 17:27 - MyLogger.app - INFO - ImmutableMultiDict([('username', 'Karen505034'), ('uuid', '37169657')])
2019-04-08 17:27 - MyLogger.app - INFO - Time reading byte stream: 0.02296
2019-04-08 17:27 - MyLogger.app - INFO - Time transfering to file obj: 4.053e-06
2019-04-08 17:27 - MyLogger.app - INFO - ============================================
2019-04-08 17:27 - MyLogger.app - INFO - Try opening tar file
2019-04-08 17:27 - MyLogger.app - INFO - Try Extracting file
2019-04-08 17:27 - MyLogger.app - INFO - Cleaning up redundant files
2019-04-08 17:27 - MyLogger.app - INFO - Loading into api...
2019-04-08 17:27 - MyLogger.app - INFO - ----------
2019-04-08 17:27 - MyLogger.app - INFO - The size of tensor a (4) must match the size of tensor b (3) at non-singleton dimension 0
2019-04-08 17:27 - MyLogger.app - INFO - ----------
2019-04-08 17:27 - MyLogger.app - INFO - Closing tarfile...
2019-04-08 17:27 - MyLogger.app - INFO - Deleting tmp-77a296ff0098 folder
2019-04-08 17:27 - MyLogger.app - INFO - ============================================
