2019-04-08 16:02 - MyLogger.app - INFO - File received
2019-04-08 16:02 - MyLogger.app - INFO - Time checking quota: 0.0140
2019-04-08 16:02 - MyLogger.app - INFO - ImmutableMultiDict([('username', 'william6715'), ('uuid', '47823655')])
2019-04-08 16:02 - MyLogger.app - INFO - Time reading byte stream: 0.0152
2019-04-08 16:02 - MyLogger.app - INFO - Time transfering to file obj: 3.815e-06
2019-04-08 16:02 - MyLogger.app - INFO - ============================================
2019-04-08 16:02 - MyLogger.app - INFO - Try opening tar file
2019-04-08 16:02 - MyLogger.app - INFO - Try Extracting file
2019-04-08 16:02 - MyLogger.app - INFO - Cleaning up redundant files
2019-04-08 16:02 - MyLogger.app - INFO - Loading into api...
2019-04-08 16:02 - MyLogger.app - INFO - Done!
2019-04-08 16:02 - MyLogger.app - INFO - Deleting tmp-9310e6821454 folder
2019-04-08 16:02 - MyLogger.app - INFO - ============================================
2019-04-08 16:39 - MyLogger.app - INFO - File received
2019-04-08 16:39 - MyLogger.app - INFO - Time checking quota: 0.0077
2019-04-08 16:39 - MyLogger.app - INFO - ImmutableMultiDict([('username', 'bominn'), ('uuid', '26386118')])
2019-04-08 16:39 - MyLogger.app - INFO - Time reading byte stream: 0.01182
2019-04-08 16:39 - MyLogger.app - INFO - Time transfering to file obj: 2.384e-06
2019-04-08 16:39 - MyLogger.app - INFO - ============================================
2019-04-08 16:39 - MyLogger.app - INFO - Try opening tar file
2019-04-08 16:39 - MyLogger.app - INFO - Try Extracting file
2019-04-08 16:39 - MyLogger.app - INFO - Cleaning up redundant files
2019-04-08 16:39 - MyLogger.app - INFO - Loading into api...
2019-04-08 16:39 - MyLogger.app - INFO - Done!
2019-04-08 16:39 - MyLogger.app - INFO - Deleting tmp-9310e6821454 folder
2019-04-08 16:39 - MyLogger.app - INFO - ============================================
2019-04-08 17:01 - MyLogger.app - INFO - File received
2019-04-08 17:01 - MyLogger.app - INFO - Time checking quota: 0.0127
2019-04-08 17:01 - MyLogger.app - INFO - ImmutableMultiDict([('username', 'Karen505034'), ('uuid', '37169657')])
2019-04-08 17:01 - MyLogger.app - INFO - Time reading byte stream: 0.03116
2019-04-08 17:01 - MyLogger.app - INFO - Time transfering to file obj: 3.576e-06
2019-04-08 17:01 - MyLogger.app - INFO - ============================================
2019-04-08 17:01 - MyLogger.app - INFO - Try opening tar file
2019-04-08 17:01 - MyLogger.app - INFO - Error: FileFormatError
2019-04-08 17:27 - MyLogger.app - INFO - File received
2019-04-08 17:27 - MyLogger.app - INFO - Time checking quota: 0.0105
2019-04-08 17:27 - MyLogger.app - INFO - ImmutableMultiDict([('username', 'dawkinszheng2'), ('uuid', '47825850')])
2019-04-08 17:27 - MyLogger.app - INFO - Time reading byte stream: 0.02409
2019-04-08 17:27 - MyLogger.app - INFO - Time transfering to file obj: 2.384e-06
2019-04-08 17:27 - MyLogger.app - INFO - ============================================
2019-04-08 17:27 - MyLogger.app - INFO - Try opening tar file
2019-04-08 17:27 - MyLogger.app - INFO - Try Extracting file
2019-04-08 17:27 - MyLogger.app - INFO - Cleaning up redundant files
2019-04-08 17:27 - MyLogger.app - INFO - Loading into api...
2019-04-08 17:27 - MyLogger.app - INFO - Done!
2019-04-08 17:27 - MyLogger.app - INFO - Deleting tmp-9310e6821454 folder
2019-04-08 17:27 - MyLogger.app - INFO - ============================================
