2019-04-08 15:36 - MyLogger.app - INFO - File received
2019-04-08 15:36 - MyLogger.app - INFO - Time checking quota: 0.0134
2019-04-08 15:36 - MyLogger.app - INFO - ImmutableMultiDict([('username', 'hewumars'), ('uuid', '7970022')])
2019-04-08 15:36 - MyLogger.app - INFO - Time reading byte stream: 0.00616
2019-04-08 15:36 - MyLogger.app - INFO - Time transfering to file obj: 3.338e-06
2019-04-08 15:36 - MyLogger.app - INFO - ============================================
2019-04-08 15:36 - MyLogger.app - INFO - Try opening tar file
2019-04-08 15:36 - MyLogger.app - INFO - Try Extracting file
2019-04-08 15:36 - MyLogger.app - INFO - Cleaning up redundant files
2019-04-08 15:36 - MyLogger.app - INFO - Loading into api...
2019-04-08 15:36 - MyLogger.app - INFO - Done!
2019-04-08 15:36 - MyLogger.app - INFO - Deleting tmp-9a13b1fd5a3c folder
2019-04-08 15:36 - MyLogger.app - INFO - ============================================
2019-04-08 16:10 - MyLogger.app - INFO - File received
2019-04-08 16:10 - MyLogger.app - INFO - Time checking quota: 0.0105
2019-04-08 16:10 - MyLogger.app - INFO - ImmutableMultiDict([('username', 'william6715'), ('uuid', '47823655')])
2019-04-08 16:10 - MyLogger.app - INFO - Time reading byte stream: 0.02241
2019-04-08 16:10 - MyLogger.app - INFO - Time transfering to file obj: 2.146e-06
2019-04-08 16:10 - MyLogger.app - INFO - ============================================
2019-04-08 16:10 - MyLogger.app - INFO - Try opening tar file
2019-04-08 16:10 - MyLogger.app - INFO - Try Extracting file
2019-04-08 16:10 - MyLogger.app - INFO - Cleaning up redundant files
2019-04-08 16:10 - MyLogger.app - INFO - Loading into api...
2019-04-08 16:10 - MyLogger.app - INFO - Done!
2019-04-08 16:10 - MyLogger.app - INFO - Deleting tmp-9a13b1fd5a3c folder
2019-04-08 16:10 - MyLogger.app - INFO - ============================================
2019-04-08 16:44 - MyLogger.app - INFO - File received
2019-04-08 16:44 - MyLogger.app - INFO - Time checking quota: 0.0141
2019-04-08 16:44 - MyLogger.app - INFO - ImmutableMultiDict([('username', 'hewumars'), ('uuid', '7970022')])
2019-04-08 16:44 - MyLogger.app - INFO - Time reading byte stream: 0.01623
2019-04-08 16:44 - MyLogger.app - INFO - Time transfering to file obj: 2.623e-06
2019-04-08 16:44 - MyLogger.app - INFO - ============================================
2019-04-08 16:44 - MyLogger.app - INFO - Try opening tar file
2019-04-08 16:44 - MyLogger.app - INFO - Try Extracting file
2019-04-08 16:44 - MyLogger.app - INFO - Cleaning up redundant files
2019-04-08 16:44 - MyLogger.app - INFO - Loading into api...
2019-04-08 16:44 - MyLogger.app - INFO - Done!
2019-04-08 16:44 - MyLogger.app - INFO - Deleting tmp-9a13b1fd5a3c folder
2019-04-08 16:44 - MyLogger.app - INFO - ============================================
2019-04-08 17:19 - MyLogger.app - INFO - File received
2019-04-08 17:19 - MyLogger.app - INFO - Time checking quota: 0.0095
2019-04-08 17:19 - MyLogger.app - INFO - ImmutableMultiDict([('username', 'Karen505034'), ('uuid', '37169657')])
2019-04-08 17:19 - MyLogger.app - INFO - Time reading byte stream: 0.02515
2019-04-08 17:19 - MyLogger.app - INFO - Time transfering to file obj: 3.338e-06
2019-04-08 17:19 - MyLogger.app - INFO - ============================================
2019-04-08 17:19 - MyLogger.app - INFO - Try opening tar file
2019-04-08 17:19 - MyLogger.app - INFO - Try Extracting file
2019-04-08 17:19 - MyLogger.app - INFO - Cleaning up redundant files
2019-04-08 17:19 - MyLogger.app - INFO - Loading into api...
2019-04-08 17:19 - MyLogger.app - INFO - ----------
2019-04-08 17:19 - MyLogger.app - INFO - The size of tensor a (4) must match the size of tensor b (3) at non-singleton dimension 0
2019-04-08 17:19 - MyLogger.app - INFO - ----------
2019-04-08 17:19 - MyLogger.app - INFO - Closing tarfile...
2019-04-08 17:19 - MyLogger.app - INFO - Deleting tmp-9a13b1fd5a3c folder
2019-04-08 17:19 - MyLogger.app - INFO - ============================================
2019-04-08 17:29 - MyLogger.app - INFO - File received
2019-04-08 17:29 - MyLogger.app - INFO - Time checking quota: 0.0092
2019-04-08 17:29 - MyLogger.app - INFO - ImmutableMultiDict([('username', 'bominn'), ('uuid', '26386118')])
2019-04-08 17:29 - MyLogger.app - INFO - Time reading byte stream: 0.01659
2019-04-08 17:29 - MyLogger.app - INFO - Time transfering to file obj: 1.311e-05
2019-04-08 17:29 - MyLogger.app - INFO - ============================================
2019-04-08 17:29 - MyLogger.app - INFO - Try opening tar file
2019-04-08 17:29 - MyLogger.app - INFO - Try Extracting file
2019-04-08 17:29 - MyLogger.app - INFO - Cleaning up redundant files
2019-04-08 17:29 - MyLogger.app - INFO - Loading into api...
2019-04-08 17:29 - MyLogger.app - INFO - ----------
2019-04-08 17:29 - MyLogger.app - INFO - The size of tensor a (4) must match the size of tensor b (3) at non-singleton dimension 0
2019-04-08 17:29 - MyLogger.app - INFO - ----------
2019-04-08 17:29 - MyLogger.app - INFO - Closing tarfile...
2019-04-08 17:29 - MyLogger.app - INFO - Deleting tmp-9a13b1fd5a3c folder
2019-04-08 17:29 - MyLogger.app - INFO - ============================================
