2019-04-08 15:11 - MyLogger.app - INFO - File received
2019-04-08 15:11 - MyLogger.app - INFO - Time checking quota: 0.0109
2019-04-08 15:11 - MyLogger.app - INFO - ImmutableMultiDict([('username', 'hyes92121'), ('uuid', '19795349')])
2019-04-08 15:11 - MyLogger.app - INFO - Time reading byte stream: 0.0118
2019-04-08 15:11 - MyLogger.app - INFO - Time transfering to file obj: 2.384e-06
2019-04-08 15:11 - MyLogger.app - INFO - ============================================
2019-04-08 15:11 - MyLogger.app - INFO - Try opening tar file
2019-04-08 15:11 - MyLogger.app - INFO - Try Extracting file
2019-04-08 15:11 - MyLogger.app - INFO - Cleaning up redundant files
2019-04-08 15:11 - MyLogger.app - INFO - Loading into api...
2019-04-08 15:11 - MyLogger.app - INFO - Done!
2019-04-08 15:11 - MyLogger.app - INFO - Deleting tmp-9fc9f645424d folder
2019-04-08 15:11 - MyLogger.app - INFO - ============================================
2019-04-08 16:02 - MyLogger.app - INFO - File received
2019-04-08 16:02 - MyLogger.app - INFO - Time checking quota: 0.0112
2019-04-08 16:02 - MyLogger.app - INFO - ImmutableMultiDict([('username', 'KiyoM99'), ('uuid', '47841105')])
2019-04-08 16:02 - MyLogger.app - INFO - Time reading byte stream: 0.02875
2019-04-08 16:02 - MyLogger.app - INFO - Time transfering to file obj: 3.099e-06
2019-04-08 16:02 - MyLogger.app - INFO - ============================================
2019-04-08 16:02 - MyLogger.app - INFO - Try opening tar file
2019-04-08 16:02 - MyLogger.app - INFO - Try Extracting file
2019-04-08 16:02 - MyLogger.app - INFO - Cleaning up redundant files
2019-04-08 16:02 - MyLogger.app - INFO - Loading into api...
2019-04-08 16:02 - MyLogger.app - INFO - Done!
2019-04-08 16:02 - MyLogger.app - INFO - Deleting tmp-9fc9f645424d folder
2019-04-08 16:02 - MyLogger.app - INFO - ============================================
2019-04-08 16:42 - MyLogger.app - INFO - File received
2019-04-08 16:42 - MyLogger.app - INFO - Time checking quota: 0.0072
2019-04-08 16:42 - MyLogger.app - INFO - ImmutableMultiDict([('username', 'andyh0913'), ('uuid', '31588586')])
2019-04-08 16:42 - MyLogger.app - INFO - Time reading byte stream: 0.02345
2019-04-08 16:42 - MyLogger.app - INFO - Time transfering to file obj: 2.861e-06
2019-04-08 16:42 - MyLogger.app - INFO - ============================================
2019-04-08 16:42 - MyLogger.app - INFO - Try opening tar file
2019-04-08 16:42 - MyLogger.app - INFO - Try Extracting file
2019-04-08 16:42 - MyLogger.app - INFO - Cleaning up redundant files
2019-04-08 16:42 - MyLogger.app - INFO - Error: FileNumberError
2019-04-08 16:42 - MyLogger.app - INFO - Closing tarfile...
2019-04-08 16:42 - MyLogger.app - INFO - Deleting tmp-9fc9f645424d folder
2019-04-08 16:42 - MyLogger.app - INFO - ============================================
2019-04-08 17:04 - MyLogger.app - INFO - File received
2019-04-08 17:04 - MyLogger.app - INFO - Time checking quota: 0.0102
2019-04-08 17:04 - MyLogger.app - INFO - ImmutableMultiDict([('username', 'bominn'), ('uuid', '26386118')])
2019-04-08 17:04 - MyLogger.app - INFO - Time reading byte stream: 0.03152
2019-04-08 17:04 - MyLogger.app - INFO - Time transfering to file obj: 2.384e-06
2019-04-08 17:04 - MyLogger.app - INFO - ============================================
2019-04-08 17:04 - MyLogger.app - INFO - Try opening tar file
2019-04-08 17:04 - MyLogger.app - INFO - Try Extracting file
2019-04-08 17:04 - MyLogger.app - INFO - Cleaning up redundant files
2019-04-08 17:04 - MyLogger.app - INFO - Loading into api...
2019-04-08 17:04 - MyLogger.app - INFO - Done!
2019-04-08 17:04 - MyLogger.app - INFO - Deleting tmp-9fc9f645424d folder
2019-04-08 17:04 - MyLogger.app - INFO - ============================================
2019-04-08 17:27 - MyLogger.app - INFO - File received
2019-04-08 17:27 - MyLogger.app - INFO - Time checking quota: 0.0100
2019-04-08 17:27 - MyLogger.app - INFO - ImmutableMultiDict([('username', 'dawkinszheng2'), ('uuid', '47825850')])
2019-04-08 17:27 - MyLogger.app - INFO - Time reading byte stream: 0.02345
2019-04-08 17:27 - MyLogger.app - INFO - Time transfering to file obj: 3.338e-06
2019-04-08 17:27 - MyLogger.app - INFO - ============================================
2019-04-08 17:27 - MyLogger.app - INFO - Try opening tar file
2019-04-08 17:27 - MyLogger.app - INFO - Try Extracting file
2019-04-08 17:27 - MyLogger.app - INFO - Cleaning up redundant files
2019-04-08 17:27 - MyLogger.app - INFO - Loading into api...
2019-04-08 17:27 - MyLogger.app - INFO - Done!
2019-04-08 17:27 - MyLogger.app - INFO - Deleting tmp-9fc9f645424d folder
2019-04-08 17:27 - MyLogger.app - INFO - ============================================
