2019-04-08 15:38 - MyLogger.app - INFO - File received
2019-04-08 15:38 - MyLogger.app - INFO - Time checking quota: 0.0132
2019-04-08 15:38 - MyLogger.app - INFO - ImmutableMultiDict([('username', 'jeffeuxMartin'), ('uuid', '43311603')])
2019-04-08 15:38 - MyLogger.app - INFO - Time reading byte stream: 0.01744
2019-04-08 15:38 - MyLogger.app - INFO - Time transfering to file obj: 2.384e-06
2019-04-08 15:38 - MyLogger.app - INFO - ============================================
2019-04-08 15:38 - MyLogger.app - INFO - Try opening tar file
2019-04-08 15:38 - MyLogger.app - INFO - Try Extracting file
2019-04-08 15:38 - MyLogger.app - INFO - Cleaning up redundant files
2019-04-08 15:38 - MyLogger.app - INFO - Error: FileNumberError
2019-04-08 15:38 - MyLogger.app - INFO - Closing tarfile...
2019-04-08 15:38 - MyLogger.app - INFO - Deleting tmp-d12fe0a3b3cd folder
2019-04-08 15:38 - MyLogger.app - INFO - ============================================
2019-04-08 16:10 - MyLogger.app - INFO - File received
2019-04-08 16:10 - MyLogger.app - INFO - Time checking quota: 0.0121
2019-04-08 16:10 - MyLogger.app - INFO - ImmutableMultiDict([('username', 'hewumars'), ('uuid', '7970022')])
2019-04-08 16:10 - MyLogger.app - INFO - Time reading byte stream: 0.02369
2019-04-08 16:10 - MyLogger.app - INFO - Time transfering to file obj: 1.335e-05
2019-04-08 16:10 - MyLogger.app - INFO - ============================================
2019-04-08 16:10 - MyLogger.app - INFO - Try opening tar file
2019-04-08 16:10 - MyLogger.app - INFO - Try Extracting file
2019-04-08 16:10 - MyLogger.app - INFO - Cleaning up redundant files
2019-04-08 16:10 - MyLogger.app - INFO - Loading into api...
2019-04-08 16:10 - MyLogger.app - INFO - Done!
2019-04-08 16:10 - MyLogger.app - INFO - Deleting tmp-d12fe0a3b3cd folder
2019-04-08 16:10 - MyLogger.app - INFO - ============================================
2019-04-08 16:50 - MyLogger.app - INFO - File received
2019-04-08 16:50 - MyLogger.app - INFO - Time checking quota: 0.0102
2019-04-08 16:50 - MyLogger.app - INFO - ImmutableMultiDict([('username', 'bominn'), ('uuid', '26386118')])
2019-04-08 16:50 - MyLogger.app - INFO - Time reading byte stream: 0.03241
2019-04-08 16:50 - MyLogger.app - INFO - Time transfering to file obj: 3.099e-06
2019-04-08 16:50 - MyLogger.app - INFO - ============================================
2019-04-08 16:50 - MyLogger.app - INFO - Try opening tar file
2019-04-08 16:50 - MyLogger.app - INFO - Try Extracting file
2019-04-08 16:50 - MyLogger.app - INFO - Cleaning up redundant files
2019-04-08 16:50 - MyLogger.app - INFO - Loading into api...
2019-04-08 16:50 - MyLogger.app - INFO - Done!
2019-04-08 16:50 - MyLogger.app - INFO - Deleting tmp-d12fe0a3b3cd folder
2019-04-08 16:50 - MyLogger.app - INFO - ============================================
2019-04-08 17:23 - MyLogger.app - INFO - File received
2019-04-08 17:23 - MyLogger.app - INFO - Time checking quota: 0.0081
2019-04-08 17:23 - MyLogger.app - INFO - ImmutableMultiDict([('username', 'Karen505034'), ('uuid', '37169657')])
2019-04-08 17:23 - MyLogger.app - INFO - Time reading byte stream: 0.008288
2019-04-08 17:23 - MyLogger.app - INFO - Time transfering to file obj: 1.431e-06
2019-04-08 17:23 - MyLogger.app - INFO - ============================================
2019-04-08 17:23 - MyLogger.app - INFO - Try opening tar file
2019-04-08 17:23 - MyLogger.app - INFO - Try Extracting file
2019-04-08 17:23 - MyLogger.app - INFO - Cleaning up redundant files
2019-04-08 17:23 - MyLogger.app - INFO - Error: FileNumberError
2019-04-08 17:23 - MyLogger.app - INFO - Closing tarfile...
2019-04-08 17:23 - MyLogger.app - INFO - Deleting tmp-d12fe0a3b3cd folder
2019-04-08 17:23 - MyLogger.app - INFO - ============================================
2019-04-08 17:30 - MyLogger.app - INFO - File received
2019-04-08 17:30 - MyLogger.app - INFO - Time checking quota: 0.0093
2019-04-08 17:30 - MyLogger.app - INFO - ImmutableMultiDict([('username', 'bominn'), ('uuid', '26386118')])
2019-04-08 17:30 - MyLogger.app - INFO - Time reading byte stream: 0.03619
2019-04-08 17:30 - MyLogger.app - INFO - Time transfering to file obj: 3.815e-06
2019-04-08 17:30 - MyLogger.app - INFO - ============================================
2019-04-08 17:30 - MyLogger.app - INFO - Try opening tar file
2019-04-08 17:30 - MyLogger.app - INFO - Try Extracting file
2019-04-08 17:30 - MyLogger.app - INFO - Cleaning up redundant files
2019-04-08 17:30 - MyLogger.app - INFO - Loading into api...
2019-04-08 17:30 - MyLogger.app - INFO - Done!
2019-04-08 17:30 - MyLogger.app - INFO - Deleting tmp-d12fe0a3b3cd folder
2019-04-08 17:30 - MyLogger.app - INFO - ============================================
