2019-04-08 18:19 - MyLogger.app - INFO - File received
2019-04-08 18:19 - MyLogger.app - INFO - Time checking quota: 0.0091
2019-04-08 18:19 - MyLogger.app - INFO - ImmutableMultiDict([('username', 'Karen505034'), ('uuid', '37169657')])
2019-04-08 18:19 - MyLogger.app - INFO - Time reading byte stream: 0.008646
2019-04-08 18:19 - MyLogger.app - INFO - Time transfering to file obj: 1.907e-06
2019-04-08 18:19 - MyLogger.app - INFO - ============================================
2019-04-08 18:19 - MyLogger.app - INFO - Try opening tar file
2019-04-08 18:19 - MyLogger.app - INFO - Try Extracting file
2019-04-08 18:19 - MyLogger.app - INFO - Cleaning up redundant files
2019-04-08 18:19 - MyLogger.app - INFO - Loading into api...
2019-04-08 18:19 - MyLogger.app - INFO - Done!
2019-04-08 18:19 - MyLogger.app - INFO - Deleting tmp-299b8e2d5da8 folder
2019-04-08 18:19 - MyLogger.app - INFO - ============================================
2019-04-08 19:00 - MyLogger.app - INFO - File received
2019-04-08 19:00 - MyLogger.app - INFO - Time checking quota: 0.0112
2019-04-08 19:00 - MyLogger.app - INFO - ImmutableMultiDict([('username', 'fanoping'), ('uuid', '31955056')])
2019-04-08 19:00 - MyLogger.app - INFO - Time reading byte stream: 0.01924
2019-04-08 19:00 - MyLogger.app - INFO - Time transfering to file obj: 2.861e-06
2019-04-08 19:00 - MyLogger.app - INFO - ============================================
2019-04-08 19:00 - MyLogger.app - INFO - Try opening tar file
2019-04-08 19:00 - MyLogger.app - INFO - Try Extracting file
2019-04-08 19:00 - MyLogger.app - INFO - Cleaning up redundant files
2019-04-08 19:00 - MyLogger.app - INFO - Loading into api...
2019-04-08 19:00 - MyLogger.app - INFO - Done!
2019-04-08 19:00 - MyLogger.app - INFO - Deleting tmp-299b8e2d5da8 folder
2019-04-08 19:00 - MyLogger.app - INFO - ============================================
2019-04-09 02:22 - MyLogger.app - INFO - File received
2019-04-09 02:22 - MyLogger.app - INFO - Time checking quota: 0.0100
2019-04-09 02:22 - MyLogger.app - INFO - ImmutableMultiDict([('username', 'hyes92121'), ('uuid', '19795349')])
2019-04-09 02:22 - MyLogger.app - INFO - Time reading byte stream: 0.0179
2019-04-09 02:22 - MyLogger.app - INFO - Time transfering to file obj: 3.338e-06
2019-04-09 02:22 - MyLogger.app - INFO - ============================================
2019-04-09 02:22 - MyLogger.app - INFO - Try opening tar file
2019-04-09 02:22 - MyLogger.app - INFO - Try Extracting file
2019-04-09 02:22 - MyLogger.app - INFO - Cleaning up redundant files
2019-04-09 02:22 - MyLogger.app - INFO - Loading into api...
2019-04-09 02:22 - MyLogger.app - INFO - Done!
2019-04-09 02:22 - MyLogger.app - INFO - Deleting tmp-299b8e2d5da8 folder
2019-04-09 02:22 - MyLogger.app - INFO - ============================================
2019-04-09 02:25 - MyLogger.app - INFO - File received
2019-04-09 02:25 - MyLogger.app - INFO - Time checking quota: 0.0110
2019-04-09 02:25 - MyLogger.app - INFO - ImmutableMultiDict([('username', 'hyes92121'), ('uuid', '19795349')])
2019-04-09 02:25 - MyLogger.app - INFO - Time reading byte stream: 0.01616
2019-04-09 02:25 - MyLogger.app - INFO - Time transfering to file obj: 2.861e-06
2019-04-09 02:25 - MyLogger.app - INFO - ============================================
2019-04-09 02:25 - MyLogger.app - INFO - Try opening tar file
2019-04-09 02:25 - MyLogger.app - INFO - Try Extracting file
2019-04-09 02:25 - MyLogger.app - INFO - Cleaning up redundant files
2019-04-09 02:25 - MyLogger.app - INFO - Loading into api...
2019-04-09 02:25 - MyLogger.app - INFO - Done!
2019-04-09 02:25 - MyLogger.app - INFO - Deleting tmp-299b8e2d5da8 folder
2019-04-09 02:25 - MyLogger.app - INFO - ============================================
2019-04-09 02:28 - MyLogger.app - INFO - File received
2019-04-09 02:28 - MyLogger.app - INFO - Time checking quota: 0.0092
2019-04-09 02:28 - MyLogger.app - INFO - ImmutableMultiDict([('username', 'hyes92121'), ('uuid', '19795349')])
2019-04-09 02:28 - MyLogger.app - INFO - Time reading byte stream: 0.01242
2019-04-09 02:28 - MyLogger.app - INFO - Time transfering to file obj: 2.623e-06
2019-04-09 02:28 - MyLogger.app - INFO - ============================================
2019-04-09 02:28 - MyLogger.app - INFO - Try opening tar file
2019-04-09 02:28 - MyLogger.app - INFO - Try Extracting file
2019-04-09 02:28 - MyLogger.app - INFO - Cleaning up redundant files
2019-04-09 02:28 - MyLogger.app - INFO - Loading into api...
2019-04-09 02:28 - MyLogger.app - INFO - Done!
2019-04-09 02:28 - MyLogger.app - INFO - Deleting tmp-299b8e2d5da8 folder
2019-04-09 02:28 - MyLogger.app - INFO - ============================================
