2019-04-08 18:56 - MyLogger.app - INFO - File received
2019-04-08 18:56 - MyLogger.app - INFO - Time checking quota: 0.0147
2019-04-08 18:56 - MyLogger.app - INFO - ImmutableMultiDict([('username', 'fanoping'), ('uuid', '31955056')])
2019-04-08 18:56 - MyLogger.app - INFO - Time reading byte stream: 0.02089
2019-04-08 18:56 - MyLogger.app - INFO - Time transfering to file obj: 3.815e-06
2019-04-08 18:56 - MyLogger.app - INFO - ============================================
2019-04-08 18:56 - MyLogger.app - INFO - Try opening tar file
2019-04-08 18:56 - MyLogger.app - INFO - Try Extracting file
2019-04-08 18:56 - MyLogger.app - INFO - Cleaning up redundant files
2019-04-08 18:56 - MyLogger.app - INFO - Loading into api...
2019-04-08 18:56 - MyLogger.app - INFO - Done!
2019-04-08 18:56 - MyLogger.app - INFO - Deleting tmp-32b30fc631c4 folder
2019-04-08 18:56 - MyLogger.app - INFO - ============================================
2019-04-09 02:07 - MyLogger.app - INFO - File received
2019-04-09 02:07 - MyLogger.app - INFO - Time checking quota: 0.0102
2019-04-09 02:07 - MyLogger.app - INFO - ImmutableMultiDict([('username', 'hyes92121'), ('uuid', '19795349')])
2019-04-09 02:07 - MyLogger.app - INFO - Time reading byte stream: 0.0121
2019-04-09 02:07 - MyLogger.app - INFO - Time transfering to file obj: 2.384e-06
2019-04-09 02:07 - MyLogger.app - INFO - ============================================
2019-04-09 02:07 - MyLogger.app - INFO - Try opening tar file
2019-04-09 02:07 - MyLogger.app - INFO - Try Extracting file
2019-04-09 02:07 - MyLogger.app - INFO - Cleaning up redundant files
2019-04-09 02:07 - MyLogger.app - INFO - Loading into api...
2019-04-09 02:07 - MyLogger.app - INFO - Done!
2019-04-09 02:07 - MyLogger.app - INFO - Deleting tmp-32b30fc631c4 folder
2019-04-09 02:07 - MyLogger.app - INFO - ============================================
2019-04-09 02:25 - MyLogger.app - INFO - File received
2019-04-09 02:25 - MyLogger.app - INFO - Time checking quota: 0.0102
2019-04-09 02:25 - MyLogger.app - INFO - ImmutableMultiDict([('username', 'hyes92121'), ('uuid', '19795349')])
2019-04-09 02:25 - MyLogger.app - INFO - Time reading byte stream: 0.01579
2019-04-09 02:25 - MyLogger.app - INFO - Time transfering to file obj: 2.623e-06
2019-04-09 02:25 - MyLogger.app - INFO - ============================================
2019-04-09 02:25 - MyLogger.app - INFO - Try opening tar file
2019-04-09 02:25 - MyLogger.app - INFO - Try Extracting file
2019-04-09 02:25 - MyLogger.app - INFO - Cleaning up redundant files
2019-04-09 02:25 - MyLogger.app - INFO - Loading into api...
2019-04-09 02:25 - MyLogger.app - INFO - Done!
2019-04-09 02:25 - MyLogger.app - INFO - Deleting tmp-32b30fc631c4 folder
2019-04-09 02:25 - MyLogger.app - INFO - ============================================
2019-04-09 02:27 - MyLogger.app - INFO - File received
2019-04-09 02:27 - MyLogger.app - INFO - Time checking quota: 0.0112
2019-04-09 02:27 - MyLogger.app - INFO - ImmutableMultiDict([('username', 'hyes92121'), ('uuid', '19795349')])
2019-04-09 02:27 - MyLogger.app - INFO - Time reading byte stream: 0.0164
2019-04-09 02:27 - MyLogger.app - INFO - Time transfering to file obj: 2.146e-06
2019-04-09 02:27 - MyLogger.app - INFO - ============================================
2019-04-09 02:27 - MyLogger.app - INFO - Try opening tar file
2019-04-09 02:27 - MyLogger.app - INFO - Try Extracting file
2019-04-09 02:27 - MyLogger.app - INFO - Cleaning up redundant files
2019-04-09 02:27 - MyLogger.app - INFO - Loading into api...
2019-04-09 02:27 - MyLogger.app - INFO - Done!
2019-04-09 02:27 - MyLogger.app - INFO - Deleting tmp-32b30fc631c4 folder
2019-04-09 02:27 - MyLogger.app - INFO - ============================================
