2019-04-08 18:09 - MyLogger.app - INFO - File received
2019-04-08 18:09 - MyLogger.app - INFO - Time checking quota: 0.0141
2019-04-08 18:09 - MyLogger.app - INFO - ImmutableMultiDict([('username', 'Karen505034'), ('uuid', '37169657')])
2019-04-08 18:09 - MyLogger.app - INFO - Time reading byte stream: 0.01128
2019-04-08 18:09 - MyLogger.app - INFO - Time transfering to file obj: 3.576e-06
2019-04-08 18:09 - MyLogger.app - INFO - ============================================
2019-04-08 18:09 - MyLogger.app - INFO - Try opening tar file
2019-04-08 18:09 - MyLogger.app - INFO - Try Extracting file
2019-04-08 18:09 - MyLogger.app - INFO - Cleaning up redundant files
2019-04-08 18:09 - MyLogger.app - INFO - Loading into api...
2019-04-08 18:09 - MyLogger.app - INFO - ----------
2019-04-08 18:09 - MyLogger.app - INFO - The size of tensor a (4) must match the size of tensor b (3) at non-singleton dimension 0
2019-04-08 18:09 - MyLogger.app - INFO - ----------
2019-04-08 18:09 - MyLogger.app - INFO - Closing tarfile...
2019-04-08 18:09 - MyLogger.app - INFO - Deleting tmp-366ae1881d3e folder
2019-04-08 18:09 - MyLogger.app - INFO - ============================================
2019-04-08 18:57 - MyLogger.app - INFO - File received
2019-04-08 18:57 - MyLogger.app - INFO - Time checking quota: 0.0086
2019-04-08 18:57 - MyLogger.app - INFO - ImmutableMultiDict([('username', 'fanoping'), ('uuid', '31955056')])
2019-04-08 18:57 - MyLogger.app - INFO - Time reading byte stream: 0.01325
2019-04-08 18:57 - MyLogger.app - INFO - Time transfering to file obj: 2.384e-06
2019-04-08 18:57 - MyLogger.app - INFO - ============================================
2019-04-08 18:57 - MyLogger.app - INFO - Try opening tar file
2019-04-08 18:57 - MyLogger.app - INFO - Try Extracting file
2019-04-08 18:57 - MyLogger.app - INFO - Cleaning up redundant files
2019-04-08 18:57 - MyLogger.app - INFO - Loading into api...
2019-04-08 18:57 - MyLogger.app - INFO - ----------
2019-04-08 18:57 - MyLogger.app - INFO - The size of tensor a (4) must match the size of tensor b (3) at non-singleton dimension 0
2019-04-08 18:57 - MyLogger.app - INFO - ----------
2019-04-08 18:57 - MyLogger.app - INFO - Closing tarfile...
2019-04-08 18:57 - MyLogger.app - INFO - Deleting tmp-366ae1881d3e folder
2019-04-08 18:57 - MyLogger.app - INFO - ============================================
2019-04-09 02:07 - MyLogger.app - INFO - File received
2019-04-09 02:07 - MyLogger.app - INFO - Time checking quota: 0.0089
2019-04-09 02:07 - MyLogger.app - INFO - ImmutableMultiDict([('username', 'hyes92121'), ('uuid', '19795349')])
2019-04-09 02:07 - MyLogger.app - INFO - Time reading byte stream: 0.01184
2019-04-09 02:07 - MyLogger.app - INFO - Time transfering to file obj: 1.907e-06
2019-04-09 02:07 - MyLogger.app - INFO - ============================================
2019-04-09 02:07 - MyLogger.app - INFO - Try opening tar file
2019-04-09 02:07 - MyLogger.app - INFO - Try Extracting file
2019-04-09 02:07 - MyLogger.app - INFO - Cleaning up redundant files
2019-04-09 02:07 - MyLogger.app - INFO - Loading into api...
2019-04-09 02:07 - MyLogger.app - INFO - ----------
2019-04-09 02:07 - MyLogger.app - INFO - The size of tensor a (4) must match the size of tensor b (3) at non-singleton dimension 0
2019-04-09 02:07 - MyLogger.app - INFO - ----------
2019-04-09 02:07 - MyLogger.app - INFO - Closing tarfile...
2019-04-09 02:07 - MyLogger.app - INFO - Deleting tmp-366ae1881d3e folder
2019-04-09 02:07 - MyLogger.app - INFO - ============================================
