2019-04-08 18:33 - MyLogger.app - INFO - File received
2019-04-08 18:33 - MyLogger.app - INFO - Time checking quota: 0.0124
2019-04-08 18:33 - MyLogger.app - INFO - ImmutableMultiDict([('username', 'linkingmon'), ('uuid', '35398306')])
2019-04-08 18:33 - MyLogger.app - INFO - Time reading byte stream: 0.01252
2019-04-08 18:33 - MyLogger.app - INFO - Time transfering to file obj: 2.384e-06
2019-04-08 18:33 - MyLogger.app - INFO - ============================================
2019-04-08 18:33 - MyLogger.app - INFO - Try opening tar file
2019-04-08 18:33 - MyLogger.app - INFO - Try Extracting file
2019-04-08 18:33 - MyLogger.app - INFO - Cleaning up redundant files
2019-04-08 18:33 - MyLogger.app - INFO - Loading into api...
2019-04-08 18:33 - MyLogger.app - INFO - Done!
2019-04-08 18:33 - MyLogger.app - INFO - Deleting tmp-4ca38bc80bf3 folder
2019-04-08 18:33 - MyLogger.app - INFO - ============================================
2019-04-08 19:08 - MyLogger.app - INFO - File received
2019-04-08 19:09 - MyLogger.app - INFO - Time checking quota: 0.0093
2019-04-08 19:09 - MyLogger.app - INFO - ImmutableMultiDict([('username', 'Karen505034'), ('uuid', '37169657')])
2019-04-08 19:09 - MyLogger.app - INFO - Time reading byte stream: 0.01494
2019-04-08 19:09 - MyLogger.app - INFO - Time transfering to file obj: 2.384e-06
2019-04-08 19:09 - MyLogger.app - INFO - ============================================
2019-04-08 19:09 - MyLogger.app - INFO - Try opening tar file
2019-04-08 19:09 - MyLogger.app - INFO - Try Extracting file
2019-04-08 19:09 - MyLogger.app - INFO - Cleaning up redundant files
2019-04-08 19:09 - MyLogger.app - INFO - Loading into api...
2019-04-08 19:09 - MyLogger.app - INFO - Done!
2019-04-08 19:09 - MyLogger.app - INFO - Deleting tmp-4ca38bc80bf3 folder
2019-04-08 19:09 - MyLogger.app - INFO - ============================================
2019-04-09 02:23 - MyLogger.app - INFO - File received
2019-04-09 02:23 - MyLogger.app - INFO - Time checking quota: 0.0143
2019-04-09 02:23 - MyLogger.app - INFO - ImmutableMultiDict([('username', 'hyes92121'), ('uuid', '19795349')])
2019-04-09 02:23 - MyLogger.app - INFO - Time reading byte stream: 0.0185
2019-04-09 02:23 - MyLogger.app - INFO - Time transfering to file obj: 2.861e-06
2019-04-09 02:23 - MyLogger.app - INFO - ============================================
2019-04-09 02:23 - MyLogger.app - INFO - Try opening tar file
2019-04-09 02:23 - MyLogger.app - INFO - Try Extracting file
2019-04-09 02:23 - MyLogger.app - INFO - Cleaning up redundant files
2019-04-09 02:23 - MyLogger.app - INFO - Loading into api...
2019-04-09 02:23 - MyLogger.app - INFO - Done!
2019-04-09 02:23 - MyLogger.app - INFO - Deleting tmp-4ca38bc80bf3 folder
2019-04-09 02:23 - MyLogger.app - INFO - ============================================
2019-04-09 02:26 - MyLogger.app - INFO - File received
2019-04-09 02:26 - MyLogger.app - INFO - Time checking quota: 0.0082
2019-04-09 02:26 - MyLogger.app - INFO - ImmutableMultiDict([('username', 'hyes92121'), ('uuid', '19795349')])
2019-04-09 02:26 - MyLogger.app - INFO - Time reading byte stream: 0.0118
2019-04-09 02:26 - MyLogger.app - INFO - Time transfering to file obj: 2.146e-06
2019-04-09 02:26 - MyLogger.app - INFO - ============================================
2019-04-09 02:26 - MyLogger.app - INFO - Try opening tar file
2019-04-09 02:26 - MyLogger.app - INFO - Try Extracting file
2019-04-09 02:26 - MyLogger.app - INFO - Cleaning up redundant files
2019-04-09 02:26 - MyLogger.app - INFO - Loading into api...
2019-04-09 02:26 - MyLogger.app - INFO - Done!
2019-04-09 02:26 - MyLogger.app - INFO - Deleting tmp-4ca38bc80bf3 folder
2019-04-09 02:26 - MyLogger.app - INFO - ============================================
2019-04-09 02:29 - MyLogger.app - INFO - File received
2019-04-09 02:29 - MyLogger.app - INFO - Time checking quota: 0.0092
2019-04-09 02:29 - MyLogger.app - INFO - ImmutableMultiDict([('username', 'hyes92121'), ('uuid', '19795349')])
2019-04-09 02:29 - MyLogger.app - INFO - Time reading byte stream: 0.01826
2019-04-09 02:29 - MyLogger.app - INFO - Time transfering to file obj: 3.099e-06
2019-04-09 02:29 - MyLogger.app - INFO - ============================================
2019-04-09 02:29 - MyLogger.app - INFO - Try opening tar file
2019-04-09 02:29 - MyLogger.app - INFO - Try Extracting file
2019-04-09 02:29 - MyLogger.app - INFO - Cleaning up redundant files
2019-04-09 02:29 - MyLogger.app - INFO - Loading into api...
2019-04-09 02:29 - MyLogger.app - INFO - Done!
2019-04-09 02:29 - MyLogger.app - INFO - Deleting tmp-4ca38bc80bf3 folder
2019-04-09 02:29 - MyLogger.app - INFO - ============================================
