2019-04-08 18:33 - MyLogger.app - INFO - File received
2019-04-08 18:34 - MyLogger.app - INFO - Time checking quota: 0.0119
2019-04-08 18:34 - MyLogger.app - INFO - ImmutableMultiDict([('username', 'Karen505034'), ('uuid', '37169657')])
2019-04-08 18:34 - MyLogger.app - INFO - Time reading byte stream: 0.01016
2019-04-08 18:34 - MyLogger.app - INFO - Time transfering to file obj: 2.623e-06
2019-04-08 18:34 - MyLogger.app - INFO - ============================================
2019-04-08 18:34 - MyLogger.app - INFO - Try opening tar file
2019-04-08 18:34 - MyLogger.app - INFO - Try Extracting file
2019-04-08 18:34 - MyLogger.app - INFO - Cleaning up redundant files
2019-04-08 18:34 - MyLogger.app - INFO - Loading into api...
2019-04-08 18:34 - MyLogger.app - INFO - Done!
2019-04-08 18:34 - MyLogger.app - INFO - Deleting tmp-7fa8cf1a15db folder
2019-04-08 18:34 - MyLogger.app - INFO - ============================================
2019-04-08 19:13 - MyLogger.app - INFO - File received
2019-04-08 19:13 - MyLogger.app - INFO - Time checking quota: 0.0103
2019-04-08 19:13 - MyLogger.app - INFO - ImmutableMultiDict([('username', 'Karen505034'), ('uuid', '37169657')])
2019-04-08 19:13 - MyLogger.app - INFO - Time reading byte stream: 0.01542
2019-04-08 19:13 - MyLogger.app - INFO - Time transfering to file obj: 3.338e-06
2019-04-08 19:13 - MyLogger.app - INFO - ============================================
2019-04-08 19:13 - MyLogger.app - INFO - Try opening tar file
2019-04-08 19:13 - MyLogger.app - INFO - Try Extracting file
2019-04-08 19:13 - MyLogger.app - INFO - Cleaning up redundant files
2019-04-08 19:13 - MyLogger.app - INFO - Loading into api...
2019-04-08 19:13 - MyLogger.app - INFO - Done!
2019-04-08 19:13 - MyLogger.app - INFO - Deleting tmp-7fa8cf1a15db folder
2019-04-08 19:13 - MyLogger.app - INFO - ============================================
2019-04-09 02:23 - MyLogger.app - INFO - File received
2019-04-09 02:23 - MyLogger.app - INFO - Time checking quota: 0.0091
2019-04-09 02:23 - MyLogger.app - INFO - ImmutableMultiDict([('username', 'hyes92121'), ('uuid', '19795349')])
2019-04-09 02:23 - MyLogger.app - INFO - Time reading byte stream: 0.01178
2019-04-09 02:23 - MyLogger.app - INFO - Time transfering to file obj: 2.146e-06
2019-04-09 02:23 - MyLogger.app - INFO - ============================================
2019-04-09 02:23 - MyLogger.app - INFO - Try opening tar file
2019-04-09 02:23 - MyLogger.app - INFO - Try Extracting file
2019-04-09 02:23 - MyLogger.app - INFO - Cleaning up redundant files
2019-04-09 02:23 - MyLogger.app - INFO - Loading into api...
2019-04-09 02:23 - MyLogger.app - INFO - Done!
2019-04-09 02:23 - MyLogger.app - INFO - Deleting tmp-7fa8cf1a15db folder
2019-04-09 02:23 - MyLogger.app - INFO - ============================================
2019-04-09 02:26 - MyLogger.app - INFO - File received
2019-04-09 02:26 - MyLogger.app - INFO - Time checking quota: 0.0091
2019-04-09 02:26 - MyLogger.app - INFO - ImmutableMultiDict([('username', 'hyes92121'), ('uuid', '19795349')])
2019-04-09 02:26 - MyLogger.app - INFO - Time reading byte stream: 0.01253
2019-04-09 02:26 - MyLogger.app - INFO - Time transfering to file obj: 2.623e-06
2019-04-09 02:26 - MyLogger.app - INFO - ============================================
2019-04-09 02:26 - MyLogger.app - INFO - Try opening tar file
2019-04-09 02:26 - MyLogger.app - INFO - Try Extracting file
2019-04-09 02:26 - MyLogger.app - INFO - Cleaning up redundant files
2019-04-09 02:26 - MyLogger.app - INFO - Loading into api...
2019-04-09 02:26 - MyLogger.app - INFO - Done!
2019-04-09 02:26 - MyLogger.app - INFO - Deleting tmp-7fa8cf1a15db folder
2019-04-09 02:26 - MyLogger.app - INFO - ============================================
2019-04-09 02:29 - MyLogger.app - INFO - File received
2019-04-09 02:29 - MyLogger.app - INFO - Time checking quota: 0.0105
2019-04-09 02:29 - MyLogger.app - INFO - ImmutableMultiDict([('username', 'hyes92121'), ('uuid', '19795349')])
2019-04-09 02:29 - MyLogger.app - INFO - Time reading byte stream: 0.01549
2019-04-09 02:29 - MyLogger.app - INFO - Time transfering to file obj: 2.861e-06
2019-04-09 02:29 - MyLogger.app - INFO - ============================================
2019-04-09 02:29 - MyLogger.app - INFO - Try opening tar file
2019-04-09 02:29 - MyLogger.app - INFO - Try Extracting file
2019-04-09 02:29 - MyLogger.app - INFO - Cleaning up redundant files
2019-04-09 02:29 - MyLogger.app - INFO - Loading into api...
2019-04-09 02:29 - MyLogger.app - INFO - Done!
2019-04-09 02:29 - MyLogger.app - INFO - Deleting tmp-7fa8cf1a15db folder
2019-04-09 02:29 - MyLogger.app - INFO - ============================================
