2019-04-08 18:55 - MyLogger.app - INFO - File received
2019-04-08 18:55 - MyLogger.app - INFO - Time checking quota: 0.0141
2019-04-08 18:55 - MyLogger.app - INFO - ImmutableMultiDict([('username', 'fanoping'), ('uuid', '31955056')])
2019-04-08 18:55 - MyLogger.app - INFO - Time reading byte stream: 0.01257
2019-04-08 18:55 - MyLogger.app - INFO - Time transfering to file obj: 2.861e-06
2019-04-08 18:55 - MyLogger.app - INFO - ============================================
2019-04-08 18:55 - MyLogger.app - INFO - Try opening tar file
2019-04-08 18:55 - MyLogger.app - INFO - Try Extracting file
2019-04-08 18:55 - MyLogger.app - INFO - Cleaning up redundant files
2019-04-08 18:55 - MyLogger.app - INFO - Loading into api...
2019-04-08 18:55 - MyLogger.app - INFO - Done!
2019-04-08 18:55 - MyLogger.app - INFO - Deleting tmp-85064484d345 folder
2019-04-08 18:55 - MyLogger.app - INFO - ============================================
2019-04-09 00:03 - MyLogger.app - INFO - File received
2019-04-09 00:03 - MyLogger.app - INFO - Time checking quota: 0.0095
2019-04-09 00:03 - MyLogger.app - INFO - ImmutableMultiDict([('username', 'al7771998'), ('uuid', '47841102')])
2019-04-09 00:03 - MyLogger.app - INFO - Time reading byte stream: 0.01437
2019-04-09 00:03 - MyLogger.app - INFO - Time transfering to file obj: 2.146e-06
2019-04-09 00:03 - MyLogger.app - INFO - ============================================
2019-04-09 00:03 - MyLogger.app - INFO - Try opening tar file
2019-04-09 00:03 - MyLogger.app - INFO - Try Extracting file
2019-04-09 00:03 - MyLogger.app - INFO - Cleaning up redundant files
2019-04-09 00:03 - MyLogger.app - INFO - Loading into api...
2019-04-09 00:03 - MyLogger.app - INFO - Done!
2019-04-09 00:03 - MyLogger.app - INFO - Deleting tmp-85064484d345 folder
2019-04-09 00:03 - MyLogger.app - INFO - ============================================
2019-04-09 02:25 - MyLogger.app - INFO - File received
2019-04-09 02:25 - MyLogger.app - INFO - Time checking quota: 0.0082
2019-04-09 02:25 - MyLogger.app - INFO - ImmutableMultiDict([('username', 'hyes92121'), ('uuid', '19795349')])
2019-04-09 02:25 - MyLogger.app - INFO - Time reading byte stream: 0.01687
2019-04-09 02:25 - MyLogger.app - INFO - Time transfering to file obj: 3.099e-06
2019-04-09 02:25 - MyLogger.app - INFO - ============================================
2019-04-09 02:25 - MyLogger.app - INFO - Try opening tar file
2019-04-09 02:25 - MyLogger.app - INFO - Try Extracting file
2019-04-09 02:25 - MyLogger.app - INFO - Cleaning up redundant files
2019-04-09 02:25 - MyLogger.app - INFO - Loading into api...
2019-04-09 02:25 - MyLogger.app - INFO - Done!
2019-04-09 02:25 - MyLogger.app - INFO - Deleting tmp-85064484d345 folder
2019-04-09 02:25 - MyLogger.app - INFO - ============================================
2019-04-09 02:27 - MyLogger.app - INFO - File received
2019-04-09 02:27 - MyLogger.app - INFO - Time checking quota: 0.0090
2019-04-09 02:27 - MyLogger.app - INFO - ImmutableMultiDict([('username', 'hyes92121'), ('uuid', '19795349')])
2019-04-09 02:27 - MyLogger.app - INFO - Time reading byte stream: 0.0154
2019-04-09 02:27 - MyLogger.app - INFO - Time transfering to file obj: 2.623e-06
2019-04-09 02:27 - MyLogger.app - INFO - ============================================
2019-04-09 02:27 - MyLogger.app - INFO - Try opening tar file
2019-04-09 02:27 - MyLogger.app - INFO - Try Extracting file
2019-04-09 02:27 - MyLogger.app - INFO - Cleaning up redundant files
2019-04-09 02:27 - MyLogger.app - INFO - Loading into api...
2019-04-09 02:27 - MyLogger.app - INFO - Done!
2019-04-09 02:27 - MyLogger.app - INFO - Deleting tmp-85064484d345 folder
2019-04-09 02:27 - MyLogger.app - INFO - ============================================
