2019-04-09 02:37 - MyLogger.app - INFO - File received
2019-04-09 02:37 - MyLogger.app - INFO - Time checking quota: 0.0119
2019-04-09 02:37 - MyLogger.app - INFO - ImmutableMultiDict([('username', 'hyes92121'), ('uuid', '19795349')])
2019-04-09 02:37 - MyLogger.app - INFO - Time reading byte stream: 0.02686
2019-04-09 02:37 - MyLogger.app - INFO - Time transfering to file obj: 2.861e-06
2019-04-09 02:37 - MyLogger.app - INFO - ============================================
2019-04-09 02:37 - MyLogger.app - INFO - Try opening tar file
2019-04-09 02:37 - MyLogger.app - INFO - Try Extracting file
2019-04-09 02:37 - MyLogger.app - INFO - Cleaning up redundant files
2019-04-09 02:37 - MyLogger.app - INFO - Loading into api...
2019-04-09 02:37 - MyLogger.app - INFO - Done!
2019-04-09 02:37 - MyLogger.app - INFO - Deleting tmp-9bb6ff30499f folder
2019-04-09 02:37 - MyLogger.app - INFO - ============================================
2019-04-09 02:40 - MyLogger.app - INFO - File received
2019-04-09 02:40 - MyLogger.app - INFO - Time checking quota: 0.0096
2019-04-09 02:40 - MyLogger.app - INFO - ImmutableMultiDict([('username', 'hyes92121'), ('uuid', '19795349')])
2019-04-09 02:40 - MyLogger.app - INFO - Time reading byte stream: 0.01575
2019-04-09 02:40 - MyLogger.app - INFO - Time transfering to file obj: 2.623e-06
2019-04-09 02:40 - MyLogger.app - INFO - ============================================
2019-04-09 02:40 - MyLogger.app - INFO - Try opening tar file
2019-04-09 02:40 - MyLogger.app - INFO - Try Extracting file
2019-04-09 02:40 - MyLogger.app - INFO - Cleaning up redundant files
2019-04-09 02:40 - MyLogger.app - INFO - Loading into api...
2019-04-09 02:40 - MyLogger.app - INFO - Done!
2019-04-09 02:40 - MyLogger.app - INFO - Deleting tmp-9bb6ff30499f folder
2019-04-09 02:40 - MyLogger.app - INFO - ============================================
2019-04-09 02:44 - MyLogger.app - INFO - File received
2019-04-09 02:44 - MyLogger.app - INFO - Time checking quota: 0.0084
2019-04-09 02:44 - MyLogger.app - INFO - ImmutableMultiDict([('username', 'chris94137'), ('uuid', '42859552')])
2019-04-09 02:44 - MyLogger.app - INFO - Time reading byte stream: 0.01433
2019-04-09 02:44 - MyLogger.app - INFO - Time transfering to file obj: 2.623e-06
2019-04-09 02:44 - MyLogger.app - INFO - ============================================
2019-04-09 02:44 - MyLogger.app - INFO - Try opening tar file
2019-04-09 02:44 - MyLogger.app - INFO - Try Extracting file
2019-04-09 02:44 - MyLogger.app - INFO - Cleaning up redundant files
2019-04-09 02:44 - MyLogger.app - INFO - Loading into api...
2019-04-09 02:44 - MyLogger.app - INFO - ----------
2019-04-09 02:44 - MyLogger.app - INFO - The size of tensor a (4) must match the size of tensor b (3) at non-singleton dimension 0
2019-04-09 02:44 - MyLogger.app - INFO - ----------
2019-04-09 02:44 - MyLogger.app - INFO - Closing tarfile...
2019-04-09 02:44 - MyLogger.app - INFO - Deleting tmp-9bb6ff30499f folder
2019-04-09 02:44 - MyLogger.app - INFO - ============================================
