2019-04-08 13:10 - MyLogger.app - INFO - File received
2019-04-08 13:10 - MyLogger.app - INFO - Time checking quota: 0.0141
2019-04-08 13:10 - MyLogger.app - INFO - ImmutableMultiDict([('username', 'hsiehjackson'), ('uuid', '37269846')])
2019-04-08 13:10 - MyLogger.app - INFO - Time reading byte stream: 0.02555
2019-04-08 13:10 - MyLogger.app - INFO - Time transfering to file obj: 2.146e-06
2019-04-08 13:10 - MyLogger.app - INFO - ============================================
2019-04-08 13:10 - MyLogger.app - INFO - Try opening tar file
2019-04-08 13:10 - MyLogger.app - INFO - Try Extracting file
2019-04-08 13:10 - MyLogger.app - INFO - Cleaning up redundant files
2019-04-08 13:10 - MyLogger.app - INFO - Error: FileNumberError
2019-04-08 13:10 - MyLogger.app - INFO - Closing tarfile...
2019-04-08 13:10 - MyLogger.app - INFO - Deleting tmp folder
2019-04-08 13:10 - MyLogger.app - INFO - ============================================
2019-04-08 13:13 - MyLogger.app - INFO - File received
2019-04-08 13:13 - MyLogger.app - INFO - Time checking quota: 0.0104
2019-04-08 13:13 - MyLogger.app - INFO - ImmutableMultiDict([('username', 'nba556677go'), ('uuid', '34400917')])
2019-04-08 13:13 - MyLogger.app - INFO - Time reading byte stream: 0.02205
2019-04-08 13:13 - MyLogger.app - INFO - Time transfering to file obj: 2.861e-06
2019-04-08 13:13 - MyLogger.app - INFO - ============================================
2019-04-08 13:13 - MyLogger.app - INFO - Try opening tar file
2019-04-08 13:13 - MyLogger.app - INFO - Try Extracting file
2019-04-08 13:13 - MyLogger.app - INFO - Cleaning up redundant files
2019-04-08 13:13 - MyLogger.app - INFO - Loading into api...
2019-04-08 13:13 - MyLogger.app - INFO - Done!
2019-04-08 13:13 - MyLogger.app - INFO - Deleting tmp folder
2019-04-08 13:13 - MyLogger.app - INFO - ============================================
