2019-04-08 13:10 - MyLogger.app - INFO - File received
2019-04-08 13:10 - MyLogger.app - INFO - Time checking quota: 0.0111
2019-04-08 13:10 - MyLogger.app - INFO - ImmutableMultiDict([('username', 'jimmywu9'), ('uuid', '48486518')])
2019-04-08 13:10 - MyLogger.app - INFO - Time reading byte stream: 0.005443
2019-04-08 13:10 - MyLogger.app - INFO - Time transfering to file obj: 1.907e-06
2019-04-08 13:10 - MyLogger.app - INFO - ============================================
2019-04-08 13:10 - MyLogger.app - INFO - Try opening tar file
2019-04-08 13:10 - MyLogger.app - INFO - Error: FileFormatError
2019-04-08 13:10 - MyLogger.app - INFO - Deleting tmp folder
2019-04-08 13:10 - MyLogger.app - INFO - ============================================
2019-04-08 13:13 - MyLogger.app - INFO - File received
2019-04-08 13:13 - MyLogger.app - INFO - Time checking quota: 0.0111
2019-04-08 13:13 - MyLogger.app - INFO - ImmutableMultiDict([('username', 'hyes92121'), ('uuid', '19795349')])
2019-04-08 13:13 - MyLogger.app - INFO - Time reading byte stream: 0.01274
2019-04-08 13:13 - MyLogger.app - INFO - Time transfering to file obj: 1.907e-06
2019-04-08 13:13 - MyLogger.app - INFO - ============================================
2019-04-08 13:13 - MyLogger.app - INFO - Try opening tar file
2019-04-08 13:13 - MyLogger.app - INFO - Try Extracting file
2019-04-08 13:13 - MyLogger.app - INFO - Cleaning up redundant files
2019-04-08 13:13 - MyLogger.app - INFO - Loading into api...
2019-04-08 13:13 - MyLogger.app - INFO - ----------
2019-04-08 13:13 - MyLogger.app - INFO - [Errno 2] No such file or directory: 'tmp/158.png'
2019-04-08 13:13 - MyLogger.app - INFO - ----------
2019-04-08 13:13 - MyLogger.app - INFO - Closing tarfile...
2019-04-08 13:13 - MyLogger.app - INFO - Deleting tmp folder
2019-04-08 13:13 - MyLogger.app - INFO - ============================================
