2019-04-08 13:10 - MyLogger.app - INFO - File received
2019-04-08 13:10 - MyLogger.app - INFO - Time checking quota: 0.0107
2019-04-08 13:10 - MyLogger.app - INFO - ImmutableMultiDict([('username', 'fanoping'), ('uuid', '31955056')])
2019-04-08 13:10 - MyLogger.app - INFO - Time reading byte stream: 0.009908
2019-04-08 13:10 - MyLogger.app - INFO - Time transfering to file obj: 4.053e-06
2019-04-08 13:10 - MyLogger.app - INFO - ============================================
2019-04-08 13:10 - MyLogger.app - INFO - Try opening tar file
2019-04-08 13:10 - MyLogger.app - INFO - Try Extracting file
2019-04-08 13:10 - MyLogger.app - INFO - Cleaning up redundant files
2019-04-08 13:10 - MyLogger.app - INFO - Loading into api...
2019-04-08 13:10 - MyLogger.app - INFO - Done!
2019-04-08 13:10 - MyLogger.app - INFO - Deleting tmp folder
2019-04-08 13:10 - MyLogger.app - INFO - ============================================
2019-04-08 13:13 - MyLogger.app - INFO - File received
2019-04-08 13:13 - MyLogger.app - INFO - Time checking quota: 0.0082
2019-04-08 13:13 - MyLogger.app - INFO - ImmutableMultiDict([('username', 'liangshuche'), ('uuid', '31978163')])
2019-04-08 13:13 - MyLogger.app - INFO - Time reading byte stream: 0.01094
2019-04-08 13:13 - MyLogger.app - INFO - Time transfering to file obj: 2.861e-06
2019-04-08 13:13 - MyLogger.app - INFO - ============================================
2019-04-08 13:13 - MyLogger.app - INFO - Try opening tar file
2019-04-08 13:13 - MyLogger.app - INFO - Try Extracting file
2019-04-08 13:13 - MyLogger.app - INFO - Cleaning up redundant files
2019-04-08 13:13 - MyLogger.app - INFO - Error: FileNumberError
2019-04-08 13:13 - MyLogger.app - INFO - Closing tarfile...
2019-04-08 13:13 - MyLogger.app - INFO - Deleting tmp folder
2019-04-08 13:13 - MyLogger.app - INFO - ============================================
