2019-04-08 13:10 - MyLogger.app - INFO - File received
2019-04-08 13:10 - MyLogger.app - INFO - Time checking quota: 0.0103
2019-04-08 13:10 - MyLogger.app - INFO - ImmutableMultiDict([('username', 'hyes92121'), ('uuid', '19795349')])
2019-04-08 13:10 - MyLogger.app - INFO - Time reading byte stream: 0.007033
2019-04-08 13:10 - MyLogger.app - INFO - Time transfering to file obj: 2.623e-06
2019-04-08 13:10 - MyLogger.app - INFO - ============================================
2019-04-08 13:10 - MyLogger.app - INFO - Try opening tar file
2019-04-08 13:10 - MyLogger.app - INFO - Try Extracting file
2019-04-08 13:10 - MyLogger.app - INFO - Cleaning up redundant files
2019-04-08 13:10 - MyLogger.app - INFO - Loading into api...
2019-04-08 13:10 - MyLogger.app - INFO - Done!
2019-04-08 13:10 - MyLogger.app - INFO - Deleting tmp folder
2019-04-08 13:10 - MyLogger.app - INFO - ============================================
2019-04-08 13:13 - MyLogger.app - INFO - File received
2019-04-08 13:13 - MyLogger.app - INFO - Time checking quota: 0.0126
2019-04-08 13:13 - MyLogger.app - INFO - ImmutableMultiDict([('username', 'fanoping'), ('uuid', '31955056')])
2019-04-08 13:13 - MyLogger.app - INFO - Time reading byte stream: 0.0154
2019-04-08 13:13 - MyLogger.app - INFO - Time transfering to file obj: 2.384e-06
2019-04-08 13:13 - MyLogger.app - INFO - ============================================
2019-04-08 13:13 - MyLogger.app - INFO - Try opening tar file
2019-04-08 13:13 - MyLogger.app - INFO - Try Extracting file
2019-04-08 13:13 - MyLogger.app - INFO - Cleaning up redundant files
2019-04-08 13:13 - MyLogger.app - INFO - Error: FileNumberError
2019-04-08 13:13 - MyLogger.app - INFO - Closing tarfile...
2019-04-08 13:13 - MyLogger.app - INFO - Deleting tmp folder
2019-04-08 13:13 - MyLogger.app - INFO - ============================================
