2019-04-08 13:10 - MyLogger.app - INFO - File received
2019-04-08 13:10 - MyLogger.app - INFO - Time checking quota: 0.0077
2019-04-08 13:10 - MyLogger.app - INFO - ImmutableMultiDict([('username', 'nba556677go'), ('uuid', '34400917')])
2019-04-08 13:10 - MyLogger.app - INFO - Time reading byte stream: 0.009037
2019-04-08 13:10 - MyLogger.app - INFO - Time transfering to file obj: 1.907e-06
2019-04-08 13:10 - MyLogger.app - INFO - ============================================
2019-04-08 13:10 - MyLogger.app - INFO - Try opening tar file
2019-04-08 13:10 - MyLogger.app - INFO - Try Extracting file
2019-04-08 13:10 - MyLogger.app - INFO - Cleaning up redundant files
2019-04-08 13:10 - MyLogger.app - INFO - Loading into api...
2019-04-08 13:10 - MyLogger.app - INFO - Done!
2019-04-08 13:10 - MyLogger.app - INFO - Deleting tmp folder
2019-04-08 13:10 - MyLogger.app - INFO - ============================================
2019-04-08 13:13 - MyLogger.app - INFO - File received
2019-04-08 13:13 - MyLogger.app - INFO - Time checking quota: 0.0106
2019-04-08 13:13 - MyLogger.app - INFO - ImmutableMultiDict([('username', 'jimmywu9'), ('uuid', '48486518')])
2019-04-08 13:13 - MyLogger.app - INFO - Time reading byte stream: 0.02356
2019-04-08 13:13 - MyLogger.app - INFO - Time transfering to file obj: 3.338e-06
2019-04-08 13:13 - MyLogger.app - INFO - ============================================
2019-04-08 13:13 - MyLogger.app - INFO - Try opening tar file
2019-04-08 13:13 - MyLogger.app - INFO - Try Extracting file
2019-04-08 13:13 - MyLogger.app - INFO - Cleaning up redundant files
2019-04-08 13:13 - MyLogger.app - INFO - Error: FileNumberError
2019-04-08 13:13 - MyLogger.app - INFO - Closing tarfile...
2019-04-08 13:13 - MyLogger.app - INFO - Deleting tmp folder
2019-04-08 13:13 - MyLogger.app - INFO - ============================================
