2019-04-08 13:10 - MyLogger.app - INFO - File received
2019-04-08 13:10 - MyLogger.app - INFO - Time checking quota: 0.0108
2019-04-08 13:10 - MyLogger.app - INFO - ImmutableMultiDict([('username', 'liangshuche'), ('uuid', '31978163')])
2019-04-08 13:10 - MyLogger.app - INFO - Time reading byte stream: 0.006873
2019-04-08 13:10 - MyLogger.app - INFO - Time transfering to file obj: 2.623e-06
2019-04-08 13:10 - MyLogger.app - INFO - ============================================
2019-04-08 13:10 - MyLogger.app - INFO - Try opening tar file
2019-04-08 13:10 - MyLogger.app - INFO - Try Extracting file
2019-04-08 13:10 - MyLogger.app - INFO - Cleaning up redundant files
2019-04-08 13:10 - MyLogger.app - INFO - Error: FileNumberError
2019-04-08 13:10 - MyLogger.app - INFO - Closing tarfile...
2019-04-08 13:10 - MyLogger.app - INFO - Deleting tmp folder
2019-04-08 13:10 - MyLogger.app - INFO - ============================================
2019-04-08 13:13 - MyLogger.app - INFO - File received
2019-04-08 13:13 - MyLogger.app - INFO - Time checking quota: 0.0105
2019-04-08 13:13 - MyLogger.app - INFO - ImmutableMultiDict([('username', 'hsiehjackson'), ('uuid', '37269846')])
2019-04-08 13:13 - MyLogger.app - INFO - Time reading byte stream: 0.01703
2019-04-08 13:13 - MyLogger.app - INFO - Time transfering to file obj: 2.146e-06
2019-04-08 13:13 - MyLogger.app - INFO - ============================================
2019-04-08 13:13 - MyLogger.app - INFO - Try opening tar file
2019-04-08 13:13 - MyLogger.app - INFO - Try Extracting file
2019-04-08 13:13 - MyLogger.app - INFO - Cleaning up redundant files
2019-04-08 13:13 - MyLogger.app - INFO - Error: FileNumberError
2019-04-08 13:13 - MyLogger.app - INFO - Closing tarfile...
2019-04-08 13:13 - MyLogger.app - INFO - Deleting tmp folder
2019-04-08 13:13 - MyLogger.app - INFO - ============================================
