2019-04-09 11:13 - MyLogger.app - INFO - File received
2019-04-09 11:13 - MyLogger.app - INFO - Time checking quota: 0.0108
2019-04-09 11:13 - MyLogger.app - INFO - ImmutableMultiDict([('username', 'fanoping'), ('uuid', '31955056')])
2019-04-09 11:13 - MyLogger.app - INFO - Time reading byte stream: 0.02839
2019-04-09 11:13 - MyLogger.app - INFO - Time transfering to file obj: 3.576e-06
2019-04-09 11:13 - MyLogger.app - INFO - ============================================
2019-04-09 11:13 - MyLogger.app - INFO - Try opening tar file
2019-04-09 11:13 - MyLogger.app - INFO - Try Extracting file
2019-04-09 11:13 - MyLogger.app - INFO - Cleaning up redundant files
2019-04-09 11:13 - MyLogger.app - INFO - Loading into api...
2019-04-09 11:13 - MyLogger.app - INFO - Done!
2019-04-09 11:13 - MyLogger.app - INFO - Deleting tmp-17fb31741b1f folder
2019-04-09 11:13 - MyLogger.app - INFO - ==========================================
2019-04-09 11:19 - MyLogger.app - INFO - File received
2019-04-09 11:19 - MyLogger.app - INFO - Time checking quota: 0.0148
2019-04-09 11:19 - MyLogger.app - INFO - ImmutableMultiDict([('username', 'fanoping'), ('uuid', '31955056')])
2019-04-09 11:19 - MyLogger.app - INFO - Time reading byte stream: 0.03056
2019-04-09 11:19 - MyLogger.app - INFO - Time transfering to file obj: 3.338e-06
2019-04-09 11:19 - MyLogger.app - INFO - ============================================
2019-04-09 11:19 - MyLogger.app - INFO - Try opening tar file
2019-04-09 11:19 - MyLogger.app - INFO - Try Extracting file
2019-04-09 11:19 - MyLogger.app - INFO - Cleaning up redundant files
2019-04-09 11:19 - MyLogger.app - INFO - Loading into api...
2019-04-09 11:20 - MyLogger.app - INFO - Done!
2019-04-09 11:20 - MyLogger.app - INFO - Deleting tmp-17fb31741b1f folder
2019-04-09 11:20 - MyLogger.app - INFO - ==========================================
