2019-04-09 10:19 - MyLogger.app - INFO - File received
2019-04-09 10:19 - MyLogger.app - INFO - Time checking quota: 0.0083
2019-04-09 10:19 - MyLogger.app - INFO - ImmutableMultiDict([('username', 'mhsuab'), ('uuid', '31919014')])
2019-04-09 10:19 - MyLogger.app - INFO - Time reading byte stream: 0.007168
2019-04-09 10:19 - MyLogger.app - INFO - Time transfering to file obj: 3.099e-06
2019-04-09 10:19 - MyLogger.app - INFO - ============================================
2019-04-09 10:19 - MyLogger.app - INFO - Try opening tar file
2019-04-09 10:19 - MyLogger.app - INFO - Try Extracting file
2019-04-09 10:19 - MyLogger.app - INFO - Cleaning up redundant files
2019-04-09 10:19 - MyLogger.app - INFO - Loading into api...
2019-04-09 10:19 - MyLogger.app - INFO - Done!
2019-04-09 10:19 - MyLogger.app - INFO - Deleting tmp-1daf21933a85 folder
2019-04-09 10:19 - MyLogger.app - INFO - ==========================================
2019-04-09 11:18 - MyLogger.app - INFO - File received
2019-04-09 11:18 - MyLogger.app - INFO - Time checking quota: 0.0083
2019-04-09 11:18 - MyLogger.app - INFO - ImmutableMultiDict([('username', 'liangshuche'), ('uuid', '31978163')])
2019-04-09 11:18 - MyLogger.app - INFO - Time reading byte stream: 0.01574
2019-04-09 11:18 - MyLogger.app - INFO - Time transfering to file obj: 4.53e-06
2019-04-09 11:18 - MyLogger.app - INFO - ============================================
2019-04-09 11:18 - MyLogger.app - INFO - Try opening tar file
2019-04-09 11:18 - MyLogger.app - INFO - Try Extracting file
2019-04-09 11:18 - MyLogger.app - INFO - Cleaning up redundant files
2019-04-09 11:18 - MyLogger.app - INFO - Loading into api...
2019-04-09 11:18 - MyLogger.app - INFO - Done!
2019-04-09 11:18 - MyLogger.app - INFO - Deleting tmp-1daf21933a85 folder
2019-04-09 11:18 - MyLogger.app - INFO - ==========================================
