2019-04-09 10:13 - MyLogger.app - INFO - File received
2019-04-09 10:13 - MyLogger.app - INFO - Time checking quota: 0.0110
2019-04-09 10:13 - MyLogger.app - INFO - ImmutableMultiDict([('username', 'hyes92121'), ('uuid', '19795349')])
2019-04-09 10:13 - MyLogger.app - INFO - Time reading byte stream: 0.005199
2019-04-09 10:13 - MyLogger.app - INFO - Time transfering to file obj: 1.907e-06
2019-04-09 10:13 - MyLogger.app - INFO - ============================================
2019-04-09 10:13 - MyLogger.app - INFO - Try opening tar file
2019-04-09 10:13 - MyLogger.app - INFO - Try Extracting file
2019-04-09 10:13 - MyLogger.app - INFO - Cleaning up redundant files
2019-04-09 10:13 - MyLogger.app - INFO - Loading into api...
2019-04-09 10:13 - MyLogger.app - INFO - Done!
2019-04-09 10:13 - MyLogger.app - INFO - Deleting tmp-55dd0d3133eb folder
2019-04-09 10:13 - MyLogger.app - INFO - ==========================================
2019-04-09 11:14 - MyLogger.app - INFO - File received
2019-04-09 11:14 - MyLogger.app - INFO - Time checking quota: 0.0133
2019-04-09 11:14 - MyLogger.app - INFO - ImmutableMultiDict([('username', 'jimmywu9'), ('uuid', '48486518')])
2019-04-09 11:14 - MyLogger.app - INFO - Time reading byte stream: 0.01752
2019-04-09 11:14 - MyLogger.app - INFO - Time transfering to file obj: 1.049e-05
2019-04-09 11:14 - MyLogger.app - INFO - ============================================
2019-04-09 11:14 - MyLogger.app - INFO - Try opening tar file
2019-04-09 11:14 - MyLogger.app - INFO - Try Extracting file
2019-04-09 11:14 - MyLogger.app - INFO - Cleaning up redundant files
2019-04-09 11:14 - MyLogger.app - INFO - Loading into api...
2019-04-09 11:14 - MyLogger.app - INFO - Done!
2019-04-09 11:14 - MyLogger.app - INFO - Deleting tmp-55dd0d3133eb folder
2019-04-09 11:14 - MyLogger.app - INFO - ==========================================
