2019-04-09 10:12 - MyLogger.app - INFO - File received
2019-04-09 10:12 - MyLogger.app - INFO - Time checking quota: 0.0093
2019-04-09 10:12 - MyLogger.app - INFO - ImmutableMultiDict([('username', 'hyes92121'), ('uuid', '19795349')])
2019-04-09 10:12 - MyLogger.app - INFO - Time reading byte stream: 0.007119
2019-04-09 10:12 - MyLogger.app - INFO - Time transfering to file obj: 3.338e-06
2019-04-09 10:12 - MyLogger.app - INFO - ============================================
2019-04-09 10:12 - MyLogger.app - INFO - Try opening tar file
2019-04-09 10:12 - MyLogger.app - INFO - Try Extracting file
2019-04-09 10:12 - MyLogger.app - INFO - Cleaning up redundant files
2019-04-09 10:12 - MyLogger.app - INFO - Loading into api...
2019-04-09 10:12 - MyLogger.app - INFO - Done!
2019-04-09 10:12 - MyLogger.app - INFO - Deleting tmp-9b8a25216cae folder
2019-04-09 10:12 - MyLogger.app - INFO - ==========================================
2019-04-09 11:14 - MyLogger.app - INFO - File received
2019-04-09 11:14 - MyLogger.app - INFO - Time checking quota: 0.0085
2019-04-09 11:14 - MyLogger.app - INFO - ImmutableMultiDict([('username', 'hyes92121'), ('uuid', '19795349')])
2019-04-09 11:14 - MyLogger.app - INFO - Time reading byte stream: 0.01191
2019-04-09 11:14 - MyLogger.app - INFO - Time transfering to file obj: 2.623e-06
2019-04-09 11:14 - MyLogger.app - INFO - ============================================
2019-04-09 11:14 - MyLogger.app - INFO - Try opening tar file
2019-04-09 11:14 - MyLogger.app - INFO - Try Extracting file
2019-04-09 11:14 - MyLogger.app - INFO - Cleaning up redundant files
2019-04-09 11:14 - MyLogger.app - INFO - Loading into api...
2019-04-09 11:14 - MyLogger.app - INFO - Done!
2019-04-09 11:14 - MyLogger.app - INFO - Deleting tmp-9b8a25216cae folder
2019-04-09 11:14 - MyLogger.app - INFO - ==========================================
