2019-04-09 11:13 - MyLogger.app - INFO - File received
2019-04-09 11:13 - MyLogger.app - INFO - Time checking quota: 0.0121
2019-04-09 11:13 - MyLogger.app - INFO - ImmutableMultiDict([('username', 'hyes92121'), ('uuid', '19795349')])
2019-04-09 11:13 - MyLogger.app - INFO - Time reading byte stream: 0.02651
2019-04-09 11:13 - MyLogger.app - INFO - Time transfering to file obj: 3.099e-06
2019-04-09 11:13 - MyLogger.app - INFO - ============================================
2019-04-09 11:13 - MyLogger.app - INFO - Try opening tar file
2019-04-09 11:13 - MyLogger.app - INFO - Try Extracting file
2019-04-09 11:13 - MyLogger.app - INFO - Cleaning up redundant files
2019-04-09 11:13 - MyLogger.app - INFO - Loading into api...
2019-04-09 11:13 - MyLogger.app - INFO - Done!
2019-04-09 11:13 - MyLogger.app - INFO - Deleting tmp-ab67d3d889fc folder
2019-04-09 11:13 - MyLogger.app - INFO - ==========================================
2019-04-09 11:18 - MyLogger.app - INFO - File received
2019-04-09 11:18 - MyLogger.app - INFO - Time checking quota: 0.0086
2019-04-09 11:18 - MyLogger.app - INFO - ImmutableMultiDict([('username', 'hyes92121'), ('uuid', '19795349')])
2019-04-09 11:18 - MyLogger.app - INFO - Time reading byte stream: 0.02538
2019-04-09 11:18 - MyLogger.app - INFO - Time transfering to file obj: 2.623e-06
2019-04-09 11:18 - MyLogger.app - INFO - ============================================
2019-04-09 11:18 - MyLogger.app - INFO - Try opening tar file
2019-04-09 11:18 - MyLogger.app - INFO - Try Extracting file
2019-04-09 11:18 - MyLogger.app - INFO - Cleaning up redundant files
2019-04-09 11:18 - MyLogger.app - INFO - Loading into api...
2019-04-09 11:19 - MyLogger.app - INFO - Done!
2019-04-09 11:19 - MyLogger.app - INFO - Deleting tmp-ab67d3d889fc folder
2019-04-09 11:19 - MyLogger.app - INFO - ==========================================
