2019-04-09 11:11 - MyLogger.app - INFO - File received
2019-04-09 11:11 - MyLogger.app - INFO - Time checking quota: 0.0123
2019-04-09 11:11 - MyLogger.app - INFO - ImmutableMultiDict([('username', 'fanoping'), ('uuid', '31955056')])
2019-04-09 11:11 - MyLogger.app - INFO - Time reading byte stream: 0.009036
2019-04-09 11:11 - MyLogger.app - INFO - Time transfering to file obj: 2.384e-06
2019-04-09 11:11 - MyLogger.app - INFO - ============================================
2019-04-09 11:11 - MyLogger.app - INFO - Try opening tar file
2019-04-09 11:11 - MyLogger.app - INFO - Try Extracting file
2019-04-09 11:11 - MyLogger.app - INFO - Cleaning up redundant files
2019-04-09 11:11 - MyLogger.app - INFO - Loading into api...
2019-04-09 11:11 - MyLogger.app - INFO - Done!
2019-04-09 11:11 - MyLogger.app - INFO - Deleting tmp-c8e08b953491 folder
2019-04-09 11:11 - MyLogger.app - INFO - ==========================================
2019-04-09 11:18 - MyLogger.app - INFO - File received
2019-04-09 11:18 - MyLogger.app - INFO - Time checking quota: 0.0078
2019-04-09 11:18 - MyLogger.app - INFO - ImmutableMultiDict([('username', 'fanoping'), ('uuid', '31955056')])
2019-04-09 11:18 - MyLogger.app - INFO - Time reading byte stream: 0.01512
2019-04-09 11:18 - MyLogger.app - INFO - Time transfering to file obj: 3.099e-06
2019-04-09 11:18 - MyLogger.app - INFO - ============================================
2019-04-09 11:18 - MyLogger.app - INFO - Try opening tar file
2019-04-09 11:18 - MyLogger.app - INFO - Try Extracting file
2019-04-09 11:18 - MyLogger.app - INFO - Cleaning up redundant files
2019-04-09 11:18 - MyLogger.app - INFO - Loading into api...
2019-04-09 11:19 - MyLogger.app - INFO - Done!
2019-04-09 11:19 - MyLogger.app - INFO - Deleting tmp-c8e08b953491 folder
2019-04-09 11:19 - MyLogger.app - INFO - ==========================================
