2019-04-09 02:25 - MyLogger.app - INFO - File received
2019-04-09 02:25 - MyLogger.app - INFO - Time checking quota: 0.0114
2019-04-09 02:25 - MyLogger.app - INFO - ImmutableMultiDict([('username', 'hyes92121'), ('uuid', '19795349')])
2019-04-09 02:25 - MyLogger.app - INFO - Time reading byte stream: 0.02011
2019-04-09 02:25 - MyLogger.app - INFO - Time transfering to file obj: 2.861e-06
2019-04-09 02:25 - MyLogger.app - INFO - ============================================
2019-04-09 02:25 - MyLogger.app - INFO - Try opening tar file
2019-04-09 02:25 - MyLogger.app - INFO - Try Extracting file
2019-04-09 02:25 - MyLogger.app - INFO - Cleaning up redundant files
2019-04-09 02:25 - MyLogger.app - INFO - Loading into api...
2019-04-09 02:25 - MyLogger.app - INFO - Done!
2019-04-09 02:25 - MyLogger.app - INFO - Deleting tmp-366ae1881d3e folder
2019-04-09 02:25 - MyLogger.app - INFO - ============================================
2019-04-09 02:27 - MyLogger.app - INFO - File received
2019-04-09 02:27 - MyLogger.app - INFO - Time checking quota: 0.0102
2019-04-09 02:27 - MyLogger.app - INFO - ImmutableMultiDict([('username', 'hyes92121'), ('uuid', '19795349')])
2019-04-09 02:27 - MyLogger.app - INFO - Time reading byte stream: 0.02491
2019-04-09 02:27 - MyLogger.app - INFO - Time transfering to file obj: 2.146e-06
2019-04-09 02:27 - MyLogger.app - INFO - ============================================
2019-04-09 02:27 - MyLogger.app - INFO - Try opening tar file
2019-04-09 02:27 - MyLogger.app - INFO - Try Extracting file
2019-04-09 02:27 - MyLogger.app - INFO - Cleaning up redundant files
2019-04-09 02:27 - MyLogger.app - INFO - Loading into api...
2019-04-09 02:27 - MyLogger.app - INFO - Done!
2019-04-09 02:27 - MyLogger.app - INFO - Deleting tmp-366ae1881d3e folder
2019-04-09 02:27 - MyLogger.app - INFO - ============================================
2019-04-09 02:36 - MyLogger.app - INFO - File received
2019-04-09 02:36 - MyLogger.app - INFO - Time checking quota: 0.0096
2019-04-09 02:36 - MyLogger.app - INFO - ImmutableMultiDict([('username', 'hyes92121'), ('uuid', '19795349')])
2019-04-09 02:36 - MyLogger.app - INFO - Time reading byte stream: 0.01774
2019-04-09 02:36 - MyLogger.app - INFO - Time transfering to file obj: 2.861e-06
2019-04-09 02:36 - MyLogger.app - INFO - ============================================
2019-04-09 02:36 - MyLogger.app - INFO - Try opening tar file
2019-04-09 02:36 - MyLogger.app - INFO - Try Extracting file
2019-04-09 02:36 - MyLogger.app - INFO - Cleaning up redundant files
2019-04-09 02:36 - MyLogger.app - INFO - Loading into api...
2019-04-09 02:36 - MyLogger.app - INFO - Done!
2019-04-09 02:36 - MyLogger.app - INFO - Deleting tmp-366ae1881d3e folder
2019-04-09 02:36 - MyLogger.app - INFO - ============================================
2019-04-09 02:38 - MyLogger.app - INFO - File received
2019-04-09 02:38 - MyLogger.app - INFO - Time checking quota: 0.0079
2019-04-09 02:38 - MyLogger.app - INFO - ImmutableMultiDict([('username', 'chris94137'), ('uuid', '42859552')])
2019-04-09 02:38 - MyLogger.app - INFO - Time reading byte stream: 0.01834
2019-04-09 02:38 - MyLogger.app - INFO - Time transfering to file obj: 2.861e-06
2019-04-09 02:38 - MyLogger.app - INFO - ============================================
2019-04-09 02:38 - MyLogger.app - INFO - Try opening tar file
2019-04-09 02:38 - MyLogger.app - INFO - Try Extracting file
2019-04-09 02:38 - MyLogger.app - INFO - Cleaning up redundant files
2019-04-09 02:38 - MyLogger.app - INFO - Loading into api...
2019-04-09 02:38 - MyLogger.app - INFO - ----------
2019-04-09 02:38 - MyLogger.app - INFO - The size of tensor a (4) must match the size of tensor b (3) at non-singleton dimension 0
2019-04-09 02:38 - MyLogger.app - INFO - ----------
2019-04-09 02:38 - MyLogger.app - INFO - Closing tarfile...
2019-04-09 02:38 - MyLogger.app - INFO - Deleting tmp-366ae1881d3e folder
2019-04-09 02:38 - MyLogger.app - INFO - ============================================
2019-04-09 02:41 - MyLogger.app - INFO - File received
2019-04-09 02:41 - MyLogger.app - INFO - Time checking quota: 0.0099
2019-04-09 02:41 - MyLogger.app - INFO - ImmutableMultiDict([('username', 'chris94137'), ('uuid', '42859552')])
2019-04-09 02:41 - MyLogger.app - INFO - Time reading byte stream: 0.01953
2019-04-09 02:41 - MyLogger.app - INFO - Time transfering to file obj: 2.623e-06
2019-04-09 02:41 - MyLogger.app - INFO - ============================================
2019-04-09 02:41 - MyLogger.app - INFO - Try opening tar file
2019-04-09 02:41 - MyLogger.app - INFO - Try Extracting file
2019-04-09 02:41 - MyLogger.app - INFO - Cleaning up redundant files
2019-04-09 02:41 - MyLogger.app - INFO - Loading into api...
2019-04-09 02:41 - MyLogger.app - INFO - ----------
2019-04-09 02:41 - MyLogger.app - INFO - The size of tensor a (4) must match the size of tensor b (3) at non-singleton dimension 0
2019-04-09 02:41 - MyLogger.app - INFO - ----------
2019-04-09 02:41 - MyLogger.app - INFO - Closing tarfile...
2019-04-09 02:41 - MyLogger.app - INFO - Deleting tmp-366ae1881d3e folder
2019-04-09 02:41 - MyLogger.app - INFO - ============================================
