2019-04-08 14:21 - MyLogger.app - INFO - File received
2019-04-08 14:21 - MyLogger.app - INFO - Time checking quota: 0.0108
2019-04-08 14:21 - MyLogger.app - INFO - ImmutableMultiDict([('username', 'fanoping'), ('uuid', '31955056')])
2019-04-08 14:21 - MyLogger.app - INFO - Time reading byte stream: 0.01015
2019-04-08 14:21 - MyLogger.app - INFO - Time transfering to file obj: 1.669e-06
2019-04-08 14:21 - MyLogger.app - INFO - ============================================
2019-04-08 14:21 - MyLogger.app - INFO - Try opening tar file
2019-04-08 14:21 - MyLogger.app - INFO - Try Extracting file
2019-04-08 14:21 - MyLogger.app - INFO - Cleaning up redundant files
2019-04-08 14:21 - MyLogger.app - INFO - Loading into api...
2019-04-08 14:21 - MyLogger.app - INFO - Done!
2019-04-08 14:21 - MyLogger.app - INFO - Deleting tmp-500f3e3b2c73 folder
2019-04-08 14:21 - MyLogger.app - INFO - ============================================
2019-04-08 14:40 - MyLogger.app - INFO - File received
2019-04-08 14:40 - MyLogger.app - INFO - Time checking quota: 0.0089
2019-04-08 14:40 - MyLogger.app - INFO - ImmutableMultiDict([('username', 'liangshuche'), ('uuid', '31978163')])
2019-04-08 14:40 - MyLogger.app - INFO - Time reading byte stream: 0.02143
2019-04-08 14:40 - MyLogger.app - INFO - Time transfering to file obj: 1.907e-06
2019-04-08 14:40 - MyLogger.app - INFO - ============================================
2019-04-08 14:40 - MyLogger.app - INFO - Try opening tar file
2019-04-08 14:40 - MyLogger.app - INFO - Try Extracting file
2019-04-08 14:40 - MyLogger.app - INFO - Cleaning up redundant files
2019-04-08 14:40 - MyLogger.app - INFO - Loading into api...
2019-04-08 14:40 - MyLogger.app - INFO - Done!
2019-04-08 14:40 - MyLogger.app - INFO - Deleting tmp-500f3e3b2c73 folder
2019-04-08 14:40 - MyLogger.app - INFO - ============================================
