2019-04-08 14:15 - MyLogger.app - INFO - File received
2019-04-08 14:15 - MyLogger.app - INFO - Time checking quota: 0.0089
2019-04-08 14:15 - MyLogger.app - INFO - ImmutableMultiDict([('username', 'hyes92121'), ('uuid', '19795349')])
2019-04-08 14:15 - MyLogger.app - INFO - Time reading byte stream: 0.004987
2019-04-08 14:15 - MyLogger.app - INFO - Time transfering to file obj: 1.907e-06
2019-04-08 14:15 - MyLogger.app - INFO - ============================================
2019-04-08 14:15 - MyLogger.app - INFO - Try opening tar file
2019-04-08 14:15 - MyLogger.app - INFO - Try Extracting file
2019-04-08 14:15 - MyLogger.app - INFO - Cleaning up redundant files
2019-04-08 14:15 - MyLogger.app - INFO - Loading into api...
2019-04-08 14:15 - MyLogger.app - INFO - Done!
2019-04-08 14:15 - MyLogger.app - INFO - Deleting tmp-86486e9962ff folder
2019-04-08 14:15 - MyLogger.app - INFO - ============================================
2019-04-08 14:21 - MyLogger.app - INFO - File received
2019-04-08 14:21 - MyLogger.app - INFO - Time checking quota: 0.0085
2019-04-08 14:21 - MyLogger.app - INFO - ImmutableMultiDict([('username', 'nba556677go'), ('uuid', '34400917')])
2019-04-08 14:21 - MyLogger.app - INFO - Time reading byte stream: 0.01207
2019-04-08 14:21 - MyLogger.app - INFO - Time transfering to file obj: 1.907e-06
2019-04-08 14:21 - MyLogger.app - INFO - ============================================
2019-04-08 14:21 - MyLogger.app - INFO - Try opening tar file
2019-04-08 14:21 - MyLogger.app - INFO - Try Extracting file
2019-04-08 14:21 - MyLogger.app - INFO - Cleaning up redundant files
2019-04-08 14:21 - MyLogger.app - INFO - Loading into api...
2019-04-08 14:21 - MyLogger.app - INFO - Done!
2019-04-08 14:21 - MyLogger.app - INFO - Deleting tmp-86486e9962ff folder
2019-04-08 14:21 - MyLogger.app - INFO - ============================================
