2019-04-08 14:18 - MyLogger.app - INFO - File received
2019-04-08 14:18 - MyLogger.app - INFO - Time checking quota: 0.0106
2019-04-08 14:18 - MyLogger.app - INFO - ImmutableMultiDict([('username', 'william6715'), ('uuid', '47823655')])
2019-04-08 14:18 - MyLogger.app - INFO - Time reading byte stream: 0.01158
2019-04-08 14:18 - MyLogger.app - INFO - Time transfering to file obj: 3.099e-06
2019-04-08 14:18 - MyLogger.app - INFO - ============================================
2019-04-08 14:18 - MyLogger.app - INFO - Try opening tar file
2019-04-08 14:18 - MyLogger.app - INFO - Try Extracting file
2019-04-08 14:18 - MyLogger.app - INFO - Cleaning up redundant files
2019-04-08 14:18 - MyLogger.app - INFO - Loading into api...
2019-04-08 14:18 - MyLogger.app - INFO - Done!
2019-04-08 14:18 - MyLogger.app - INFO - Deleting tmp-9310e6821454 folder
2019-04-08 14:18 - MyLogger.app - INFO - ============================================
2019-04-08 14:23 - MyLogger.app - INFO - File received
2019-04-08 14:23 - MyLogger.app - INFO - Time checking quota: 0.0089
2019-04-08 14:23 - MyLogger.app - INFO - ImmutableMultiDict([('username', 'william6715'), ('uuid', '47823655')])
2019-04-08 14:23 - MyLogger.app - INFO - Time reading byte stream: 0.01647
2019-04-08 14:23 - MyLogger.app - INFO - Time transfering to file obj: 2.861e-06
2019-04-08 14:23 - MyLogger.app - INFO - ============================================
2019-04-08 14:23 - MyLogger.app - INFO - Try opening tar file
2019-04-08 14:23 - MyLogger.app - INFO - Try Extracting file
2019-04-08 14:23 - MyLogger.app - INFO - Cleaning up redundant files
2019-04-08 14:23 - MyLogger.app - INFO - Loading into api...
2019-04-08 14:24 - MyLogger.app - INFO - Done!
2019-04-08 14:24 - MyLogger.app - INFO - Deleting tmp-9310e6821454 folder
2019-04-08 14:24 - MyLogger.app - INFO - ============================================
