2019-04-08 14:20 - MyLogger.app - INFO - File received
2019-04-08 14:20 - MyLogger.app - INFO - Time checking quota: 0.0094
2019-04-08 14:20 - MyLogger.app - INFO - ImmutableMultiDict([('username', 'fanoping'), ('uuid', '31955056')])
2019-04-08 14:20 - MyLogger.app - INFO - Time reading byte stream: 0.009692
2019-04-08 14:20 - MyLogger.app - INFO - Time transfering to file obj: 2.861e-06
2019-04-08 14:20 - MyLogger.app - INFO - ============================================
2019-04-08 14:20 - MyLogger.app - INFO - Try opening tar file
2019-04-08 14:20 - MyLogger.app - INFO - Try Extracting file
2019-04-08 14:20 - MyLogger.app - INFO - Cleaning up redundant files
2019-04-08 14:20 - MyLogger.app - INFO - Loading into api...
2019-04-08 14:20 - MyLogger.app - INFO - Done!
2019-04-08 14:20 - MyLogger.app - INFO - Deleting tmp-9a13b1fd5a3c folder
2019-04-08 14:20 - MyLogger.app - INFO - ============================================
2019-04-08 14:40 - MyLogger.app - INFO - File received
2019-04-08 14:40 - MyLogger.app - INFO - Time checking quota: 0.0084
2019-04-08 14:40 - MyLogger.app - INFO - ImmutableMultiDict([('username', 'hewumars'), ('uuid', '7970022')])
2019-04-08 14:40 - MyLogger.app - INFO - Time reading byte stream: 0.01584
2019-04-08 14:40 - MyLogger.app - INFO - Time transfering to file obj: 3.338e-06
2019-04-08 14:40 - MyLogger.app - INFO - ============================================
2019-04-08 14:40 - MyLogger.app - INFO - Try opening tar file
2019-04-08 14:40 - MyLogger.app - INFO - Try Extracting file
2019-04-08 14:40 - MyLogger.app - INFO - Cleaning up redundant files
2019-04-08 14:40 - MyLogger.app - INFO - Loading into api...
2019-04-08 14:40 - MyLogger.app - INFO - Done!
2019-04-08 14:40 - MyLogger.app - INFO - Deleting tmp-9a13b1fd5a3c folder
2019-04-08 14:40 - MyLogger.app - INFO - ============================================
