2019-04-08 14:20 - MyLogger.app - INFO - File received
2019-04-08 14:20 - MyLogger.app - INFO - Time checking quota: 0.0137
2019-04-08 14:20 - MyLogger.app - INFO - ImmutableMultiDict([('username', 'hyes92121'), ('uuid', '19795349')])
2019-04-08 14:20 - MyLogger.app - INFO - Time reading byte stream: 0.01057
2019-04-08 14:20 - MyLogger.app - INFO - Time transfering to file obj: 2.861e-06
2019-04-08 14:20 - MyLogger.app - INFO - ============================================
2019-04-08 14:20 - MyLogger.app - INFO - Try opening tar file
2019-04-08 14:20 - MyLogger.app - INFO - Try Extracting file
2019-04-08 14:20 - MyLogger.app - INFO - Cleaning up redundant files
2019-04-08 14:20 - MyLogger.app - INFO - Loading into api...
2019-04-08 14:20 - MyLogger.app - INFO - Done!
2019-04-08 14:20 - MyLogger.app - INFO - Deleting tmp-d12fe0a3b3cd folder
2019-04-08 14:20 - MyLogger.app - INFO - ============================================
2019-04-08 14:34 - MyLogger.app - INFO - File received
2019-04-08 14:34 - MyLogger.app - INFO - Time checking quota: 0.0111
2019-04-08 14:34 - MyLogger.app - INFO - ImmutableMultiDict([('username', 'william6715'), ('uuid', '47823655')])
2019-04-08 14:34 - MyLogger.app - INFO - Time reading byte stream: 0.01546
2019-04-08 14:34 - MyLogger.app - INFO - Time transfering to file obj: 2.146e-06
2019-04-08 14:34 - MyLogger.app - INFO - ============================================
2019-04-08 14:34 - MyLogger.app - INFO - Try opening tar file
2019-04-08 14:34 - MyLogger.app - INFO - Try Extracting file
2019-04-08 14:34 - MyLogger.app - INFO - Cleaning up redundant files
2019-04-08 14:34 - MyLogger.app - INFO - Loading into api...
2019-04-08 14:34 - MyLogger.app - INFO - Done!
2019-04-08 14:34 - MyLogger.app - INFO - Deleting tmp-d12fe0a3b3cd folder
2019-04-08 14:34 - MyLogger.app - INFO - ============================================
