2019-04-08 13:32 - MyLogger.app - INFO - File received
2019-04-08 13:32 - MyLogger.app - INFO - Time checking quota: 0.0101
2019-04-08 13:32 - MyLogger.app - INFO - ImmutableMultiDict([('username', 'hsiehjackson'), ('uuid', '37269846')])
2019-04-08 13:32 - MyLogger.app - INFO - Time reading byte stream: 0.00504
2019-04-08 13:32 - MyLogger.app - INFO - Time transfering to file obj: 2.146e-06
2019-04-08 13:32 - MyLogger.app - INFO - ============================================
2019-04-08 13:32 - MyLogger.app - INFO - Try opening tar file
2019-04-08 13:32 - MyLogger.app - INFO - Try Extracting file
2019-04-08 13:32 - MyLogger.app - INFO - Cleaning up redundant files
2019-04-08 13:32 - MyLogger.app - INFO - Loading into api...
2019-04-08 13:32 - MyLogger.app - INFO - ----------
2019-04-08 13:32 - MyLogger.app - INFO - pic should be PIL Image or ndarray. Got <class 'numpy.ndarray'>
2019-04-08 13:32 - MyLogger.app - INFO - ----------
2019-04-08 13:32 - MyLogger.app - INFO - Closing tarfile...
2019-04-08 13:32 - MyLogger.app - INFO - Deleting tmp folder
2019-04-08 13:32 - MyLogger.app - INFO - ============================================
2019-04-08 13:40 - MyLogger.app - INFO - File received
2019-04-08 13:40 - MyLogger.app - INFO - Time checking quota: 0.0085
2019-04-08 13:40 - MyLogger.app - INFO - ImmutableMultiDict([('username', 'linkingmon'), ('uuid', '35398306')])
2019-04-08 13:40 - MyLogger.app - INFO - Time reading byte stream: 0.01725
2019-04-08 13:40 - MyLogger.app - INFO - Time transfering to file obj: 2.384e-06
2019-04-08 13:40 - MyLogger.app - INFO - ============================================
2019-04-08 13:40 - MyLogger.app - INFO - Try opening tar file
2019-04-08 13:40 - MyLogger.app - INFO - Try Extracting file
2019-04-08 13:40 - MyLogger.app - INFO - Cleaning up redundant files
2019-04-08 13:40 - MyLogger.app - INFO - Loading into api...
2019-04-08 13:40 - MyLogger.app - INFO - ----------
2019-04-08 13:40 - MyLogger.app - INFO - pic should be PIL Image or ndarray. Got <class 'numpy.ndarray'>
2019-04-08 13:40 - MyLogger.app - INFO - ----------
2019-04-08 13:40 - MyLogger.app - INFO - Closing tarfile...
2019-04-08 13:40 - MyLogger.app - INFO - Deleting tmp folder
2019-04-08 13:40 - MyLogger.app - INFO - ============================================
