2019-04-08 13:32 - MyLogger.app - INFO - File received
2019-04-08 13:32 - MyLogger.app - INFO - Time checking quota: 0.0098
2019-04-08 13:32 - MyLogger.app - INFO - ImmutableMultiDict([('username', 'hyes92121'), ('uuid', '19795349')])
2019-04-08 13:32 - MyLogger.app - INFO - Time reading byte stream: 0.011
2019-04-08 13:32 - MyLogger.app - INFO - Time transfering to file obj: 1.907e-06
2019-04-08 13:32 - MyLogger.app - INFO - ============================================
2019-04-08 13:32 - MyLogger.app - INFO - Try opening tar file
2019-04-08 13:32 - MyLogger.app - INFO - Try Extracting file
2019-04-08 13:32 - MyLogger.app - INFO - Cleaning up redundant files
2019-04-08 13:32 - MyLogger.app - INFO - Loading into api...
2019-04-08 13:32 - MyLogger.app - INFO - Done!
2019-04-08 13:32 - MyLogger.app - INFO - Deleting tmp folder
2019-04-08 13:32 - MyLogger.app - INFO - ============================================
2019-04-08 13:39 - MyLogger.app - INFO - File received
2019-04-08 13:39 - MyLogger.app - INFO - Time checking quota: 0.0117
2019-04-08 13:39 - MyLogger.app - INFO - ImmutableMultiDict([('username', 'hyes92121'), ('uuid', '19795349')])
2019-04-08 13:39 - MyLogger.app - INFO - Time reading byte stream: 0.01801
2019-04-08 13:39 - MyLogger.app - INFO - Time transfering to file obj: 2.384e-06
2019-04-08 13:39 - MyLogger.app - INFO - ============================================
2019-04-08 13:39 - MyLogger.app - INFO - Try opening tar file
2019-04-08 13:39 - MyLogger.app - INFO - Try Extracting file
2019-04-08 13:39 - MyLogger.app - INFO - Cleaning up redundant files
2019-04-08 13:39 - MyLogger.app - INFO - Loading into api...
2019-04-08 13:39 - MyLogger.app - INFO - Done!
2019-04-08 13:39 - MyLogger.app - INFO - Deleting tmp folder
2019-04-08 13:39 - MyLogger.app - INFO - ============================================
