2019-04-08 13:32 - MyLogger.app - INFO - File received
2019-04-08 13:32 - MyLogger.app - INFO - Time checking quota: 0.0107
2019-04-08 13:32 - MyLogger.app - INFO - ImmutableMultiDict([('username', 'fanoping'), ('uuid', '31955056')])
2019-04-08 13:32 - MyLogger.app - INFO - Time reading byte stream: 0.009239
2019-04-08 13:32 - MyLogger.app - INFO - Time transfering to file obj: 1.907e-06
2019-04-08 13:32 - MyLogger.app - INFO - ============================================
2019-04-08 13:32 - MyLogger.app - INFO - Try opening tar file
2019-04-08 13:32 - MyLogger.app - INFO - Try Extracting file
2019-04-08 13:32 - MyLogger.app - INFO - Cleaning up redundant files
2019-04-08 13:32 - MyLogger.app - INFO - Loading into api...
2019-04-08 13:32 - MyLogger.app - INFO - Done!
2019-04-08 13:32 - MyLogger.app - INFO - Deleting tmp folder
2019-04-08 13:32 - MyLogger.app - INFO - ============================================
2019-04-08 13:41 - MyLogger.app - INFO - File received
2019-04-08 13:41 - MyLogger.app - INFO - Time checking quota: 0.0095
2019-04-08 13:41 - MyLogger.app - INFO - ImmutableMultiDict([('username', 'linkingmon'), ('uuid', '35398306')])
2019-04-08 13:41 - MyLogger.app - INFO - Time reading byte stream: 0.01573
2019-04-08 13:41 - MyLogger.app - INFO - Time transfering to file obj: 2.861e-06
2019-04-08 13:41 - MyLogger.app - INFO - ============================================
2019-04-08 13:41 - MyLogger.app - INFO - Try opening tar file
2019-04-08 13:41 - MyLogger.app - INFO - Try Extracting file
2019-04-08 13:41 - MyLogger.app - INFO - Cleaning up redundant files
2019-04-08 13:41 - MyLogger.app - INFO - Loading into api...
2019-04-08 13:41 - MyLogger.app - INFO - Done!
2019-04-08 13:41 - MyLogger.app - INFO - Deleting tmp folder
2019-04-08 13:41 - MyLogger.app - INFO - ============================================
