2019-04-09 03:04 - MyLogger.app - INFO - File received
2019-04-09 03:04 - MyLogger.app - INFO - Time checking quota: 0.0086
2019-04-09 03:04 - MyLogger.app - INFO - ImmutableMultiDict([('username', 'hyes92121'), ('uuid', '19795349')])
2019-04-09 03:04 - MyLogger.app - INFO - Time reading byte stream: 0.005537
2019-04-09 03:04 - MyLogger.app - INFO - Time transfering to file obj: 2.861e-06
2019-04-09 03:04 - MyLogger.app - INFO - ============================================
2019-04-09 03:04 - MyLogger.app - INFO - Try opening tar file
2019-04-09 03:04 - MyLogger.app - INFO - Try Extracting file
2019-04-09 03:04 - MyLogger.app - INFO - Cleaning up redundant files
2019-04-09 03:04 - MyLogger.app - INFO - Loading into api...
2019-04-09 03:04 - MyLogger.app - INFO - Done!
2019-04-09 03:04 - MyLogger.app - INFO - Deleting tmp-55899c58baea folder
2019-04-09 03:04 - MyLogger.app - INFO - ============================================
2019-04-09 03:06 - MyLogger.app - INFO - File received
2019-04-09 03:06 - MyLogger.app - INFO - Time checking quota: 0.0081
2019-04-09 03:06 - MyLogger.app - INFO - ImmutableMultiDict([('username', 'hyes92121'), ('uuid', '19795349')])
2019-04-09 03:06 - MyLogger.app - INFO - Time reading byte stream: 0.02185
2019-04-09 03:06 - MyLogger.app - INFO - Time transfering to file obj: 4.292e-06
2019-04-09 03:06 - MyLogger.app - INFO - ============================================
2019-04-09 03:06 - MyLogger.app - INFO - Try opening tar file
2019-04-09 03:06 - MyLogger.app - INFO - Try Extracting file
2019-04-09 03:06 - MyLogger.app - INFO - Cleaning up redundant files
2019-04-09 03:06 - MyLogger.app - INFO - Loading into api...
2019-04-09 03:06 - MyLogger.app - INFO - Done!
2019-04-09 03:06 - MyLogger.app - INFO - Deleting tmp-55899c58baea folder
2019-04-09 03:06 - MyLogger.app - INFO - ============================================
2019-04-09 03:22 - MyLogger.app - INFO - File received
2019-04-09 03:22 - MyLogger.app - INFO - Time checking quota: 0.0106
2019-04-09 03:22 - MyLogger.app - INFO - ImmutableMultiDict([('username', 'chris94137'), ('uuid', '42859552')])
2019-04-09 03:22 - MyLogger.app - INFO - Time reading byte stream: 0.01876
2019-04-09 03:22 - MyLogger.app - INFO - Time transfering to file obj: 3.576e-06
2019-04-09 03:22 - MyLogger.app - INFO - ============================================
2019-04-09 03:22 - MyLogger.app - INFO - Try opening tar file
2019-04-09 03:22 - MyLogger.app - INFO - Try Extracting file
2019-04-09 03:22 - MyLogger.app - INFO - Cleaning up redundant files
2019-04-09 03:22 - MyLogger.app - INFO - Loading into api...
2019-04-09 03:22 - MyLogger.app - INFO - ----------
2019-04-09 03:22 - MyLogger.app - INFO - The size of tensor a (4) must match the size of tensor b (3) at non-singleton dimension 0
2019-04-09 03:22 - MyLogger.app - INFO - ----------
2019-04-09 03:22 - MyLogger.app - INFO - Closing tarfile...
2019-04-09 03:22 - MyLogger.app - INFO - Deleting tmp-55899c58baea folder
2019-04-09 03:22 - MyLogger.app - INFO - ============================================
