2019-04-09 03:03 - MyLogger.app - INFO - File received
2019-04-09 03:03 - MyLogger.app - INFO - Time checking quota: 0.0098
2019-04-09 03:03 - MyLogger.app - INFO - ImmutableMultiDict([('username', 'hyes92121'), ('uuid', '19795349')])
2019-04-09 03:03 - MyLogger.app - INFO - Time reading byte stream: 0.004998
2019-04-09 03:03 - MyLogger.app - INFO - Time transfering to file obj: 2.384e-06
2019-04-09 03:03 - MyLogger.app - INFO - ============================================
2019-04-09 03:03 - MyLogger.app - INFO - Try opening tar file
2019-04-09 03:03 - MyLogger.app - INFO - Try Extracting file
2019-04-09 03:03 - MyLogger.app - INFO - Cleaning up redundant files
2019-04-09 03:03 - MyLogger.app - INFO - Loading into api...
2019-04-09 03:03 - MyLogger.app - INFO - Done!
2019-04-09 03:03 - MyLogger.app - INFO - Deleting tmp-5ec478562379 folder
2019-04-09 03:03 - MyLogger.app - INFO - ============================================
2019-04-09 03:05 - MyLogger.app - INFO - File received
2019-04-09 03:05 - MyLogger.app - INFO - Time checking quota: 0.0091
2019-04-09 03:05 - MyLogger.app - INFO - ImmutableMultiDict([('username', 'hyes92121'), ('uuid', '19795349')])
2019-04-09 03:05 - MyLogger.app - INFO - Time reading byte stream: 0.01395
2019-04-09 03:05 - MyLogger.app - INFO - Time transfering to file obj: 2.623e-06
2019-04-09 03:05 - MyLogger.app - INFO - ============================================
2019-04-09 03:05 - MyLogger.app - INFO - Try opening tar file
2019-04-09 03:05 - MyLogger.app - INFO - Try Extracting file
2019-04-09 03:05 - MyLogger.app - INFO - Cleaning up redundant files
2019-04-09 03:05 - MyLogger.app - INFO - Loading into api...
2019-04-09 03:05 - MyLogger.app - INFO - Done!
2019-04-09 03:05 - MyLogger.app - INFO - Deleting tmp-5ec478562379 folder
2019-04-09 03:05 - MyLogger.app - INFO - ============================================
2019-04-09 03:09 - MyLogger.app - INFO - File received
2019-04-09 03:09 - MyLogger.app - INFO - Time checking quota: 0.0083
2019-04-09 03:09 - MyLogger.app - INFO - ImmutableMultiDict([('username', 'linkingmon'), ('uuid', '35398306')])
2019-04-09 03:09 - MyLogger.app - INFO - Time reading byte stream: 0.01181
2019-04-09 03:09 - MyLogger.app - INFO - Time transfering to file obj: 2.384e-06
2019-04-09 03:09 - MyLogger.app - INFO - ============================================
2019-04-09 03:09 - MyLogger.app - INFO - Try opening tar file
2019-04-09 03:09 - MyLogger.app - INFO - Try Extracting file
2019-04-09 03:09 - MyLogger.app - INFO - Cleaning up redundant files
2019-04-09 03:09 - MyLogger.app - INFO - Loading into api...
2019-04-09 03:09 - MyLogger.app - INFO - Done!
2019-04-09 03:09 - MyLogger.app - INFO - Deleting tmp-5ec478562379 folder
2019-04-09 03:09 - MyLogger.app - INFO - ============================================
2019-04-09 03:24 - MyLogger.app - INFO - File received
2019-04-09 03:24 - MyLogger.app - INFO - Time checking quota: 0.0085
2019-04-09 03:24 - MyLogger.app - INFO - ImmutableMultiDict([('username', 'fanoping'), ('uuid', '31955056')])
2019-04-09 03:24 - MyLogger.app - INFO - Time reading byte stream: 0.017
2019-04-09 03:24 - MyLogger.app - INFO - Time transfering to file obj: 2.861e-06
2019-04-09 03:24 - MyLogger.app - INFO - ============================================
2019-04-09 03:24 - MyLogger.app - INFO - Try opening tar file
2019-04-09 03:24 - MyLogger.app - INFO - Try Extracting file
2019-04-09 03:24 - MyLogger.app - INFO - Cleaning up redundant files
2019-04-09 03:24 - MyLogger.app - INFO - Loading into api...
2019-04-09 03:24 - MyLogger.app - INFO - Done!
2019-04-09 03:24 - MyLogger.app - INFO - Deleting tmp-5ec478562379 folder
2019-04-09 03:24 - MyLogger.app - INFO - ============================================
2019-04-09 03:29 - MyLogger.app - INFO - File received
2019-04-09 03:29 - MyLogger.app - INFO - Time checking quota: 0.0092
2019-04-09 03:29 - MyLogger.app - INFO - ImmutableMultiDict([('username', 'hyes92121'), ('uuid', '19795349')])
2019-04-09 03:29 - MyLogger.app - INFO - Time reading byte stream: 0.01433
2019-04-09 03:29 - MyLogger.app - INFO - Time transfering to file obj: 2.146e-06
2019-04-09 03:29 - MyLogger.app - INFO - ============================================
2019-04-09 03:29 - MyLogger.app - INFO - Try opening tar file
2019-04-09 03:29 - MyLogger.app - INFO - Try Extracting file
2019-04-09 03:29 - MyLogger.app - INFO - Cleaning up redundant files
2019-04-09 03:29 - MyLogger.app - INFO - Loading into api...
2019-04-09 03:29 - MyLogger.app - INFO - Done!
2019-04-09 03:29 - MyLogger.app - INFO - Deleting tmp-5ec478562379 folder
2019-04-09 03:29 - MyLogger.app - INFO - ============================================
