2019-04-09 03:03 - MyLogger.app - INFO - File received
2019-04-09 03:03 - MyLogger.app - INFO - Time checking quota: 0.0092
2019-04-09 03:03 - MyLogger.app - INFO - ImmutableMultiDict([('username', 'hyes92121'), ('uuid', '19795349')])
2019-04-09 03:03 - MyLogger.app - INFO - Time reading byte stream: 0.01162
2019-04-09 03:03 - MyLogger.app - INFO - Time transfering to file obj: 2.146e-06
2019-04-09 03:03 - MyLogger.app - INFO - ============================================
2019-04-09 03:03 - MyLogger.app - INFO - Try opening tar file
2019-04-09 03:03 - MyLogger.app - INFO - Try Extracting file
2019-04-09 03:03 - MyLogger.app - INFO - Cleaning up redundant files
2019-04-09 03:03 - MyLogger.app - INFO - Loading into api...
2019-04-09 03:03 - MyLogger.app - INFO - Done!
2019-04-09 03:03 - MyLogger.app - INFO - Deleting tmp-bf82dcb2f115 folder
2019-04-09 03:03 - MyLogger.app - INFO - ============================================
2019-04-09 03:05 - MyLogger.app - INFO - File received
2019-04-09 03:05 - MyLogger.app - INFO - Time checking quota: 0.0087
2019-04-09 03:05 - MyLogger.app - INFO - ImmutableMultiDict([('username', 'hyes92121'), ('uuid', '19795349')])
2019-04-09 03:05 - MyLogger.app - INFO - Time reading byte stream: 0.03289
2019-04-09 03:05 - MyLogger.app - INFO - Time transfering to file obj: 3.099e-06
2019-04-09 03:05 - MyLogger.app - INFO - ============================================
2019-04-09 03:05 - MyLogger.app - INFO - Try opening tar file
2019-04-09 03:05 - MyLogger.app - INFO - Try Extracting file
2019-04-09 03:05 - MyLogger.app - INFO - Cleaning up redundant files
2019-04-09 03:05 - MyLogger.app - INFO - Loading into api...
2019-04-09 03:05 - MyLogger.app - INFO - Done!
2019-04-09 03:05 - MyLogger.app - INFO - Deleting tmp-bf82dcb2f115 folder
2019-04-09 03:05 - MyLogger.app - INFO - ============================================
2019-04-09 03:15 - MyLogger.app - INFO - File received
2019-04-09 03:15 - MyLogger.app - INFO - Time checking quota: 0.0113
2019-04-09 03:15 - MyLogger.app - INFO - ImmutableMultiDict([('username', 'KUAN-HSUN-LI'), ('uuid', '38066413')])
2019-04-09 03:15 - MyLogger.app - INFO - Time reading byte stream: 0.03279
2019-04-09 03:15 - MyLogger.app - INFO - Time transfering to file obj: 3.576e-06
2019-04-09 03:15 - MyLogger.app - INFO - ============================================
2019-04-09 03:15 - MyLogger.app - INFO - Try opening tar file
2019-04-09 03:15 - MyLogger.app - INFO - Try Extracting file
2019-04-09 03:15 - MyLogger.app - INFO - Cleaning up redundant files
2019-04-09 03:15 - MyLogger.app - INFO - Loading into api...
2019-04-09 03:15 - MyLogger.app - INFO - Done!
2019-04-09 03:15 - MyLogger.app - INFO - Deleting tmp-bf82dcb2f115 folder
2019-04-09 03:15 - MyLogger.app - INFO - ============================================
