2019-04-09 03:02 - MyLogger.app - INFO - File received
2019-04-09 03:03 - MyLogger.app - INFO - Time checking quota: 0.0114
2019-04-09 03:03 - MyLogger.app - INFO - ImmutableMultiDict([('username', 'hyes92121'), ('uuid', '19795349')])
2019-04-09 03:03 - MyLogger.app - INFO - Time reading byte stream: 0.006741
2019-04-09 03:03 - MyLogger.app - INFO - Time transfering to file obj: 2.623e-06
2019-04-09 03:03 - MyLogger.app - INFO - ============================================
2019-04-09 03:03 - MyLogger.app - INFO - Try opening tar file
2019-04-09 03:03 - MyLogger.app - INFO - Try Extracting file
2019-04-09 03:03 - MyLogger.app - INFO - Cleaning up redundant files
2019-04-09 03:03 - MyLogger.app - INFO - Loading into api...
2019-04-09 03:03 - MyLogger.app - INFO - Done!
2019-04-09 03:03 - MyLogger.app - INFO - Deleting tmp-e7dc1cfadc36 folder
2019-04-09 03:03 - MyLogger.app - INFO - ============================================
2019-04-09 03:04 - MyLogger.app - INFO - File received
2019-04-09 03:04 - MyLogger.app - INFO - Time checking quota: 0.0079
2019-04-09 03:04 - MyLogger.app - INFO - ImmutableMultiDict([('username', 'hyes92121'), ('uuid', '19795349')])
2019-04-09 03:04 - MyLogger.app - INFO - Time reading byte stream: 0.01439
2019-04-09 03:04 - MyLogger.app - INFO - Time transfering to file obj: 2.623e-06
2019-04-09 03:04 - MyLogger.app - INFO - ============================================
2019-04-09 03:04 - MyLogger.app - INFO - Try opening tar file
2019-04-09 03:04 - MyLogger.app - INFO - Try Extracting file
2019-04-09 03:04 - MyLogger.app - INFO - Cleaning up redundant files
2019-04-09 03:04 - MyLogger.app - INFO - Loading into api...
2019-04-09 03:04 - MyLogger.app - INFO - Done!
2019-04-09 03:04 - MyLogger.app - INFO - Deleting tmp-e7dc1cfadc36 folder
2019-04-09 03:04 - MyLogger.app - INFO - ============================================
2019-04-09 03:06 - MyLogger.app - INFO - File received
2019-04-09 03:06 - MyLogger.app - INFO - Time checking quota: 0.0128
2019-04-09 03:06 - MyLogger.app - INFO - ImmutableMultiDict([('username', 'hyes92121'), ('uuid', '19795349')])
2019-04-09 03:06 - MyLogger.app - INFO - Time reading byte stream: 0.03003
2019-04-09 03:06 - MyLogger.app - INFO - Time transfering to file obj: 3.099e-06
2019-04-09 03:06 - MyLogger.app - INFO - ============================================
2019-04-09 03:06 - MyLogger.app - INFO - Try opening tar file
2019-04-09 03:06 - MyLogger.app - INFO - Try Extracting file
2019-04-09 03:06 - MyLogger.app - INFO - Cleaning up redundant files
2019-04-09 03:06 - MyLogger.app - INFO - Loading into api...
2019-04-09 03:06 - MyLogger.app - INFO - Done!
2019-04-09 03:06 - MyLogger.app - INFO - Deleting tmp-e7dc1cfadc36 folder
2019-04-09 03:06 - MyLogger.app - INFO - ============================================
2019-04-09 03:22 - MyLogger.app - INFO - File received
2019-04-09 03:22 - MyLogger.app - INFO - Time checking quota: 0.0090
2019-04-09 03:22 - MyLogger.app - INFO - ImmutableMultiDict([('username', 'fanoping'), ('uuid', '31955056')])
2019-04-09 03:22 - MyLogger.app - INFO - Time reading byte stream: 0.01727
2019-04-09 03:22 - MyLogger.app - INFO - Time transfering to file obj: 2.861e-06
2019-04-09 03:22 - MyLogger.app - INFO - ============================================
2019-04-09 03:22 - MyLogger.app - INFO - Try opening tar file
2019-04-09 03:22 - MyLogger.app - INFO - Try Extracting file
2019-04-09 03:22 - MyLogger.app - INFO - Cleaning up redundant files
2019-04-09 03:22 - MyLogger.app - INFO - Loading into api...
2019-04-09 03:22 - MyLogger.app - INFO - Done!
2019-04-09 03:22 - MyLogger.app - INFO - Deleting tmp-e7dc1cfadc36 folder
2019-04-09 03:22 - MyLogger.app - INFO - ============================================
