2019-04-09 03:04 - MyLogger.app - INFO - File received
2019-04-09 03:04 - MyLogger.app - INFO - Time checking quota: 0.0145
2019-04-09 03:04 - MyLogger.app - INFO - ImmutableMultiDict([('username', 'hyes92121'), ('uuid', '19795349')])
2019-04-09 03:04 - MyLogger.app - INFO - Time reading byte stream: 0.02895
2019-04-09 03:04 - MyLogger.app - INFO - Time transfering to file obj: 3.338e-06
2019-04-09 03:04 - MyLogger.app - INFO - ============================================
2019-04-09 03:04 - MyLogger.app - INFO - Try opening tar file
2019-04-09 03:04 - MyLogger.app - INFO - Try Extracting file
2019-04-09 03:04 - MyLogger.app - INFO - Cleaning up redundant files
2019-04-09 03:04 - MyLogger.app - INFO - Loading into api...
2019-04-09 03:04 - MyLogger.app - INFO - Done!
2019-04-09 03:04 - MyLogger.app - INFO - Deleting tmp-f45476b21ce2 folder
2019-04-09 03:04 - MyLogger.app - INFO - ============================================
2019-04-09 03:06 - MyLogger.app - INFO - File received
2019-04-09 03:06 - MyLogger.app - INFO - Time checking quota: 0.0088
2019-04-09 03:06 - MyLogger.app - INFO - ImmutableMultiDict([('username', 'hyes92121'), ('uuid', '19795349')])
2019-04-09 03:06 - MyLogger.app - INFO - Time reading byte stream: 0.01748
2019-04-09 03:06 - MyLogger.app - INFO - Time transfering to file obj: 2.623e-06
2019-04-09 03:06 - MyLogger.app - INFO - ============================================
2019-04-09 03:06 - MyLogger.app - INFO - Try opening tar file
2019-04-09 03:06 - MyLogger.app - INFO - Try Extracting file
2019-04-09 03:06 - MyLogger.app - INFO - Cleaning up redundant files
2019-04-09 03:06 - MyLogger.app - INFO - Loading into api...
2019-04-09 03:06 - MyLogger.app - INFO - Done!
2019-04-09 03:06 - MyLogger.app - INFO - Deleting tmp-f45476b21ce2 folder
2019-04-09 03:06 - MyLogger.app - INFO - ============================================
2019-04-09 03:18 - MyLogger.app - INFO - File received
2019-04-09 03:18 - MyLogger.app - INFO - Time checking quota: 0.0084
2019-04-09 03:18 - MyLogger.app - INFO - ImmutableMultiDict([('username', 'chris94137'), ('uuid', '42859552')])
2019-04-09 03:18 - MyLogger.app - INFO - Time reading byte stream: 0.01486
2019-04-09 03:18 - MyLogger.app - INFO - Time transfering to file obj: 3.338e-06
2019-04-09 03:18 - MyLogger.app - INFO - ============================================
2019-04-09 03:18 - MyLogger.app - INFO - Try opening tar file
2019-04-09 03:18 - MyLogger.app - INFO - Try Extracting file
2019-04-09 03:18 - MyLogger.app - INFO - Cleaning up redundant files
2019-04-09 03:18 - MyLogger.app - INFO - Loading into api...
2019-04-09 03:18 - MyLogger.app - INFO - ----------
2019-04-09 03:18 - MyLogger.app - INFO - The size of tensor a (4) must match the size of tensor b (3) at non-singleton dimension 0
2019-04-09 03:18 - MyLogger.app - INFO - ----------
2019-04-09 03:18 - MyLogger.app - INFO - Closing tarfile...
2019-04-09 03:18 - MyLogger.app - INFO - Deleting tmp-f45476b21ce2 folder
2019-04-09 03:18 - MyLogger.app - INFO - ============================================
2019-04-09 03:27 - MyLogger.app - INFO - File received
2019-04-09 03:27 - MyLogger.app - INFO - Time checking quota: 0.0102
2019-04-09 03:27 - MyLogger.app - INFO - ImmutableMultiDict([('username', 'hyes92121'), ('uuid', '19795349')])
2019-04-09 03:27 - MyLogger.app - INFO - Time reading byte stream: 0.01895
2019-04-09 03:27 - MyLogger.app - INFO - Time transfering to file obj: 3.099e-06
2019-04-09 03:27 - MyLogger.app - INFO - ============================================
2019-04-09 03:27 - MyLogger.app - INFO - Try opening tar file
2019-04-09 03:27 - MyLogger.app - INFO - Try Extracting file
2019-04-09 03:27 - MyLogger.app - INFO - Cleaning up redundant files
2019-04-09 03:27 - MyLogger.app - INFO - Loading into api...
2019-04-09 03:27 - MyLogger.app - INFO - ----------
2019-04-09 03:27 - MyLogger.app - INFO - could not broadcast input array from shape (224,224,4) into shape (224,224)
2019-04-09 03:27 - MyLogger.app - INFO - ----------
2019-04-09 03:27 - MyLogger.app - INFO - Closing tarfile...
2019-04-09 03:27 - MyLogger.app - INFO - Deleting tmp-f45476b21ce2 folder
2019-04-09 03:27 - MyLogger.app - INFO - ============================================
2019-04-09 03:27 - MyLogger.app - INFO - File received
2019-04-09 03:27 - MyLogger.app - INFO - Time checking quota: 0.0104
2019-04-09 03:27 - MyLogger.app - INFO - ImmutableMultiDict([('username', 'hyes92121'), ('uuid', '19795349')])
2019-04-09 03:27 - MyLogger.app - INFO - Time reading byte stream: 0.01605
2019-04-09 03:27 - MyLogger.app - INFO - Time transfering to file obj: 2.623e-06
2019-04-09 03:27 - MyLogger.app - INFO - ============================================
2019-04-09 03:27 - MyLogger.app - INFO - Try opening tar file
2019-04-09 03:27 - MyLogger.app - INFO - Try Extracting file
2019-04-09 03:27 - MyLogger.app - INFO - Cleaning up redundant files
2019-04-09 03:27 - MyLogger.app - INFO - Loading into api...
2019-04-09 03:27 - MyLogger.app - INFO - ----------
2019-04-09 03:27 - MyLogger.app - INFO - could not broadcast input array from shape (224,224,4) into shape (224,224)
2019-04-09 03:27 - MyLogger.app - INFO - ----------
2019-04-09 03:27 - MyLogger.app - INFO - Closing tarfile...
2019-04-09 03:27 - MyLogger.app - INFO - Deleting tmp-f45476b21ce2 folder
2019-04-09 03:27 - MyLogger.app - INFO - ============================================
2019-04-09 03:28 - MyLogger.app - INFO - File received
2019-04-09 03:28 - MyLogger.app - INFO - Time checking quota: 0.0089
2019-04-09 03:28 - MyLogger.app - INFO - ImmutableMultiDict([('username', 'hyes92121'), ('uuid', '19795349')])
2019-04-09 03:28 - MyLogger.app - INFO - Time reading byte stream: 0.01214
2019-04-09 03:28 - MyLogger.app - INFO - Time transfering to file obj: 1.907e-06
2019-04-09 03:28 - MyLogger.app - INFO - ============================================
2019-04-09 03:28 - MyLogger.app - INFO - Try opening tar file
2019-04-09 03:28 - MyLogger.app - INFO - Try Extracting file
2019-04-09 03:28 - MyLogger.app - INFO - Cleaning up redundant files
2019-04-09 03:28 - MyLogger.app - INFO - Loading into api...
2019-04-09 03:28 - MyLogger.app - INFO - ----------
2019-04-09 03:28 - MyLogger.app - INFO - could not broadcast input array from shape (224,224,4) into shape (224,224)
2019-04-09 03:28 - MyLogger.app - INFO - ----------
2019-04-09 03:28 - MyLogger.app - INFO - Closing tarfile...
2019-04-09 03:28 - MyLogger.app - INFO - Deleting tmp-f45476b21ce2 folder
2019-04-09 03:28 - MyLogger.app - INFO - ============================================
2019-04-09 03:28 - MyLogger.app - INFO - File received
2019-04-09 03:28 - MyLogger.app - INFO - Time checking quota: 0.0109
2019-04-09 03:28 - MyLogger.app - INFO - ImmutableMultiDict([('username', 'hyes92121'), ('uuid', '19795349')])
2019-04-09 03:28 - MyLogger.app - INFO - Time reading byte stream: 0.0292
2019-04-09 03:28 - MyLogger.app - INFO - Time transfering to file obj: 2.861e-06
2019-04-09 03:28 - MyLogger.app - INFO - ============================================
2019-04-09 03:28 - MyLogger.app - INFO - Try opening tar file
2019-04-09 03:28 - MyLogger.app - INFO - Try Extracting file
2019-04-09 03:28 - MyLogger.app - INFO - Cleaning up redundant files
2019-04-09 03:28 - MyLogger.app - INFO - Loading into api...
2019-04-09 03:28 - MyLogger.app - INFO - ----------
2019-04-09 03:28 - MyLogger.app - INFO - could not broadcast input array from shape (224,224,4) into shape (224,224)
2019-04-09 03:28 - MyLogger.app - INFO - ----------
2019-04-09 03:28 - MyLogger.app - INFO - Closing tarfile...
2019-04-09 03:28 - MyLogger.app - INFO - Deleting tmp-f45476b21ce2 folder
2019-04-09 03:28 - MyLogger.app - INFO - ============================================
2019-04-09 03:33 - MyLogger.app - INFO - File received
2019-04-09 03:33 - MyLogger.app - INFO - Time checking quota: 0.0084
2019-04-09 03:33 - MyLogger.app - INFO - ImmutableMultiDict([('username', 'chris94137'), ('uuid', '42859552')])
2019-04-09 03:33 - MyLogger.app - INFO - Time reading byte stream: 0.01301
2019-04-09 03:33 - MyLogger.app - INFO - Time transfering to file obj: 2.146e-06
2019-04-09 03:33 - MyLogger.app - INFO - ============================================
2019-04-09 03:33 - MyLogger.app - INFO - Try opening tar file
2019-04-09 03:33 - MyLogger.app - INFO - Try Extracting file
2019-04-09 03:33 - MyLogger.app - INFO - Cleaning up redundant files
2019-04-09 03:33 - MyLogger.app - INFO - Loading into api...
2019-04-09 03:33 - MyLogger.app - INFO - ----------
2019-04-09 03:33 - MyLogger.app - INFO - could not broadcast input array from shape (224,224,4) into shape (224,224)
2019-04-09 03:33 - MyLogger.app - INFO - ----------
2019-04-09 03:33 - MyLogger.app - INFO - Closing tarfile...
2019-04-09 03:33 - MyLogger.app - INFO - Deleting tmp-f45476b21ce2 folder
2019-04-09 03:33 - MyLogger.app - INFO - ============================================
