2019-03-27 13:44 - MyLogger.test - INFO - File received
2019-03-27 13:44 - MyLogger.test - INFO - Time checking quota: 0.0099
2019-03-27 13:44 - MyLogger.test - INFO - ImmutableMultiDict([('username', 'hyes92121'), ('uuid', '19795349')])
2019-03-27 13:44 - MyLogger.test - INFO - Time reading byte stream: 0.007562
2019-03-27 13:44 - MyLogger.test - INFO - Time transfering to file obj: 2.623e-06
2019-03-27 13:44 - MyLogger.test - INFO - ============================================
2019-03-27 13:44 - MyLogger.test - INFO - Try opening tar file
2019-03-27 13:44 - MyLogger.test - INFO - Try Extracting file
2019-03-27 13:44 - MyLogger.test - INFO - Cleaning up redundant files
2019-03-27 13:44 - MyLogger.test - INFO - Loading into api...
2019-03-27 13:44 - MyLogger.test - INFO - Done!
2019-03-27 13:44 - MyLogger.test - INFO - Deleting tmp folder
2019-03-27 13:44 - MyLogger.test - INFO - ============================================
2019-03-27 13:54 - MyLogger.test - INFO - File received
2019-03-27 13:55 - MyLogger.test - INFO - Time checking quota: 0.0071
2019-03-27 13:55 - MyLogger.test - INFO - ImmutableMultiDict([('username', 'hyes92121'), ('uuid', '19795349')])
2019-03-27 13:55 - MyLogger.test - INFO - Time reading byte stream: 0.01282
2019-03-27 13:55 - MyLogger.test - INFO - Time transfering to file obj: 2.146e-06
2019-03-27 13:55 - MyLogger.test - INFO - ============================================
2019-03-27 13:55 - MyLogger.test - INFO - Try opening tar file
2019-03-27 13:55 - MyLogger.test - INFO - Try Extracting file
2019-03-27 13:55 - MyLogger.test - INFO - Cleaning up redundant files
2019-03-27 13:55 - MyLogger.test - INFO - Loading into api...
2019-03-27 13:55 - MyLogger.test - INFO - Done!
2019-03-27 13:55 - MyLogger.test - INFO - Deleting tmp folder
2019-03-27 13:55 - MyLogger.test - INFO - ============================================
2019-03-27 13:57 - MyLogger.test - INFO - File received
2019-03-27 13:57 - MyLogger.test - INFO - Time checking quota: 0.0062
2019-03-27 13:57 - MyLogger.test - INFO - ImmutableMultiDict([('username', 'hyes92121'), ('uuid', '19795349')])
2019-03-27 13:57 - MyLogger.test - INFO - Time reading byte stream: 0.01263
2019-03-27 13:57 - MyLogger.test - INFO - Time transfering to file obj: 2.384e-06
2019-03-27 13:57 - MyLogger.test - INFO - ============================================
2019-03-27 13:57 - MyLogger.test - INFO - Try opening tar file
2019-03-27 13:57 - MyLogger.test - INFO - Try Extracting file
2019-03-27 13:57 - MyLogger.test - INFO - Cleaning up redundant files
2019-03-27 13:57 - MyLogger.test - INFO - Loading into api...
2019-03-27 13:57 - MyLogger.test - INFO - Done!
2019-03-27 13:57 - MyLogger.test - INFO - Deleting tmp folder
2019-03-27 13:57 - MyLogger.test - INFO - ============================================
2019-03-27 13:58 - MyLogger.test - INFO - File received
2019-03-27 13:58 - MyLogger.test - INFO - Time checking quota: 0.0075
2019-03-27 13:58 - MyLogger.test - INFO - ImmutableMultiDict([('username', 'hyes92121'), ('uuid', '19795349')])
2019-03-27 13:58 - MyLogger.test - INFO - Time reading byte stream: 0.01206
2019-03-27 13:58 - MyLogger.test - INFO - Time transfering to file obj: 1.907e-06
2019-03-27 13:58 - MyLogger.test - INFO - ============================================
2019-03-27 13:58 - MyLogger.test - INFO - Try opening tar file
2019-03-27 13:58 - MyLogger.test - INFO - Try Extracting file
2019-03-27 13:58 - MyLogger.test - INFO - Cleaning up redundant files
2019-03-27 13:58 - MyLogger.test - INFO - Loading into api...
2019-03-27 13:59 - MyLogger.test - INFO - Done!
2019-03-27 13:59 - MyLogger.test - INFO - Deleting tmp folder
2019-03-27 13:59 - MyLogger.test - INFO - ============================================
