2019-04-01 08:11 - MyLogger.app - INFO - File received
2019-04-01 08:11 - MyLogger.app - INFO - Time checking quota: 0.1978
2019-04-01 08:11 - MyLogger.app - INFO - ImmutableMultiDict([('username', 'fanoping'), ('uuid', '31955056')])
2019-04-01 08:11 - MyLogger.app - INFO - Time reading byte stream: 0.007465
2019-04-01 08:11 - MyLogger.app - INFO - Time transfering to file obj: 3.099e-06
2019-04-01 08:11 - MyLogger.app - INFO - ============================================
2019-04-01 08:11 - MyLogger.app - INFO - Try opening tar file
2019-04-01 08:11 - MyLogger.app - INFO - Try Extracting file
2019-04-01 08:11 - MyLogger.app - INFO - Cleaning up redundant files
2019-04-01 08:11 - MyLogger.app - INFO - Loading into api...
2019-04-01 08:11 - MyLogger.app - INFO - Done!
2019-04-01 08:11 - MyLogger.app - INFO - Deleting tmp folder
2019-04-01 08:11 - MyLogger.app - INFO - ============================================
2019-04-01 08:12 - MyLogger.app - INFO - File received
2019-04-01 08:12 - MyLogger.app - INFO - Time checking quota: 0.0076
2019-04-01 08:12 - MyLogger.app - INFO - ImmutableMultiDict([('username', 'hyes92121'), ('uuid', '19795349')])
2019-04-01 08:12 - MyLogger.app - INFO - Time reading byte stream: 0.009161
2019-04-01 08:12 - MyLogger.app - INFO - Time transfering to file obj: 1.669e-06
2019-04-01 08:12 - MyLogger.app - INFO - ============================================
2019-04-01 08:12 - MyLogger.app - INFO - Try opening tar file
2019-04-01 08:12 - MyLogger.app - INFO - Try Extracting file
2019-04-01 08:12 - MyLogger.app - INFO - Cleaning up redundant files
2019-04-01 08:12 - MyLogger.app - INFO - Loading into api...
2019-04-01 08:12 - MyLogger.app - INFO - Done!
2019-04-01 08:12 - MyLogger.app - INFO - Deleting tmp folder
2019-04-01 08:12 - MyLogger.app - INFO - ============================================
