2019-04-01 13:00 - MyLogger.app - INFO - File received
2019-04-01 13:00 - MyLogger.app - INFO - Time checking quota: 0.0095
2019-04-01 13:00 - MyLogger.app - INFO - ImmutableMultiDict([('username', 'hyes92121'), ('uuid', '19795349')])
2019-04-01 13:00 - MyLogger.app - INFO - Time reading byte stream: 0.01651
2019-04-01 13:00 - MyLogger.app - INFO - Time transfering to file obj: 2.861e-06
2019-04-01 13:00 - MyLogger.app - INFO - ============================================
2019-04-01 13:00 - MyLogger.app - INFO - Try opening tar file
2019-04-01 13:00 - MyLogger.app - INFO - Try Extracting file
2019-04-01 13:00 - MyLogger.app - INFO - Cleaning up redundant files
2019-04-01 13:00 - MyLogger.app - INFO - Loading into api...
2019-04-01 13:00 - MyLogger.app - INFO - Done!
2019-04-01 13:00 - MyLogger.app - INFO - Deleting tmp folder
2019-04-01 13:00 - MyLogger.app - INFO - ============================================
2019-04-01 13:00 - MyLogger.app - INFO - File received
2019-04-01 13:00 - MyLogger.app - INFO - Time checking quota: 0.0093
2019-04-01 13:00 - MyLogger.app - INFO - ImmutableMultiDict([('username', 'hyes92121'), ('uuid', '19795349')])
2019-04-01 13:00 - MyLogger.app - INFO - Time reading byte stream: 0.008693
2019-04-01 13:00 - MyLogger.app - INFO - Time transfering to file obj: 1.669e-06
2019-04-01 13:00 - MyLogger.app - INFO - ============================================
2019-04-01 13:00 - MyLogger.app - INFO - Try opening tar file
2019-04-01 13:00 - MyLogger.app - INFO - Try Extracting file
2019-04-01 13:00 - MyLogger.app - INFO - Cleaning up redundant files
2019-04-01 13:00 - MyLogger.app - INFO - Loading into api...
2019-04-01 13:01 - MyLogger.app - INFO - Done!
2019-04-01 13:01 - MyLogger.app - INFO - Deleting tmp folder
2019-04-01 13:01 - MyLogger.app - INFO - ============================================
2019-04-01 13:02 - MyLogger.app - INFO - File received
2019-04-01 13:02 - MyLogger.app - INFO - Time checking quota: 0.0089
2019-04-01 13:02 - MyLogger.app - INFO - ImmutableMultiDict([('username', 'hyes92121'), ('uuid', '19795349')])
2019-04-01 13:02 - MyLogger.app - INFO - Time reading byte stream: 0.00929
2019-04-01 13:02 - MyLogger.app - INFO - Time transfering to file obj: 2.623e-06
2019-04-01 13:02 - MyLogger.app - INFO - ============================================
2019-04-01 13:02 - MyLogger.app - INFO - Try opening tar file
2019-04-01 13:02 - MyLogger.app - INFO - Try Extracting file
2019-04-01 13:02 - MyLogger.app - INFO - Cleaning up redundant files
2019-04-01 13:02 - MyLogger.app - INFO - Loading into api...
2019-04-01 13:02 - MyLogger.app - INFO - Done!
2019-04-01 13:02 - MyLogger.app - INFO - Deleting tmp folder
2019-04-01 13:02 - MyLogger.app - INFO - ============================================
2019-04-01 13:03 - MyLogger.app - INFO - File received
2019-04-01 13:03 - MyLogger.app - INFO - Time checking quota: 0.0126
2019-04-01 13:03 - MyLogger.app - INFO - ImmutableMultiDict([('username', 'hyes92121'), ('uuid', '19795349')])
2019-04-01 13:03 - MyLogger.app - INFO - Time reading byte stream: 0.02801
2019-04-01 13:03 - MyLogger.app - INFO - Time transfering to file obj: 3.099e-06
2019-04-01 13:03 - MyLogger.app - INFO - ============================================
2019-04-01 13:03 - MyLogger.app - INFO - Try opening tar file
2019-04-01 13:03 - MyLogger.app - INFO - Try Extracting file
2019-04-01 13:03 - MyLogger.app - INFO - Cleaning up redundant files
2019-04-01 13:03 - MyLogger.app - INFO - Loading into api...
2019-04-01 13:03 - MyLogger.app - INFO - Done!
2019-04-01 13:03 - MyLogger.app - INFO - Deleting tmp folder
2019-04-01 13:03 - MyLogger.app - INFO - ============================================
