2019-04-01 13:41 - MyLogger.app - INFO - File received
2019-04-01 13:41 - MyLogger.app - INFO - Time checking quota: 0.0097
2019-04-01 13:41 - MyLogger.app - INFO - ImmutableMultiDict([('username', 'hyes92121'), ('uuid', '19795349')])
2019-04-01 13:41 - MyLogger.app - INFO - Time reading byte stream: 0.01219
2019-04-01 13:41 - MyLogger.app - INFO - Time transfering to file obj: 2.623e-06
2019-04-01 13:41 - MyLogger.app - INFO - ============================================
2019-04-01 13:41 - MyLogger.app - INFO - Try opening tar file
2019-04-01 13:41 - MyLogger.app - INFO - Try Extracting file
2019-04-01 13:41 - MyLogger.app - INFO - Cleaning up redundant files
2019-04-01 13:41 - MyLogger.app - INFO - Loading into api...
2019-04-01 13:41 - MyLogger.app - INFO - Done!
2019-04-01 13:41 - MyLogger.app - INFO - Deleting tmp folder
2019-04-01 13:41 - MyLogger.app - INFO - ============================================
2019-04-01 13:42 - MyLogger.app - INFO - File received
2019-04-01 13:42 - MyLogger.app - INFO - Time checking quota: 0.0086
2019-04-01 13:42 - MyLogger.app - INFO - ImmutableMultiDict([('username', 'fanoping'), ('uuid', '31955056')])
2019-04-01 13:42 - MyLogger.app - INFO - Time reading byte stream: 0.006115
2019-04-01 13:42 - MyLogger.app - INFO - Time transfering to file obj: 2.384e-06
2019-04-01 13:42 - MyLogger.app - INFO - ============================================
2019-04-01 13:42 - MyLogger.app - INFO - Try opening tar file
2019-04-01 13:42 - MyLogger.app - INFO - Try Extracting file
2019-04-01 13:42 - MyLogger.app - INFO - Cleaning up redundant files
2019-04-01 13:42 - MyLogger.app - INFO - Loading into api...
2019-04-01 13:42 - MyLogger.app - INFO - Done!
2019-04-01 13:42 - MyLogger.app - INFO - Deleting tmp folder
2019-04-01 13:42 - MyLogger.app - INFO - ============================================
2019-04-01 13:45 - MyLogger.app - INFO - File received
2019-04-01 13:45 - MyLogger.app - INFO - Time checking quota: 0.0112
2019-04-01 13:45 - MyLogger.app - INFO - ImmutableMultiDict([('username', 'hsiehjackson'), ('uuid', '37269846')])
2019-04-01 13:45 - MyLogger.app - INFO - Time reading byte stream: 0.01341
2019-04-01 13:45 - MyLogger.app - INFO - Time transfering to file obj: 4.292e-06
2019-04-01 13:45 - MyLogger.app - INFO - ============================================
2019-04-01 13:45 - MyLogger.app - INFO - Try opening tar file
2019-04-01 13:45 - MyLogger.app - INFO - Try Extracting file
2019-04-01 13:45 - MyLogger.app - INFO - Cleaning up redundant files
2019-04-01 13:45 - MyLogger.app - INFO - Loading into api...
2019-04-01 13:45 - MyLogger.app - INFO - Done!
2019-04-01 13:45 - MyLogger.app - INFO - Deleting tmp folder
2019-04-01 13:45 - MyLogger.app - INFO - ============================================
