2019-04-01 13:22 - MyLogger.app - INFO - File received
2019-04-01 13:22 - MyLogger.app - INFO - Time checking quota: 0.0094
2019-04-01 13:22 - MyLogger.app - INFO - ImmutableMultiDict([('username', 'hyes92121'), ('uuid', '19795349')])
2019-04-01 13:22 - MyLogger.app - INFO - Time reading byte stream: 0.007504
2019-04-01 13:22 - MyLogger.app - INFO - Time transfering to file obj: 2.861e-06
2019-04-01 13:22 - MyLogger.app - INFO - ============================================
2019-04-01 13:22 - MyLogger.app - INFO - Try opening tar file
2019-04-01 13:22 - MyLogger.app - INFO - Try Extracting file
2019-04-01 13:22 - MyLogger.app - INFO - Cleaning up redundant files
2019-04-01 13:22 - MyLogger.app - INFO - Loading into api...
2019-04-01 13:22 - MyLogger.app - INFO - Done!
2019-04-01 13:22 - MyLogger.app - INFO - Deleting tmp folder
2019-04-01 13:22 - MyLogger.app - INFO - ============================================
2019-04-01 13:24 - MyLogger.app - INFO - File received
2019-04-01 13:24 - MyLogger.app - INFO - Time checking quota: 0.0099
2019-04-01 13:24 - MyLogger.app - INFO - ImmutableMultiDict([('username', 'hyes92121'), ('uuid', '19795349')])
2019-04-01 13:24 - MyLogger.app - INFO - Time reading byte stream: 0.009208
2019-04-01 13:24 - MyLogger.app - INFO - Time transfering to file obj: 2.384e-06
2019-04-01 13:24 - MyLogger.app - INFO - ============================================
2019-04-01 13:24 - MyLogger.app - INFO - Try opening tar file
2019-04-01 13:24 - MyLogger.app - INFO - Try Extracting file
2019-04-01 13:24 - MyLogger.app - INFO - Cleaning up redundant files
2019-04-01 13:24 - MyLogger.app - INFO - Loading into api...
2019-04-01 13:24 - MyLogger.app - INFO - Done!
2019-04-01 13:24 - MyLogger.app - INFO - Deleting tmp folder
2019-04-01 13:24 - MyLogger.app - INFO - ============================================
