2019-04-02 05:24 - MyLogger.app - INFO - File received
2019-04-02 05:24 - MyLogger.app - INFO - Time checking quota: 0.0093
2019-04-02 05:24 - MyLogger.app - INFO - ImmutableMultiDict([('username', 'fanoping'), ('uuid', '31955056')])
2019-04-02 05:24 - MyLogger.app - INFO - Time reading byte stream: 0.01294
2019-04-02 05:24 - MyLogger.app - INFO - Time transfering to file obj: 2.384e-06
2019-04-02 05:24 - MyLogger.app - INFO - ============================================
2019-04-02 05:24 - MyLogger.app - INFO - Try opening tar file
2019-04-02 05:24 - MyLogger.app - INFO - Try Extracting file
2019-04-02 05:24 - MyLogger.app - INFO - Cleaning up redundant files
2019-04-02 05:24 - MyLogger.app - INFO - Loading into api...
2019-04-02 05:24 - MyLogger.app - INFO - Done!
2019-04-02 05:24 - MyLogger.app - INFO - Deleting tmp folder
2019-04-02 05:24 - MyLogger.app - INFO - ============================================
2019-04-02 11:59 - MyLogger.app - INFO - File received
2019-04-02 11:59 - MyLogger.app - INFO - Time checking quota: 0.0115
2019-04-02 11:59 - MyLogger.app - INFO - ImmutableMultiDict([('username', 'hhccode'), ('uuid', '11289437')])
2019-04-02 11:59 - MyLogger.app - INFO - Time reading byte stream: 0.0118
2019-04-02 11:59 - MyLogger.app - INFO - Time transfering to file obj: 2.623e-06
2019-04-02 11:59 - MyLogger.app - INFO - ============================================
2019-04-02 11:59 - MyLogger.app - INFO - Try opening tar file
2019-04-02 11:59 - MyLogger.app - INFO - Try Extracting file
2019-04-02 11:59 - MyLogger.app - INFO - Cleaning up redundant files
2019-04-02 11:59 - MyLogger.app - INFO - Loading into api...
2019-04-02 11:59 - MyLogger.app - INFO - Done!
2019-04-02 11:59 - MyLogger.app - INFO - Deleting tmp folder
2019-04-02 11:59 - MyLogger.app - INFO - ============================================
2019-04-02 12:16 - MyLogger.app - INFO - File received
2019-04-02 12:16 - MyLogger.app - INFO - Time checking quota: 0.0096
2019-04-02 12:16 - MyLogger.app - INFO - ImmutableMultiDict([('username', 'hhccode'), ('uuid', '11289437')])
2019-04-02 12:16 - MyLogger.app - INFO - Time reading byte stream: 0.01001
2019-04-02 12:16 - MyLogger.app - INFO - Time transfering to file obj: 2.384e-06
2019-04-02 12:16 - MyLogger.app - INFO - ============================================
2019-04-02 12:16 - MyLogger.app - INFO - Try opening tar file
2019-04-02 12:16 - MyLogger.app - INFO - Try Extracting file
2019-04-02 12:16 - MyLogger.app - INFO - Cleaning up redundant files
2019-04-02 12:16 - MyLogger.app - INFO - Loading into api...
2019-04-02 12:16 - MyLogger.app - INFO - Done!
2019-04-02 12:16 - MyLogger.app - INFO - Deleting tmp folder
2019-04-02 12:16 - MyLogger.app - INFO - ============================================
2019-04-02 16:04 - MyLogger.app - INFO - File received
2019-04-02 16:04 - MyLogger.app - INFO - Time checking quota: 0.0115
2019-04-02 16:04 - MyLogger.app - INFO - ImmutableMultiDict([('username', 'hhccode'), ('uuid', '11289437')])
2019-04-02 16:04 - MyLogger.app - INFO - Time reading byte stream: 0.01118
2019-04-02 16:04 - MyLogger.app - INFO - Time transfering to file obj: 2.384e-06
2019-04-02 16:04 - MyLogger.app - INFO - ============================================
2019-04-02 16:04 - MyLogger.app - INFO - Try opening tar file
2019-04-02 16:04 - MyLogger.app - INFO - Try Extracting file
2019-04-02 16:04 - MyLogger.app - INFO - Cleaning up redundant files
2019-04-02 16:04 - MyLogger.app - INFO - Loading into api...
2019-04-02 16:04 - MyLogger.app - INFO - Done!
2019-04-02 16:04 - MyLogger.app - INFO - Deleting tmp folder
2019-04-02 16:04 - MyLogger.app - INFO - ============================================
