2019-04-09 05:46 - MyLogger.app - INFO - File received
2019-04-09 05:46 - MyLogger.app - INFO - Time checking quota: 0.0136
2019-04-09 05:46 - MyLogger.app - INFO - ImmutableMultiDict([('username', 'hyes92121'), ('uuid', '19795349')])
2019-04-09 05:46 - MyLogger.app - INFO - Time reading byte stream: 0.01149
2019-04-09 05:46 - MyLogger.app - INFO - Time transfering to file obj: 2.861e-06
2019-04-09 05:46 - MyLogger.app - INFO - ============================================
2019-04-09 05:46 - MyLogger.app - INFO - Try opening tar file
2019-04-09 05:46 - MyLogger.app - INFO - Try Extracting file
2019-04-09 05:46 - MyLogger.app - INFO - Cleaning up redundant files
2019-04-09 05:46 - MyLogger.app - INFO - Loading into api...
2019-04-09 05:46 - MyLogger.app - INFO - Done!
2019-04-09 05:46 - MyLogger.app - INFO - Deleting tmp-4f7c19171695 folder
2019-04-09 05:46 - MyLogger.app - INFO - ============================================
2019-04-09 05:50 - MyLogger.app - INFO - File received
2019-04-09 05:50 - MyLogger.app - INFO - Time checking quota: 0.0095
2019-04-09 05:50 - MyLogger.app - INFO - ImmutableMultiDict([('username', 'hyes92121'), ('uuid', '19795349')])
2019-04-09 05:50 - MyLogger.app - INFO - Time reading byte stream: 0.01548
2019-04-09 05:50 - MyLogger.app - INFO - Time transfering to file obj: 2.384e-06
2019-04-09 05:50 - MyLogger.app - INFO - ============================================
2019-04-09 05:50 - MyLogger.app - INFO - Try opening tar file
2019-04-09 05:50 - MyLogger.app - INFO - Try Extracting file
2019-04-09 05:50 - MyLogger.app - INFO - Cleaning up redundant files
2019-04-09 05:50 - MyLogger.app - INFO - Loading into api...
2019-04-09 05:50 - MyLogger.app - INFO - Done!
2019-04-09 05:50 - MyLogger.app - INFO - Deleting tmp-4f7c19171695 folder
2019-04-09 05:50 - MyLogger.app - INFO - ============================================
