2019-04-09 05:46 - MyLogger.app - INFO - File received
2019-04-09 05:46 - MyLogger.app - INFO - Time checking quota: 0.0126
2019-04-09 05:46 - MyLogger.app - INFO - ImmutableMultiDict([('username', 'hyes92121'), ('uuid', '19795349')])
2019-04-09 05:46 - MyLogger.app - INFO - Time reading byte stream: 0.01617
2019-04-09 05:46 - MyLogger.app - INFO - Time transfering to file obj: 3.338e-06
2019-04-09 05:46 - MyLogger.app - INFO - ============================================
2019-04-09 05:46 - MyLogger.app - INFO - Try opening tar file
2019-04-09 05:46 - MyLogger.app - INFO - Try Extracting file
2019-04-09 05:46 - MyLogger.app - INFO - Cleaning up redundant files
2019-04-09 05:46 - MyLogger.app - INFO - Loading into api...
2019-04-09 05:46 - MyLogger.app - INFO - Done!
2019-04-09 05:46 - MyLogger.app - INFO - Deleting tmp-736f673a3a06 folder
2019-04-09 05:46 - MyLogger.app - INFO - ============================================
2019-04-09 05:50 - MyLogger.app - INFO - File received
2019-04-09 05:50 - MyLogger.app - INFO - Time checking quota: 0.0081
2019-04-09 05:50 - MyLogger.app - INFO - ImmutableMultiDict([('username', 'hyes92121'), ('uuid', '19795349')])
2019-04-09 05:50 - MyLogger.app - INFO - Time reading byte stream: 0.01269
2019-04-09 05:50 - MyLogger.app - INFO - Time transfering to file obj: 2.146e-06
2019-04-09 05:50 - MyLogger.app - INFO - ============================================
2019-04-09 05:50 - MyLogger.app - INFO - Try opening tar file
2019-04-09 05:50 - MyLogger.app - INFO - Try Extracting file
2019-04-09 05:50 - MyLogger.app - INFO - Cleaning up redundant files
2019-04-09 05:50 - MyLogger.app - INFO - Loading into api...
2019-04-09 05:50 - MyLogger.app - INFO - Done!
2019-04-09 05:50 - MyLogger.app - INFO - Deleting tmp-736f673a3a06 folder
2019-04-09 05:50 - MyLogger.app - INFO - ============================================
2019-04-09 05:54 - MyLogger.app - INFO - File received
2019-04-09 05:54 - MyLogger.app - INFO - Time checking quota: 0.0102
2019-04-09 05:54 - MyLogger.app - INFO - ImmutableMultiDict([('username', 'vectominist'), ('uuid', '10238499')])
2019-04-09 05:54 - MyLogger.app - INFO - Time reading byte stream: 0.01611
2019-04-09 05:54 - MyLogger.app - INFO - Time transfering to file obj: 3.099e-06
2019-04-09 05:54 - MyLogger.app - INFO - ============================================
2019-04-09 05:54 - MyLogger.app - INFO - Try opening tar file
2019-04-09 05:54 - MyLogger.app - INFO - Try Extracting file
2019-04-09 05:54 - MyLogger.app - INFO - Cleaning up redundant files
2019-04-09 05:54 - MyLogger.app - INFO - Loading into api...
2019-04-09 05:54 - MyLogger.app - INFO - Done!
2019-04-09 05:54 - MyLogger.app - INFO - Deleting tmp-736f673a3a06 folder
2019-04-09 05:54 - MyLogger.app - INFO - ============================================
