2019-04-09 05:50 - MyLogger.app - INFO - File received
2019-04-09 05:50 - MyLogger.app - INFO - Time checking quota: 0.0121
2019-04-09 05:50 - MyLogger.app - INFO - ImmutableMultiDict([('username', 'hyes92121'), ('uuid', '19795349')])
2019-04-09 05:50 - MyLogger.app - INFO - Time reading byte stream: 0.007812
2019-04-09 05:50 - MyLogger.app - INFO - Time transfering to file obj: 2.623e-06
2019-04-09 05:50 - MyLogger.app - INFO - ============================================
2019-04-09 05:50 - MyLogger.app - INFO - Try opening tar file
2019-04-09 05:50 - MyLogger.app - INFO - Try Extracting file
2019-04-09 05:50 - MyLogger.app - INFO - Cleaning up redundant files
2019-04-09 05:50 - MyLogger.app - INFO - Loading into api...
2019-04-09 05:50 - MyLogger.app - INFO - Done!
2019-04-09 05:50 - MyLogger.app - INFO - Deleting tmp-984ee0534842 folder
2019-04-09 05:50 - MyLogger.app - INFO - ============================================
2019-04-09 05:52 - MyLogger.app - INFO - File received
2019-04-09 05:52 - MyLogger.app - INFO - Time checking quota: 0.0097
2019-04-09 05:52 - MyLogger.app - INFO - ImmutableMultiDict([('username', 'hyes92121'), ('uuid', '19795349')])
2019-04-09 05:52 - MyLogger.app - INFO - Time reading byte stream: 0.02348
2019-04-09 05:52 - MyLogger.app - INFO - Time transfering to file obj: 3.338e-06
2019-04-09 05:52 - MyLogger.app - INFO - ============================================
2019-04-09 05:52 - MyLogger.app - INFO - Try opening tar file
2019-04-09 05:52 - MyLogger.app - INFO - Try Extracting file
2019-04-09 05:52 - MyLogger.app - INFO - Cleaning up redundant files
2019-04-09 05:52 - MyLogger.app - INFO - Loading into api...
2019-04-09 05:52 - MyLogger.app - INFO - Done!
2019-04-09 05:52 - MyLogger.app - INFO - Deleting tmp-984ee0534842 folder
2019-04-09 05:52 - MyLogger.app - INFO - ============================================
