2019-04-09 05:47 - MyLogger.app - INFO - File received
2019-04-09 05:47 - MyLogger.app - INFO - Time checking quota: 0.0148
2019-04-09 05:47 - MyLogger.app - INFO - ImmutableMultiDict([('username', 'hyes92121'), ('uuid', '19795349')])
2019-04-09 05:47 - MyLogger.app - INFO - Time reading byte stream: 0.007498
2019-04-09 05:47 - MyLogger.app - INFO - Time transfering to file obj: 3.576e-06
2019-04-09 05:47 - MyLogger.app - INFO - ============================================
2019-04-09 05:47 - MyLogger.app - INFO - Try opening tar file
2019-04-09 05:47 - MyLogger.app - INFO - Try Extracting file
2019-04-09 05:47 - MyLogger.app - INFO - Cleaning up redundant files
2019-04-09 05:47 - MyLogger.app - INFO - Loading into api...
2019-04-09 05:47 - MyLogger.app - INFO - Done!
2019-04-09 05:47 - MyLogger.app - INFO - Deleting tmp-9b19762b13f0 folder
2019-04-09 05:47 - MyLogger.app - INFO - ============================================
2019-04-09 05:50 - MyLogger.app - INFO - File received
2019-04-09 05:50 - MyLogger.app - INFO - Time checking quota: 0.0089
2019-04-09 05:50 - MyLogger.app - INFO - ImmutableMultiDict([('username', 'hyes92121'), ('uuid', '19795349')])
2019-04-09 05:50 - MyLogger.app - INFO - Time reading byte stream: 0.01714
2019-04-09 05:50 - MyLogger.app - INFO - Time transfering to file obj: 3.099e-06
2019-04-09 05:50 - MyLogger.app - INFO - ============================================
2019-04-09 05:50 - MyLogger.app - INFO - Try opening tar file
2019-04-09 05:50 - MyLogger.app - INFO - Try Extracting file
2019-04-09 05:50 - MyLogger.app - INFO - Cleaning up redundant files
2019-04-09 05:50 - MyLogger.app - INFO - Loading into api...
2019-04-09 05:51 - MyLogger.app - INFO - Done!
2019-04-09 05:51 - MyLogger.app - INFO - Deleting tmp-9b19762b13f0 folder
2019-04-09 05:51 - MyLogger.app - INFO - ============================================
