2019-04-09 05:33 - MyLogger.app - INFO - File received
2019-04-09 05:33 - MyLogger.app - INFO - Time checking quota: 0.0100
2019-04-09 05:33 - MyLogger.app - INFO - ImmutableMultiDict([('username', 'hyes92121'), ('uuid', '19795349')])
2019-04-09 05:33 - MyLogger.app - INFO - Time reading byte stream: 0.006837
2019-04-09 05:33 - MyLogger.app - INFO - Time transfering to file obj: 3.815e-06
2019-04-09 05:33 - MyLogger.app - INFO - ============================================
2019-04-09 05:33 - MyLogger.app - INFO - Try opening tar file
2019-04-09 05:33 - MyLogger.app - INFO - Try Extracting file
2019-04-09 05:33 - MyLogger.app - INFO - Cleaning up redundant files
2019-04-09 05:33 - MyLogger.app - INFO - Loading into api...
2019-04-09 05:33 - MyLogger.app - INFO - Done!
2019-04-09 05:33 - MyLogger.app - INFO - Deleting tmp-20a1bd8ac62c folder
2019-04-09 05:33 - MyLogger.app - INFO - ============================================
2019-04-09 05:33 - MyLogger.app - INFO - File received
2019-04-09 05:33 - MyLogger.app - INFO - Time checking quota: 0.0082
2019-04-09 05:33 - MyLogger.app - INFO - ImmutableMultiDict([('username', 'hyes92121'), ('uuid', '19795349')])
2019-04-09 05:33 - MyLogger.app - INFO - Time reading byte stream: 0.0122
2019-04-09 05:33 - MyLogger.app - INFO - Time transfering to file obj: 2.623e-06
2019-04-09 05:33 - MyLogger.app - INFO - ============================================
2019-04-09 05:33 - MyLogger.app - INFO - Try opening tar file
2019-04-09 05:33 - MyLogger.app - INFO - Try Extracting file
2019-04-09 05:33 - MyLogger.app - INFO - Cleaning up redundant files
2019-04-09 05:33 - MyLogger.app - INFO - Loading into api...
2019-04-09 05:33 - MyLogger.app - INFO - Done!
2019-04-09 05:33 - MyLogger.app - INFO - Deleting tmp-20a1bd8ac62c folder
2019-04-09 05:33 - MyLogger.app - INFO - ============================================
2019-04-09 05:35 - MyLogger.app - INFO - File received
2019-04-09 05:35 - MyLogger.app - INFO - Time checking quota: 0.0104
2019-04-09 05:35 - MyLogger.app - INFO - ImmutableMultiDict([('username', 'hyes92121'), ('uuid', '19795349')])
2019-04-09 05:35 - MyLogger.app - INFO - Time reading byte stream: 0.01628
2019-04-09 05:35 - MyLogger.app - INFO - Time transfering to file obj: 2.384e-06
2019-04-09 05:35 - MyLogger.app - INFO - ============================================
2019-04-09 05:35 - MyLogger.app - INFO - Try opening tar file
2019-04-09 05:35 - MyLogger.app - INFO - Try Extracting file
2019-04-09 05:35 - MyLogger.app - INFO - Cleaning up redundant files
2019-04-09 05:35 - MyLogger.app - INFO - Loading into api...
2019-04-09 05:35 - MyLogger.app - INFO - Done!
2019-04-09 05:35 - MyLogger.app - INFO - Deleting tmp-20a1bd8ac62c folder
2019-04-09 05:35 - MyLogger.app - INFO - ============================================
